#
# There is insufficient memory for the Java Runtime Environment to continue.
# Native memory allocation (malloc) failed to allocate 1048576 bytes for AllocateHeap
# Possible reasons:
#   The system is out of physical RAM or swap space
#   The process is running with CompressedOops enabled, and the Java Heap may be blocking the growth of the native heap
# Possible solutions:
#   Reduce memory load on the system
#   Increase physical memory or swap space
#   Check if swap backing store is full
#   Decrease Java heap size (-Xmx/-Xms)
#   Decrease number of Java threads
#   Decrease Java thread stack sizes (-Xss)
#   Set larger code cache with -XX:ReservedCodeCacheSize=
#   JVM is running with Unscaled Compressed Oops mode in which the Java heap is
#     placed in the first 4GB address space. The Java Heap base address is the
#     maximum limit for the native heap growth. Please use -XX:HeapBaseMinAddress
#     to set the Java Heap base and to place the Java Heap above 4GB virtual address.
# This output file may be truncated or incomplete.
#
#  Out of Memory Error (allocation.cpp:44), pid=10676, tid=5108
#
# JRE version: OpenJDK Runtime Environment Temurin-17.0.7+7 (17.0.7+7) (build 17.0.7+7)
# Java VM: OpenJDK 64-Bit Server VM Temurin-17.0.7+7 (17.0.7+7, mixed mode, emulated-client, tiered, compressed oops, compressed class ptrs, g1 gc, windows-amd64)
# No core dump will be written. Minidumps are not enabled by default on client versions of Windows
#

---------------  S U M M A R Y ------------

Command Line: -XX:+HeapDumpOnOutOfMemoryError -Xmx1024m -Dsts.lsp.client=vscode -Dsts.log.file=/dev/null -XX:TieredStopAtLevel=1 -Xlog:jni+resolve=off -Dspring.config.location=file:c:\Users\rober\.vscode\extensions\vmware.vscode-spring-boot-1.46.0\language-server\BOOT-INF\classes\application.properties org.springframework.ide.vscode.boot.app.BootLanguageServerBootApp

Host: AMD Ryzen 5 3500U with Radeon Vega Mobile Gfx  , 8 cores, 5G,  Windows 10 , 64 bit Build 19041 (10.0.19041.2913)
Time: Mon May 29 17:55:52 2023 SA Pacific Standard Time elapsed time: 898.298893 seconds (0d 0h 14m 58s)

---------------  T H R E A D  ---------------

Current thread (0x000002b8af484960):  VMThread "VM Thread" [stack: 0x000000f75f800000,0x000000f75f900000] [id=5108]

Stack: [0x000000f75f800000,0x000000f75f900000]
Native frames: (J=compiled Java code, j=interpreted, Vv=VM code, C=native code)
V  [jvm.dll+0x67754a]
V  [jvm.dll+0x834304]
V  [jvm.dll+0x835aae]
V  [jvm.dll+0x836113]
V  [jvm.dll+0x24696f]
V  [jvm.dll+0xa681f]
V  [jvm.dll+0x2f73f3]
V  [jvm.dll+0x2f30f0]
V  [jvm.dll+0x2db6c7]
V  [jvm.dll+0x31e777]
V  [jvm.dll+0x83a5bb]
V  [jvm.dll+0x83b2f4]
V  [jvm.dll+0x83b80c]
V  [jvm.dll+0x83bbe4]
V  [jvm.dll+0x83bcb0]
V  [jvm.dll+0x7e4e7a]
V  [jvm.dll+0x676395]
C  [ucrtbase.dll+0x21bb2]
C  [KERNEL32.DLL+0x17614]
C  [ntdll.dll+0x526a1]

VM_Operation (0x000000f7611fece0): G1CollectFull, mode: safepoint, requested by thread 0x000002b8af4df4b0


---------------  P R O C E S S  ---------------

Threads class SMR info:
_java_thread_list=0x000002b8b6689260, length=28, elements={
0x000002b8af49d740, 0x000002b8af49f960, 0x000002b8af4dcc00, 0x000002b8af4ddb90,
0x000002b8af4e24d0, 0x000002b8af4e1660, 0x000002b8af4e3c50, 0x000002b8af4eba70,
0x000002b8af4e0320, 0x000002b8af4df980, 0x000002b8af4e1b30, 0x000002b8af4e29a0,
0x000002b8af4df4b0, 0x000002b8af4e2000, 0x000002b8af4dfe50, 0x000002b8af4e1190,
0x000002b8af4e2e70, 0x000002b8b45da6c0, 0x000002b8b45dab90, 0x000002b8b45da1f0,
0x000002b8b45db530, 0x000002b8b56da910, 0x000002b8b56d60e0, 0x000002b8b56d95d0,
0x000002b8b45db060, 0x000002b8b45dc3a0, 0x000002b8b45d9380, 0x000002b8b45dba00
}

Java Threads: ( => current thread )
  0x000002b8af49d740 JavaThread "Reference Handler" daemon [_thread_blocked, id=8908, stack(0x000000f75f900000,0x000000f75fa00000)]
  0x000002b8af49f960 JavaThread "Finalizer" daemon [_thread_blocked, id=7936, stack(0x000000f75fa00000,0x000000f75fb00000)]
  0x000002b8af4dcc00 JavaThread "Signal Dispatcher" daemon [_thread_blocked, id=8020, stack(0x000000f75fb00000,0x000000f75fc00000)]
  0x000002b8af4ddb90 JavaThread "Attach Listener" daemon [_thread_blocked, id=6304, stack(0x000000f75fc00000,0x000000f75fd00000)]
  0x000002b8af4e24d0 JavaThread "Service Thread" daemon [_thread_blocked, id=5420, stack(0x000000f75fd00000,0x000000f75fe00000)]
  0x000002b8af4e1660 JavaThread "Monitor Deflation Thread" daemon [_thread_blocked, id=7968, stack(0x000000f75fe00000,0x000000f75ff00000)]
  0x000002b8af4e3c50 JavaThread "C1 CompilerThread0" daemon [_thread_blocked, id=4536, stack(0x000000f75ff00000,0x000000f760000000)]
  0x000002b8af4eba70 JavaThread "Sweeper thread" daemon [_thread_blocked, id=10672, stack(0x000000f760000000,0x000000f760100000)]
  0x000002b8af4e0320 JavaThread "Notification Thread" daemon [_thread_blocked, id=11584, stack(0x000000f760300000,0x000000f760400000)]
  0x000002b8af4df980 JavaThread "Common-Cleaner" daemon [_thread_blocked, id=11116, stack(0x000000f760500000,0x000000f760600000)]
  0x000002b8af4e1b30 JavaThread "boundedElastic-evictor-1" daemon [_thread_blocked, id=5448, stack(0x000000f760d00000,0x000000f760e00000)]
  0x000002b8af4e29a0 JavaThread "boundedElastic-evictor-2" daemon [_thread_blocked, id=11480, stack(0x000000f761000000,0x000000f761100000)]
  0x000002b8af4df4b0 JavaThread "pool-10-thread-1" [_thread_blocked, id=11820, stack(0x000000f761100000,0x000000f761200000)]
  0x000002b8af4e2000 JavaThread "LanguageServerApp-lifecycle" [_thread_blocked, id=3156, stack(0x000000f761200000,0x000000f761300000)]
  0x000002b8af4dfe50 JavaThread "DestroyJavaVM" [_thread_blocked, id=11032, stack(0x000000f75f200000,0x000000f75f300000)]
  0x000002b8af4e1190 JavaThread "pool-11-thread-1" [_thread_in_native, id=3644, stack(0x000000f761300000,0x000000f761400000)]
  0x000002b8af4e2e70 JavaThread "Simple-Language-Server main thread" daemon [_thread_blocked, id=7892, stack(0x000000f761400000,0x000000f761500000)]
  0x000002b8b45da6c0 JavaThread "pool-6-thread-1" [_thread_blocked, id=12108, stack(0x000000f761800000,0x000000f761900000)]
  0x000002b8b45dab90 JavaThread "parallel-1" daemon [_thread_blocked, id=9576, stack(0x000000f762800000,0x000000f762900000)]
  0x000002b8b45da1f0 JavaThread "pool-4-thread-1" [_thread_blocked, id=11828, stack(0x000000f762f00000,0x000000f763000000)]
  0x000002b8b45db530 JavaThread "parallel-2" daemon [_thread_blocked, id=11900, stack(0x000000f763000000,0x000000f763100000)]
  0x000002b8b56da910 JavaThread "parallel-3" daemon [_thread_blocked, id=11676, stack(0x000000f761b00000,0x000000f761c00000)]
  0x000002b8b56d60e0 JavaThread "parallel-4" daemon [_thread_blocked, id=11888, stack(0x000000f761c00000,0x000000f761d00000)]
  0x000002b8b56d95d0 JavaThread "Reconciler-1" daemon [_thread_blocked, id=11528, stack(0x000000f761e00000,0x000000f761f00000)]
  0x000002b8b45db060 JavaThread "parallel-5" daemon [_thread_blocked, id=8352, stack(0x000000f75ef00000,0x000000f75f000000)]
  0x000002b8b45dc3a0 JavaThread "parallel-6" daemon [_thread_blocked, id=10576, stack(0x000000f75f000000,0x000000f75f100000)]
  0x000002b8b45d9380 JavaThread "parallel-7" daemon [_thread_blocked, id=11636, stack(0x000000f761500000,0x000000f761600000)]
  0x000002b8b45dba00 JavaThread "parallel-8" daemon [_thread_blocked, id=11096, stack(0x000000f761600000,0x000000f761700000)]

Other Threads:
=>0x000002b8af484960 VMThread "VM Thread" [stack: 0x000000f75f800000,0x000000f75f900000] [id=5108]
  0x000002b8a27241e0 WatcherThread [stack: 0x000000f760400000,0x000000f760500000] [id=10864]
  0x000002b8a2713b00 GCTaskThread "GC Thread#0" [stack: 0x000000f75f300000,0x000000f75f400000] [id=3008]
  0x000002b8b47144e0 GCTaskThread "GC Thread#1" [stack: 0x000000f760600000,0x000000f760700000] [id=7796]
  0x000002b8b47ccef0 GCTaskThread "GC Thread#2" [stack: 0x000000f760700000,0x000000f760800000] [id=4208]
  0x000002b8b47cd1a0 GCTaskThread "GC Thread#3" [stack: 0x000000f760800000,0x000000f760900000] [id=744]
  0x000002b8b47cd860 GCTaskThread "GC Thread#4" [stack: 0x000000f760900000,0x000000f760a00000] [id=7088]
  0x000002b8af6c9860 GCTaskThread "GC Thread#5" [stack: 0x000000f760a00000,0x000000f760b00000] [id=10808]
  0x000002b8af6c9b10 GCTaskThread "GC Thread#6" [stack: 0x000000f760b00000,0x000000f760c00000] [id=12160]
  0x000002b8af6c9dc0 GCTaskThread "GC Thread#7" [stack: 0x000000f760c00000,0x000000f760d00000] [id=8180]
  0x000002b8a271c850 ConcurrentGCThread "G1 Main Marker" [stack: 0x000000f75f400000,0x000000f75f500000] [id=11036]
  0x000002b8a271d810 ConcurrentGCThread "G1 Conc#0" [stack: 0x000000f75f500000,0x000000f75f600000] [id=11028]
  0x000002b8b4bb09e0 ConcurrentGCThread "G1 Conc#1" [stack: 0x000000f760f00000,0x000000f761000000] [id=12256]
  0x000002b8a2793600 ConcurrentGCThread "G1 Refine#0" [stack: 0x000000f75f600000,0x000000f75f700000] [id=9388]
  0x000002b8b5513050 ConcurrentGCThread "G1 Refine#1" [stack: 0x000000f762c00000,0x000000f762d00000] [id=12000]
  0x000002b8b535cf50 ConcurrentGCThread "G1 Refine#2" [stack: 0x000000f762d00000,0x000000f762e00000] [id=11868]
  0x000002b8b58560a0 ConcurrentGCThread "G1 Refine#3" [stack: 0x000000f762e00000,0x000000f762f00000] [id=11516]
  0x000002b8b5a0edb0 ConcurrentGCThread "G1 Refine#4" [stack: 0x000000f763500000,0x000000f763600000] [id=6552]
  0x000002b8b5283ba0 ConcurrentGCThread "G1 Refine#5" [stack: 0x000000f763600000,0x000000f763700000] [id=11880]
  0x000002b8a2793e30 ConcurrentGCThread "G1 Service" [stack: 0x000000f75f700000,0x000000f75f800000] [id=11024]

Threads with active compile tasks:

VM state: at safepoint (normal execution)

VM Mutex/Monitor currently owned by a thread:  ([mutex/lock_event])
[0x000002b8a25db710] Threads_lock - owner thread: 0x000002b8af484960
[0x000002b8a26d08a0] Heap_lock - owner thread: 0x000002b8af4df4b0

Heap address: 0x00000000c0000000, size: 1024 MB, Compressed Oops mode: 32-bit

CDS archive(s) not mapped
Compressed class space mapped at: 0x0000000100000000-0x0000000140000000, reserved size: 1073741824
Narrow klass base: 0x0000000000000000, Narrow klass shift: 3, Narrow klass range: 0x140000000

GC Precious Log:
 CPUs: 8 total, 8 available
 Memory: 6091M
 Large Page Support: Disabled
 NUMA Support: Disabled
 Compressed Oops: Enabled (32-bit)
 Heap Region Size: 1M
 Heap Min Capacity: 8M
 Heap Initial Capacity: 96M
 Heap Max Capacity: 1G
 Pre-touch: Disabled
 Parallel Workers: 8
 Concurrent Workers: 2
 Concurrent Refinement Workers: 8
 Periodic GC: Disabled

Heap:
 garbage-first heap   total 304128K, used 95798K [0x00000000c0000000, 0x0000000100000000)
  region size 1024K, 1 young (1024K), 0 survivors (0K)
 Metaspace       used 71696K, committed 72192K, reserved 1114112K
  class space    used 9807K, committed 10048K, reserved 1048576K

Heap Regions: E=young(eden), S=young(survivor), O=old, HS=humongous(starts), HC=humongous(continues), CS=collection set, F=free, OA=open archive, CA=closed archive, TAMS=top-at-mark-start (previous, next)
|   0|0x00000000c0000000, 0x00000000c00ffff0, 0x00000000c0100000| 99%| O|  |TAMS 0x00000000c00ffff0, 0x00000000c0000000| Untracked 
|   1|0x00000000c0100000, 0x00000000c01fffb0, 0x00000000c0200000| 99%| O|  |TAMS 0x00000000c01fffb0, 0x00000000c0100000| Untracked 
|   2|0x00000000c0200000, 0x00000000c02ffff0, 0x00000000c0300000| 99%| O|  |TAMS 0x00000000c02ffff0, 0x00000000c0200000| Untracked 
|   3|0x00000000c0300000, 0x00000000c0400000, 0x00000000c0400000|100%| O|  |TAMS 0x00000000c0400000, 0x00000000c0300000| Untracked 
|   4|0x00000000c0400000, 0x00000000c04fffe8, 0x00000000c0500000| 99%| O|  |TAMS 0x00000000c04fffe8, 0x00000000c0400000| Untracked 
|   5|0x00000000c0500000, 0x00000000c05ffff0, 0x00000000c0600000| 99%| O|  |TAMS 0x00000000c05ffff0, 0x00000000c0500000| Untracked 
|   6|0x00000000c0600000, 0x00000000c0700000, 0x00000000c0700000|100%| O|  |TAMS 0x00000000c0700000, 0x00000000c0600000| Untracked 
|   7|0x00000000c0700000, 0x00000000c07ffff8, 0x00000000c0800000| 99%| O|  |TAMS 0x00000000c07ffff8, 0x00000000c0700000| Untracked 
|   8|0x00000000c0800000, 0x00000000c08fffd8, 0x00000000c0900000| 99%| O|  |TAMS 0x00000000c08fffd8, 0x00000000c0800000| Untracked 
|   9|0x00000000c0900000, 0x00000000c09fffe0, 0x00000000c0a00000| 99%| O|  |TAMS 0x00000000c09fffe0, 0x00000000c0900000| Untracked 
|  10|0x00000000c0a00000, 0x00000000c0afffe0, 0x00000000c0b00000| 99%| O|  |TAMS 0x00000000c0afffe0, 0x00000000c0a00000| Untracked 
|  11|0x00000000c0b00000, 0x00000000c0bffff0, 0x00000000c0c00000| 99%| O|  |TAMS 0x00000000c0bffff0, 0x00000000c0b00000| Untracked 
|  12|0x00000000c0c00000, 0x00000000c0cffff8, 0x00000000c0d00000| 99%| O|  |TAMS 0x00000000c0cffff8, 0x00000000c0c00000| Untracked 
|  13|0x00000000c0d00000, 0x00000000c0dffff8, 0x00000000c0e00000| 99%| O|  |TAMS 0x00000000c0dffff8, 0x00000000c0d00000| Untracked 
|  14|0x00000000c0e00000, 0x00000000c0efffb8, 0x00000000c0f00000| 99%| O|  |TAMS 0x00000000c0efffb8, 0x00000000c0e00000| Untracked 
|  15|0x00000000c0f00000, 0x00000000c0fffff8, 0x00000000c1000000| 99%| O|  |TAMS 0x00000000c0fffff8, 0x00000000c0f00000| Untracked 
|  16|0x00000000c1000000, 0x00000000c10ffff8, 0x00000000c1100000| 99%| O|  |TAMS 0x00000000c10ffff8, 0x00000000c1000000| Untracked 
|  17|0x00000000c1100000, 0x00000000c11fffe0, 0x00000000c1200000| 99%| O|  |TAMS 0x00000000c11fffe0, 0x00000000c1100000| Untracked 
|  18|0x00000000c1200000, 0x00000000c12ffff8, 0x00000000c1300000| 99%| O|  |TAMS 0x00000000c12ffff8, 0x00000000c1200000| Untracked 
|  19|0x00000000c1300000, 0x00000000c13fffb0, 0x00000000c1400000| 99%| O|  |TAMS 0x00000000c13fffb0, 0x00000000c1300000| Untracked 
|  20|0x00000000c1400000, 0x00000000c14ffff8, 0x00000000c1500000| 99%| O|  |TAMS 0x00000000c14ffff8, 0x00000000c1400000| Untracked 
|  21|0x00000000c1500000, 0x00000000c1600000, 0x00000000c1600000|100%| O|  |TAMS 0x00000000c1600000, 0x00000000c1500000| Untracked 
|  22|0x00000000c1600000, 0x00000000c16ffff0, 0x00000000c1700000| 99%| O|  |TAMS 0x00000000c16ffff0, 0x00000000c1600000| Untracked 
|  23|0x00000000c1700000, 0x00000000c17ffff0, 0x00000000c1800000| 99%| O|  |TAMS 0x00000000c17ffff0, 0x00000000c1700000| Untracked 
|  24|0x00000000c1800000, 0x00000000c18ffff8, 0x00000000c1900000| 99%| O|  |TAMS 0x00000000c18ffff8, 0x00000000c1800000| Untracked 
|  25|0x00000000c1900000, 0x00000000c19ffff8, 0x00000000c1a00000| 99%| O|  |TAMS 0x00000000c19ffff8, 0x00000000c1900000| Untracked 
|  26|0x00000000c1a00000, 0x00000000c1affe58, 0x00000000c1b00000| 99%| O|  |TAMS 0x00000000c1affe58, 0x00000000c1a00000| Untracked 
|  27|0x00000000c1b00000, 0x00000000c1bffff0, 0x00000000c1c00000| 99%| O|  |TAMS 0x00000000c1bffff0, 0x00000000c1b00000| Untracked 
|  28|0x00000000c1c00000, 0x00000000c1cfffd8, 0x00000000c1d00000| 99%| O|  |TAMS 0x00000000c1cfffd8, 0x00000000c1c00000| Untracked 
|  29|0x00000000c1d00000, 0x00000000c1dfff88, 0x00000000c1e00000| 99%| O|  |TAMS 0x00000000c1dfff88, 0x00000000c1d00000| Untracked 
|  30|0x00000000c1e00000, 0x00000000c1efffe8, 0x00000000c1f00000| 99%| O|  |TAMS 0x00000000c1efffe8, 0x00000000c1e00000| Untracked 
|  31|0x00000000c1f00000, 0x00000000c1ff97e0, 0x00000000c2000000| 97%| O|  |TAMS 0x00000000c1ff97e0, 0x00000000c1f00000| Untracked 
|  32|0x00000000c2000000, 0x00000000c20fffd8, 0x00000000c2100000| 99%| O|  |TAMS 0x00000000c20fffd8, 0x00000000c2000000| Untracked 
|  33|0x00000000c2100000, 0x00000000c21fffa8, 0x00000000c2200000| 99%| O|  |TAMS 0x00000000c21fffa8, 0x00000000c2100000| Untracked 
|  34|0x00000000c2200000, 0x00000000c22ffff8, 0x00000000c2300000| 99%| O|  |TAMS 0x00000000c22ffff8, 0x00000000c2200000| Untracked 
|  35|0x00000000c2300000, 0x00000000c23fdb00, 0x00000000c2400000| 99%| O|  |TAMS 0x00000000c23fdb00, 0x00000000c2300000| Untracked 
|  36|0x00000000c2400000, 0x00000000c24ffee8, 0x00000000c2500000| 99%| O|  |TAMS 0x00000000c24ffee8, 0x00000000c2400000| Untracked 
|  37|0x00000000c2500000, 0x00000000c25fffb8, 0x00000000c2600000| 99%| O|  |TAMS 0x00000000c25fffb8, 0x00000000c2500000| Untracked 
|  38|0x00000000c2600000, 0x00000000c26fffd8, 0x00000000c2700000| 99%| O|  |TAMS 0x00000000c26fffd8, 0x00000000c2600000| Untracked 
|  39|0x00000000c2700000, 0x00000000c27ffff8, 0x00000000c2800000| 99%| O|  |TAMS 0x00000000c27ffff8, 0x00000000c2700000| Untracked 
|  40|0x00000000c2800000, 0x00000000c28fffe8, 0x00000000c2900000| 99%| O|  |TAMS 0x00000000c28fffe8, 0x00000000c2800000| Untracked 
|  41|0x00000000c2900000, 0x00000000c29ffff0, 0x00000000c2a00000| 99%| O|  |TAMS 0x00000000c29ffff0, 0x00000000c2900000| Untracked 
|  42|0x00000000c2a00000, 0x00000000c2afffb8, 0x00000000c2b00000| 99%| O|  |TAMS 0x00000000c2afffb8, 0x00000000c2a00000| Untracked 
|  43|0x00000000c2b00000, 0x00000000c2c00000, 0x00000000c2c00000|100%| O|  |TAMS 0x00000000c2c00000, 0x00000000c2b00000| Untracked 
|  44|0x00000000c2c00000, 0x00000000c2cff900, 0x00000000c2d00000| 99%| O|  |TAMS 0x00000000c2cff900, 0x00000000c2c00000| Untracked 
|  45|0x00000000c2d00000, 0x00000000c2dffff0, 0x00000000c2e00000| 99%| O|  |TAMS 0x00000000c2dffff0, 0x00000000c2d00000| Untracked 
|  46|0x00000000c2e00000, 0x00000000c2effff0, 0x00000000c2f00000| 99%| O|  |TAMS 0x00000000c2effff0, 0x00000000c2e00000| Untracked 
|  47|0x00000000c2f00000, 0x00000000c3000000, 0x00000000c3000000|100%| O|  |TAMS 0x00000000c3000000, 0x00000000c2f00000| Untracked 
|  48|0x00000000c3000000, 0x00000000c3100000, 0x00000000c3100000|100%| O|  |TAMS 0x00000000c3100000, 0x00000000c3000000| Untracked 
|  49|0x00000000c3100000, 0x00000000c31fffb8, 0x00000000c3200000| 99%| O|  |TAMS 0x00000000c31fffb8, 0x00000000c3100000| Untracked 
|  50|0x00000000c3200000, 0x00000000c3300000, 0x00000000c3300000|100%|HS|  |TAMS 0x00000000c3300000, 0x00000000c3200000| Untracked 
|  51|0x00000000c3300000, 0x00000000c33fffe0, 0x00000000c3400000| 99%| O|  |TAMS 0x00000000c33fffe0, 0x00000000c3300000| Untracked 
|  52|0x00000000c3400000, 0x00000000c34ffff0, 0x00000000c3500000| 99%| O|  |TAMS 0x00000000c34ffff0, 0x00000000c3400000| Untracked 
|  53|0x00000000c3500000, 0x00000000c35fffe0, 0x00000000c3600000| 99%| O|  |TAMS 0x00000000c35fffe0, 0x00000000c3500000| Untracked 
|  54|0x00000000c3600000, 0x00000000c36ffff0, 0x00000000c3700000| 99%| O|  |TAMS 0x00000000c36ffff0, 0x00000000c3600000| Untracked 
|  55|0x00000000c3700000, 0x00000000c37ffff8, 0x00000000c3800000| 99%| O|  |TAMS 0x00000000c37ffff8, 0x00000000c3700000| Untracked 
|  56|0x00000000c3800000, 0x00000000c38ffff0, 0x00000000c3900000| 99%| O|  |TAMS 0x00000000c38ffff0, 0x00000000c3800000| Untracked 
|  57|0x00000000c3900000, 0x00000000c39fffe8, 0x00000000c3a00000| 99%| O|  |TAMS 0x00000000c39fffe8, 0x00000000c3900000| Untracked 
|  58|0x00000000c3a00000, 0x00000000c3afffe0, 0x00000000c3b00000| 99%| O|  |TAMS 0x00000000c3afffe0, 0x00000000c3a00000| Untracked 
|  59|0x00000000c3b00000, 0x00000000c3bfffc8, 0x00000000c3c00000| 99%| O|  |TAMS 0x00000000c3bfffc8, 0x00000000c3b00000| Untracked 
|  60|0x00000000c3c00000, 0x00000000c3cffff0, 0x00000000c3d00000| 99%| O|  |TAMS 0x00000000c3cffff0, 0x00000000c3c00000| Untracked 
|  61|0x00000000c3d00000, 0x00000000c3dfffd8, 0x00000000c3e00000| 99%| O|  |TAMS 0x00000000c3dfffd8, 0x00000000c3d00000| Untracked 
|  62|0x00000000c3e00000, 0x00000000c3efffe0, 0x00000000c3f00000| 99%| O|  |TAMS 0x00000000c3efffe0, 0x00000000c3e00000| Untracked 
|  63|0x00000000c3f00000, 0x00000000c4000000, 0x00000000c4000000|100%| O|  |TAMS 0x00000000c4000000, 0x00000000c3f00000| Untracked 
|  64|0x00000000c4000000, 0x00000000c40ffff8, 0x00000000c4100000| 99%| O|  |TAMS 0x00000000c40ffff8, 0x00000000c4000000| Untracked 
|  65|0x00000000c4100000, 0x00000000c4200000, 0x00000000c4200000|100%| O|  |TAMS 0x00000000c4200000, 0x00000000c4100000| Untracked 
|  66|0x00000000c4200000, 0x00000000c4300000, 0x00000000c4300000|100%| O|  |TAMS 0x00000000c4300000, 0x00000000c4200000| Untracked 
|  67|0x00000000c4300000, 0x00000000c43ffff8, 0x00000000c4400000| 99%| O|  |TAMS 0x00000000c43ffff8, 0x00000000c4300000| Untracked 
|  68|0x00000000c4400000, 0x00000000c44fffc8, 0x00000000c4500000| 99%| O|  |TAMS 0x00000000c44fffc8, 0x00000000c4400000| Untracked 
|  69|0x00000000c4500000, 0x00000000c45ffff8, 0x00000000c4600000| 99%| O|  |TAMS 0x00000000c45ffff8, 0x00000000c4500000| Untracked 
|  70|0x00000000c4600000, 0x00000000c46fffe0, 0x00000000c4700000| 99%| O|  |TAMS 0x00000000c46fffe0, 0x00000000c4600000| Untracked 
|  71|0x00000000c4700000, 0x00000000c47ffff8, 0x00000000c4800000| 99%| O|  |TAMS 0x00000000c47ffff8, 0x00000000c4700000| Untracked 
|  72|0x00000000c4800000, 0x00000000c48ffff0, 0x00000000c4900000| 99%| O|  |TAMS 0x00000000c48ffff0, 0x00000000c4800000| Untracked 
|  73|0x00000000c4900000, 0x00000000c49db7c8, 0x00000000c4a00000| 85%| O|  |TAMS 0x00000000c4900000, 0x00000000c4900000| Untracked 
|  74|0x00000000c4a00000, 0x00000000c4afffd8, 0x00000000c4b00000| 99%| O|  |TAMS 0x00000000c4afffd8, 0x00000000c4a00000| Untracked 
|  75|0x00000000c4b00000, 0x00000000c4bffff8, 0x00000000c4c00000| 99%| O|  |TAMS 0x00000000c4bffff8, 0x00000000c4b00000| Untracked 
|  76|0x00000000c4c00000, 0x00000000c4cffff8, 0x00000000c4d00000| 99%| O|  |TAMS 0x00000000c4cffff8, 0x00000000c4c00000| Untracked 
|  77|0x00000000c4d00000, 0x00000000c4dfffc8, 0x00000000c4e00000| 99%| O|  |TAMS 0x00000000c4dfffc8, 0x00000000c4d00000| Untracked 
|  78|0x00000000c4e00000, 0x00000000c4efffe0, 0x00000000c4f00000| 99%| O|  |TAMS 0x00000000c4efffe0, 0x00000000c4e00000| Untracked 
|  79|0x00000000c4f00000, 0x00000000c4fffff0, 0x00000000c5000000| 99%| O|  |TAMS 0x00000000c4fffff0, 0x00000000c4f00000| Untracked 
|  80|0x00000000c5000000, 0x00000000c50ffff8, 0x00000000c5100000| 99%| O|  |TAMS 0x00000000c50ffff8, 0x00000000c5000000| Untracked 
|  81|0x00000000c5100000, 0x00000000c51584e8, 0x00000000c5200000| 34%| O|  |TAMS 0x00000000c5100000, 0x00000000c5100000| Untracked 
|  82|0x00000000c5200000, 0x00000000c5300000, 0x00000000c5300000|100%|HS|  |TAMS 0x00000000c5300000, 0x00000000c5200000| Untracked 
|  83|0x00000000c5300000, 0x00000000c5400000, 0x00000000c5400000|100%|HC|  |TAMS 0x00000000c5400000, 0x00000000c5300000| Untracked 
|  84|0x00000000c5400000, 0x00000000c5500000, 0x00000000c5500000|100%|HC|  |TAMS 0x00000000c5500000, 0x00000000c5400000| Untracked 
|  85|0x00000000c5500000, 0x00000000c554c000, 0x00000000c5600000| 29%| O|  |TAMS 0x00000000c5500000, 0x00000000c5500000| Untracked 
|  86|0x00000000c5600000, 0x00000000c56f9688, 0x00000000c5700000| 97%| O|  |TAMS 0x00000000c56f9688, 0x00000000c5600000| Untracked 
|  87|0x00000000c5700000, 0x00000000c57fffe0, 0x00000000c5800000| 99%| O|  |TAMS 0x00000000c57fffe0, 0x00000000c5700000| Untracked 
|  88|0x00000000c5800000, 0x00000000c58f6120, 0x00000000c5900000| 96%| O|  |TAMS 0x00000000c58f6120, 0x00000000c5800000| Untracked 
|  89|0x00000000c5900000, 0x00000000c59282e0, 0x00000000c5a00000| 15%| O|  |TAMS 0x00000000c5900000, 0x00000000c5900000| Untracked 
|  90|0x00000000c5a00000, 0x00000000c5a00048, 0x00000000c5b00000|  0%| O|  |TAMS 0x00000000c5a00000, 0x00000000c5a00000| Untracked 
|  91|0x00000000c5b00000, 0x00000000c5bfffe8, 0x00000000c5c00000| 99%| O|  |TAMS 0x00000000c5bfffe8, 0x00000000c5b00000| Untracked 
|  92|0x00000000c5c00000, 0x00000000c5c00000, 0x00000000c5d00000|  0%| F|  |TAMS 0x00000000c5c00000, 0x00000000c5c00000| Untracked 
|  93|0x00000000c5d00000, 0x00000000c5d00000, 0x00000000c5e00000|  0%| F|  |TAMS 0x00000000c5d00000, 0x00000000c5d00000| Untracked 
|  94|0x00000000c5e00000, 0x00000000c5e00000, 0x00000000c5f00000|  0%| F|  |TAMS 0x00000000c5e00000, 0x00000000c5e00000| Untracked 
|  95|0x00000000c5f00000, 0x00000000c5f00000, 0x00000000c6000000|  0%| F|  |TAMS 0x00000000c5f00000, 0x00000000c5f00000| Untracked 
|  96|0x00000000c6000000, 0x00000000c6000000, 0x00000000c6100000|  0%| F|  |TAMS 0x00000000c6000000, 0x00000000c6000000| Untracked 
|  97|0x00000000c6100000, 0x00000000c6100000, 0x00000000c6200000|  0%| F|  |TAMS 0x00000000c6100000, 0x00000000c6100000| Untracked 
|  98|0x00000000c6200000, 0x00000000c6200000, 0x00000000c6300000|  0%| F|  |TAMS 0x00000000c6200000, 0x00000000c6200000| Untracked 
|  99|0x00000000c6300000, 0x00000000c6300000, 0x00000000c6400000|  0%| F|  |TAMS 0x00000000c6300000, 0x00000000c6300000| Untracked 
| 100|0x00000000c6400000, 0x00000000c6400000, 0x00000000c6500000|  0%| F|  |TAMS 0x00000000c6400000, 0x00000000c6400000| Untracked 
| 101|0x00000000c6500000, 0x00000000c6500000, 0x00000000c6600000|  0%| F|  |TAMS 0x00000000c6500000, 0x00000000c6500000| Untracked 
| 102|0x00000000c6600000, 0x00000000c6600000, 0x00000000c6700000|  0%| F|  |TAMS 0x00000000c6600000, 0x00000000c6600000| Untracked 
| 103|0x00000000c6700000, 0x00000000c6700000, 0x00000000c6800000|  0%| F|  |TAMS 0x00000000c6700000, 0x00000000c6700000| Untracked 
| 104|0x00000000c6800000, 0x00000000c6800000, 0x00000000c6900000|  0%| F|  |TAMS 0x00000000c6800000, 0x00000000c6800000| Untracked 
| 105|0x00000000c6900000, 0x00000000c6900000, 0x00000000c6a00000|  0%| F|  |TAMS 0x00000000c6900000, 0x00000000c6900000| Untracked 
| 106|0x00000000c6a00000, 0x00000000c6a00000, 0x00000000c6b00000|  0%| F|  |TAMS 0x00000000c6a00000, 0x00000000c6a00000| Untracked 
| 107|0x00000000c6b00000, 0x00000000c6b00000, 0x00000000c6c00000|  0%| F|  |TAMS 0x00000000c6b00000, 0x00000000c6b00000| Untracked 
| 108|0x00000000c6c00000, 0x00000000c6c00000, 0x00000000c6d00000|  0%| F|  |TAMS 0x00000000c6c00000, 0x00000000c6c00000| Untracked 
| 109|0x00000000c6d00000, 0x00000000c6d00000, 0x00000000c6e00000|  0%| F|  |TAMS 0x00000000c6d00000, 0x00000000c6d00000| Untracked 
| 110|0x00000000c6e00000, 0x00000000c6e00000, 0x00000000c6f00000|  0%| F|  |TAMS 0x00000000c6e00000, 0x00000000c6e00000| Untracked 
| 111|0x00000000c6f00000, 0x00000000c6f00000, 0x00000000c7000000|  0%| F|  |TAMS 0x00000000c6f00000, 0x00000000c6f00000| Untracked 
| 112|0x00000000c7000000, 0x00000000c7000000, 0x00000000c7100000|  0%| F|  |TAMS 0x00000000c7000000, 0x00000000c7000000| Untracked 
| 113|0x00000000c7100000, 0x00000000c7100000, 0x00000000c7200000|  0%| F|  |TAMS 0x00000000c7100000, 0x00000000c7100000| Untracked 
| 114|0x00000000c7200000, 0x00000000c7200000, 0x00000000c7300000|  0%| F|  |TAMS 0x00000000c7200000, 0x00000000c7200000| Untracked 
| 115|0x00000000c7300000, 0x00000000c7300000, 0x00000000c7400000|  0%| F|  |TAMS 0x00000000c7300000, 0x00000000c7300000| Untracked 
| 116|0x00000000c7400000, 0x00000000c7400000, 0x00000000c7500000|  0%| F|  |TAMS 0x00000000c7400000, 0x00000000c7400000| Untracked 
| 117|0x00000000c7500000, 0x00000000c7500000, 0x00000000c7600000|  0%| F|  |TAMS 0x00000000c7500000, 0x00000000c7500000| Untracked 
| 118|0x00000000c7600000, 0x00000000c7600000, 0x00000000c7700000|  0%| F|  |TAMS 0x00000000c7600000, 0x00000000c7600000| Untracked 
| 119|0x00000000c7700000, 0x00000000c7700000, 0x00000000c7800000|  0%| F|  |TAMS 0x00000000c7700000, 0x00000000c7700000| Untracked 
| 120|0x00000000c7800000, 0x00000000c7800000, 0x00000000c7900000|  0%| F|  |TAMS 0x00000000c7800000, 0x00000000c7800000| Untracked 
| 121|0x00000000c7900000, 0x00000000c7900000, 0x00000000c7a00000|  0%| F|  |TAMS 0x00000000c7900000, 0x00000000c7900000| Untracked 
| 122|0x00000000c7a00000, 0x00000000c7a00000, 0x00000000c7b00000|  0%| F|  |TAMS 0x00000000c7a00000, 0x00000000c7a00000| Untracked 
| 123|0x00000000c7b00000, 0x00000000c7b00000, 0x00000000c7c00000|  0%| F|  |TAMS 0x00000000c7b00000, 0x00000000c7b00000| Untracked 
| 124|0x00000000c7c00000, 0x00000000c7c00000, 0x00000000c7d00000|  0%| F|  |TAMS 0x00000000c7c00000, 0x00000000c7c00000| Untracked 
| 125|0x00000000c7d00000, 0x00000000c7d00000, 0x00000000c7e00000|  0%| F|  |TAMS 0x00000000c7d00000, 0x00000000c7d00000| Untracked 
| 126|0x00000000c7e00000, 0x00000000c7e00000, 0x00000000c7f00000|  0%| F|  |TAMS 0x00000000c7e00000, 0x00000000c7e00000| Untracked 
| 127|0x00000000c7f00000, 0x00000000c7f00000, 0x00000000c8000000|  0%| F|  |TAMS 0x00000000c7f00000, 0x00000000c7f00000| Untracked 
| 128|0x00000000c8000000, 0x00000000c8000000, 0x00000000c8100000|  0%| F|  |TAMS 0x00000000c8000000, 0x00000000c8000000| Untracked 
| 129|0x00000000c8100000, 0x00000000c8100000, 0x00000000c8200000|  0%| F|  |TAMS 0x00000000c8100000, 0x00000000c8100000| Untracked 
| 130|0x00000000c8200000, 0x00000000c8200000, 0x00000000c8300000|  0%| F|  |TAMS 0x00000000c8200000, 0x00000000c8200000| Untracked 
| 131|0x00000000c8300000, 0x00000000c8300000, 0x00000000c8400000|  0%| F|  |TAMS 0x00000000c8300000, 0x00000000c8300000| Untracked 
| 132|0x00000000c8400000, 0x00000000c8400000, 0x00000000c8500000|  0%| F|  |TAMS 0x00000000c8400000, 0x00000000c8400000| Untracked 
| 133|0x00000000c8500000, 0x00000000c8500000, 0x00000000c8600000|  0%| F|  |TAMS 0x00000000c8500000, 0x00000000c8500000| Untracked 
| 134|0x00000000c8600000, 0x00000000c8600000, 0x00000000c8700000|  0%| F|  |TAMS 0x00000000c8600000, 0x00000000c8600000| Untracked 
| 135|0x00000000c8700000, 0x00000000c8700000, 0x00000000c8800000|  0%| F|  |TAMS 0x00000000c8700000, 0x00000000c8700000| Untracked 
| 136|0x00000000c8800000, 0x00000000c8800000, 0x00000000c8900000|  0%| F|  |TAMS 0x00000000c8800000, 0x00000000c8800000| Untracked 
| 137|0x00000000c8900000, 0x00000000c8900000, 0x00000000c8a00000|  0%| F|  |TAMS 0x00000000c8900000, 0x00000000c8900000| Untracked 
| 138|0x00000000c8a00000, 0x00000000c8a00000, 0x00000000c8b00000|  0%| F|  |TAMS 0x00000000c8a00000, 0x00000000c8a00000| Untracked 
| 139|0x00000000c8b00000, 0x00000000c8b00000, 0x00000000c8c00000|  0%| F|  |TAMS 0x00000000c8b00000, 0x00000000c8b00000| Untracked 
| 140|0x00000000c8c00000, 0x00000000c8c00000, 0x00000000c8d00000|  0%| F|  |TAMS 0x00000000c8c00000, 0x00000000c8c00000| Untracked 
| 141|0x00000000c8d00000, 0x00000000c8d00000, 0x00000000c8e00000|  0%| F|  |TAMS 0x00000000c8d00000, 0x00000000c8d00000| Untracked 
| 142|0x00000000c8e00000, 0x00000000c8e00000, 0x00000000c8f00000|  0%| F|  |TAMS 0x00000000c8e00000, 0x00000000c8e00000| Untracked 
| 143|0x00000000c8f00000, 0x00000000c8f00000, 0x00000000c9000000|  0%| F|  |TAMS 0x00000000c8f00000, 0x00000000c8f00000| Untracked 
| 144|0x00000000c9000000, 0x00000000c9000000, 0x00000000c9100000|  0%| F|  |TAMS 0x00000000c9000000, 0x00000000c9000000| Untracked 
| 145|0x00000000c9100000, 0x00000000c9100000, 0x00000000c9200000|  0%| F|  |TAMS 0x00000000c9100000, 0x00000000c9100000| Untracked 
| 146|0x00000000c9200000, 0x00000000c9200000, 0x00000000c9300000|  0%| F|  |TAMS 0x00000000c9200000, 0x00000000c9200000| Untracked 
| 147|0x00000000c9300000, 0x00000000c9300000, 0x00000000c9400000|  0%| F|  |TAMS 0x00000000c9300000, 0x00000000c9300000| Untracked 
| 148|0x00000000c9400000, 0x00000000c9400000, 0x00000000c9500000|  0%| F|  |TAMS 0x00000000c9400000, 0x00000000c9400000| Untracked 
| 149|0x00000000c9500000, 0x00000000c9500000, 0x00000000c9600000|  0%| F|  |TAMS 0x00000000c9500000, 0x00000000c9500000| Untracked 
| 150|0x00000000c9600000, 0x00000000c9600000, 0x00000000c9700000|  0%| F|  |TAMS 0x00000000c9600000, 0x00000000c9600000| Untracked 
| 151|0x00000000c9700000, 0x00000000c9700000, 0x00000000c9800000|  0%| F|  |TAMS 0x00000000c9700000, 0x00000000c9700000| Untracked 
| 152|0x00000000c9800000, 0x00000000c9800000, 0x00000000c9900000|  0%| F|  |TAMS 0x00000000c9800000, 0x00000000c9800000| Untracked 
| 153|0x00000000c9900000, 0x00000000c9900000, 0x00000000c9a00000|  0%| F|  |TAMS 0x00000000c9900000, 0x00000000c9900000| Untracked 
| 154|0x00000000c9a00000, 0x00000000c9a00000, 0x00000000c9b00000|  0%| F|  |TAMS 0x00000000c9a00000, 0x00000000c9a00000| Untracked 
| 155|0x00000000c9b00000, 0x00000000c9b00000, 0x00000000c9c00000|  0%| F|  |TAMS 0x00000000c9b00000, 0x00000000c9b00000| Untracked 
| 156|0x00000000c9c00000, 0x00000000c9c00000, 0x00000000c9d00000|  0%| F|  |TAMS 0x00000000c9c00000, 0x00000000c9c00000| Untracked 
| 157|0x00000000c9d00000, 0x00000000c9d00000, 0x00000000c9e00000|  0%| F|  |TAMS 0x00000000c9d00000, 0x00000000c9d00000| Untracked 
| 158|0x00000000c9e00000, 0x00000000c9e00000, 0x00000000c9f00000|  0%| F|  |TAMS 0x00000000c9e00000, 0x00000000c9e00000| Untracked 
| 159|0x00000000c9f00000, 0x00000000c9f00000, 0x00000000ca000000|  0%| F|  |TAMS 0x00000000c9f00000, 0x00000000c9f00000| Untracked 
| 160|0x00000000ca000000, 0x00000000ca000000, 0x00000000ca100000|  0%| F|  |TAMS 0x00000000ca000000, 0x00000000ca000000| Untracked 
| 161|0x00000000ca100000, 0x00000000ca100000, 0x00000000ca200000|  0%| F|  |TAMS 0x00000000ca100000, 0x00000000ca100000| Untracked 
| 162|0x00000000ca200000, 0x00000000ca200000, 0x00000000ca300000|  0%| F|  |TAMS 0x00000000ca200000, 0x00000000ca200000| Untracked 
| 163|0x00000000ca300000, 0x00000000ca300000, 0x00000000ca400000|  0%| F|  |TAMS 0x00000000ca300000, 0x00000000ca300000| Untracked 
| 164|0x00000000ca400000, 0x00000000ca400000, 0x00000000ca500000|  0%| F|  |TAMS 0x00000000ca400000, 0x00000000ca400000| Untracked 
| 165|0x00000000ca500000, 0x00000000ca500000, 0x00000000ca600000|  0%| F|  |TAMS 0x00000000ca500000, 0x00000000ca500000| Untracked 
| 166|0x00000000ca600000, 0x00000000ca600000, 0x00000000ca700000|  0%| F|  |TAMS 0x00000000ca600000, 0x00000000ca600000| Untracked 
| 167|0x00000000ca700000, 0x00000000ca700000, 0x00000000ca800000|  0%| F|  |TAMS 0x00000000ca700000, 0x00000000ca700000| Untracked 
| 168|0x00000000ca800000, 0x00000000ca800000, 0x00000000ca900000|  0%| F|  |TAMS 0x00000000ca800000, 0x00000000ca800000| Untracked 
| 169|0x00000000ca900000, 0x00000000ca900000, 0x00000000caa00000|  0%| F|  |TAMS 0x00000000ca900000, 0x00000000ca900000| Untracked 
| 170|0x00000000caa00000, 0x00000000caa00000, 0x00000000cab00000|  0%| F|  |TAMS 0x00000000caa00000, 0x00000000caa00000| Untracked 
| 171|0x00000000cab00000, 0x00000000cab00000, 0x00000000cac00000|  0%| F|  |TAMS 0x00000000cab00000, 0x00000000cab00000| Untracked 
| 172|0x00000000cac00000, 0x00000000cac00000, 0x00000000cad00000|  0%| F|  |TAMS 0x00000000cac00000, 0x00000000cac00000| Untracked 
| 173|0x00000000cad00000, 0x00000000cad00000, 0x00000000cae00000|  0%| F|  |TAMS 0x00000000cad00000, 0x00000000cad00000| Untracked 
| 174|0x00000000cae00000, 0x00000000cae00000, 0x00000000caf00000|  0%| F|  |TAMS 0x00000000cae00000, 0x00000000cae00000| Untracked 
| 175|0x00000000caf00000, 0x00000000caf00000, 0x00000000cb000000|  0%| F|  |TAMS 0x00000000caf00000, 0x00000000caf00000| Untracked 
| 176|0x00000000cb000000, 0x00000000cb000000, 0x00000000cb100000|  0%| F|  |TAMS 0x00000000cb000000, 0x00000000cb000000| Untracked 
| 177|0x00000000cb100000, 0x00000000cb100000, 0x00000000cb200000|  0%| F|  |TAMS 0x00000000cb100000, 0x00000000cb100000| Untracked 
| 178|0x00000000cb200000, 0x00000000cb200000, 0x00000000cb300000|  0%| F|  |TAMS 0x00000000cb200000, 0x00000000cb200000| Untracked 
| 179|0x00000000cb300000, 0x00000000cb300000, 0x00000000cb400000|  0%| F|  |TAMS 0x00000000cb300000, 0x00000000cb300000| Untracked 
| 180|0x00000000cb400000, 0x00000000cb400000, 0x00000000cb500000|  0%| F|  |TAMS 0x00000000cb400000, 0x00000000cb400000| Untracked 
| 181|0x00000000cb500000, 0x00000000cb500000, 0x00000000cb600000|  0%| F|  |TAMS 0x00000000cb500000, 0x00000000cb500000| Untracked 
| 182|0x00000000cb600000, 0x00000000cb600000, 0x00000000cb700000|  0%| F|  |TAMS 0x00000000cb600000, 0x00000000cb600000| Untracked 
| 183|0x00000000cb700000, 0x00000000cb700000, 0x00000000cb800000|  0%| F|  |TAMS 0x00000000cb700000, 0x00000000cb700000| Untracked 
| 184|0x00000000cb800000, 0x00000000cb800000, 0x00000000cb900000|  0%| F|  |TAMS 0x00000000cb800000, 0x00000000cb800000| Untracked 
| 185|0x00000000cb900000, 0x00000000cb900000, 0x00000000cba00000|  0%| F|  |TAMS 0x00000000cb900000, 0x00000000cb900000| Untracked 
| 186|0x00000000cba00000, 0x00000000cba00000, 0x00000000cbb00000|  0%| F|  |TAMS 0x00000000cba00000, 0x00000000cba00000| Untracked 
| 187|0x00000000cbb00000, 0x00000000cbc00000, 0x00000000cbc00000|100%|HS|  |TAMS 0x00000000cbc00000, 0x00000000cbb00000| Untracked 
| 188|0x00000000cbc00000, 0x00000000cbcfffc8, 0x00000000cbd00000| 99%| O|  |TAMS 0x00000000cbcfffc8, 0x00000000cbc00000| Untracked 
| 189|0x00000000cbd00000, 0x00000000cbd00000, 0x00000000cbe00000|  0%| F|  |TAMS 0x00000000cbd00000, 0x00000000cbd00000| Untracked 
| 190|0x00000000cbe00000, 0x00000000cbe00000, 0x00000000cbf00000|  0%| F|  |TAMS 0x00000000cbe00000, 0x00000000cbe00000| Untracked 
| 191|0x00000000cbf00000, 0x00000000cbf00000, 0x00000000cc000000|  0%| F|  |TAMS 0x00000000cbf00000, 0x00000000cbf00000| Untracked 
| 192|0x00000000cc000000, 0x00000000cc000000, 0x00000000cc100000|  0%| F|  |TAMS 0x00000000cc000000, 0x00000000cc000000| Untracked 
| 193|0x00000000cc100000, 0x00000000cc100000, 0x00000000cc200000|  0%| F|  |TAMS 0x00000000cc100000, 0x00000000cc100000| Untracked 
| 194|0x00000000cc200000, 0x00000000cc200000, 0x00000000cc300000|  0%| F|  |TAMS 0x00000000cc200000, 0x00000000cc200000| Untracked 
| 195|0x00000000cc300000, 0x00000000cc300000, 0x00000000cc400000|  0%| F|  |TAMS 0x00000000cc300000, 0x00000000cc300000| Untracked 
| 196|0x00000000cc400000, 0x00000000cc400000, 0x00000000cc500000|  0%| F|  |TAMS 0x00000000cc400000, 0x00000000cc400000| Untracked 
| 197|0x00000000cc500000, 0x00000000cc500000, 0x00000000cc600000|  0%| F|  |TAMS 0x00000000cc500000, 0x00000000cc500000| Untracked 
| 198|0x00000000cc600000, 0x00000000cc600000, 0x00000000cc700000|  0%| F|  |TAMS 0x00000000cc600000, 0x00000000cc600000| Untracked 
| 199|0x00000000cc700000, 0x00000000cc700000, 0x00000000cc800000|  0%| F|  |TAMS 0x00000000cc700000, 0x00000000cc700000| Untracked 
| 200|0x00000000cc800000, 0x00000000cc800000, 0x00000000cc900000|  0%| F|  |TAMS 0x00000000cc800000, 0x00000000cc800000| Untracked 
| 201|0x00000000cc900000, 0x00000000cc900000, 0x00000000cca00000|  0%| F|  |TAMS 0x00000000cc900000, 0x00000000cc900000| Untracked 
| 202|0x00000000cca00000, 0x00000000cca00000, 0x00000000ccb00000|  0%| F|  |TAMS 0x00000000cca00000, 0x00000000cca00000| Untracked 
| 203|0x00000000ccb00000, 0x00000000ccb00000, 0x00000000ccc00000|  0%| F|  |TAMS 0x00000000ccb00000, 0x00000000ccb00000| Untracked 
| 204|0x00000000ccc00000, 0x00000000ccc00000, 0x00000000ccd00000|  0%| F|  |TAMS 0x00000000ccc00000, 0x00000000ccc00000| Untracked 
| 205|0x00000000ccd00000, 0x00000000ccd00000, 0x00000000cce00000|  0%| F|  |TAMS 0x00000000ccd00000, 0x00000000ccd00000| Untracked 
| 206|0x00000000cce00000, 0x00000000cce00000, 0x00000000ccf00000|  0%| F|  |TAMS 0x00000000cce00000, 0x00000000cce00000| Untracked 
| 207|0x00000000ccf00000, 0x00000000ccf00000, 0x00000000cd000000|  0%| F|  |TAMS 0x00000000ccf00000, 0x00000000ccf00000| Untracked 
| 208|0x00000000cd000000, 0x00000000cd000000, 0x00000000cd100000|  0%| F|  |TAMS 0x00000000cd000000, 0x00000000cd000000| Untracked 
| 209|0x00000000cd100000, 0x00000000cd100000, 0x00000000cd200000|  0%| F|  |TAMS 0x00000000cd100000, 0x00000000cd100000| Untracked 
| 210|0x00000000cd200000, 0x00000000cd200000, 0x00000000cd300000|  0%| F|  |TAMS 0x00000000cd200000, 0x00000000cd200000| Untracked 
| 211|0x00000000cd300000, 0x00000000cd300000, 0x00000000cd400000|  0%| F|  |TAMS 0x00000000cd300000, 0x00000000cd300000| Untracked 
| 212|0x00000000cd400000, 0x00000000cd500000, 0x00000000cd500000|100%| O|  |TAMS 0x00000000cd500000, 0x00000000cd400000| Untracked 
| 213|0x00000000cd500000, 0x00000000cd500000, 0x00000000cd600000|  0%| F|  |TAMS 0x00000000cd500000, 0x00000000cd500000| Untracked 
| 214|0x00000000cd600000, 0x00000000cd600000, 0x00000000cd700000|  0%| F|  |TAMS 0x00000000cd600000, 0x00000000cd600000| Untracked 
| 215|0x00000000cd700000, 0x00000000cd700000, 0x00000000cd800000|  0%| F|  |TAMS 0x00000000cd700000, 0x00000000cd700000| Untracked 
| 216|0x00000000cd800000, 0x00000000cd800000, 0x00000000cd900000|  0%| F|  |TAMS 0x00000000cd800000, 0x00000000cd800000| Untracked 
| 217|0x00000000cd900000, 0x00000000cd900000, 0x00000000cda00000|  0%| F|  |TAMS 0x00000000cd900000, 0x00000000cd900000| Untracked 
| 218|0x00000000cda00000, 0x00000000cda00000, 0x00000000cdb00000|  0%| F|  |TAMS 0x00000000cda00000, 0x00000000cda00000| Untracked 
| 219|0x00000000cdb00000, 0x00000000cdb00000, 0x00000000cdc00000|  0%| F|  |TAMS 0x00000000cdb00000, 0x00000000cdb00000| Untracked 
| 220|0x00000000cdc00000, 0x00000000cdc00000, 0x00000000cdd00000|  0%| F|  |TAMS 0x00000000cdc00000, 0x00000000cdc00000| Untracked 
| 221|0x00000000cdd00000, 0x00000000cdd00000, 0x00000000cde00000|  0%| F|  |TAMS 0x00000000cdd00000, 0x00000000cdd00000| Untracked 
| 222|0x00000000cde00000, 0x00000000cde00000, 0x00000000cdf00000|  0%| F|  |TAMS 0x00000000cde00000, 0x00000000cde00000| Untracked 
| 223|0x00000000cdf00000, 0x00000000cdf00000, 0x00000000ce000000|  0%| F|  |TAMS 0x00000000cdf00000, 0x00000000cdf00000| Untracked 
| 224|0x00000000ce000000, 0x00000000ce000000, 0x00000000ce100000|  0%| F|  |TAMS 0x00000000ce000000, 0x00000000ce000000| Untracked 
| 225|0x00000000ce100000, 0x00000000ce100000, 0x00000000ce200000|  0%| F|  |TAMS 0x00000000ce100000, 0x00000000ce100000| Untracked 
| 226|0x00000000ce200000, 0x00000000ce200000, 0x00000000ce300000|  0%| F|  |TAMS 0x00000000ce200000, 0x00000000ce200000| Untracked 
| 227|0x00000000ce300000, 0x00000000ce300000, 0x00000000ce400000|  0%| F|  |TAMS 0x00000000ce300000, 0x00000000ce300000| Untracked 
| 228|0x00000000ce400000, 0x00000000ce400000, 0x00000000ce500000|  0%| F|  |TAMS 0x00000000ce400000, 0x00000000ce400000| Untracked 
| 229|0x00000000ce500000, 0x00000000ce500000, 0x00000000ce600000|  0%| F|  |TAMS 0x00000000ce500000, 0x00000000ce500000| Untracked 
| 230|0x00000000ce600000, 0x00000000ce600000, 0x00000000ce700000|  0%| F|  |TAMS 0x00000000ce600000, 0x00000000ce600000| Untracked 
| 231|0x00000000ce700000, 0x00000000ce700000, 0x00000000ce800000|  0%| F|  |TAMS 0x00000000ce700000, 0x00000000ce700000| Untracked 
| 232|0x00000000ce800000, 0x00000000ce800000, 0x00000000ce900000|  0%| F|  |TAMS 0x00000000ce800000, 0x00000000ce800000| Untracked 
| 233|0x00000000ce900000, 0x00000000ce900000, 0x00000000cea00000|  0%| F|  |TAMS 0x00000000ce900000, 0x00000000ce900000| Untracked 
| 234|0x00000000cea00000, 0x00000000cea00000, 0x00000000ceb00000|  0%| F|  |TAMS 0x00000000cea00000, 0x00000000cea00000| Untracked 
| 235|0x00000000ceb00000, 0x00000000ceb00000, 0x00000000cec00000|  0%| F|  |TAMS 0x00000000ceb00000, 0x00000000ceb00000| Untracked 
| 236|0x00000000cec00000, 0x00000000cec00000, 0x00000000ced00000|  0%| F|  |TAMS 0x00000000cec00000, 0x00000000cec00000| Untracked 
| 237|0x00000000ced00000, 0x00000000ced00000, 0x00000000cee00000|  0%| F|  |TAMS 0x00000000ced00000, 0x00000000ced00000| Untracked 
| 238|0x00000000cee00000, 0x00000000cee00000, 0x00000000cef00000|  0%| F|  |TAMS 0x00000000cee00000, 0x00000000cee00000| Untracked 
| 239|0x00000000cef00000, 0x00000000cef00000, 0x00000000cf000000|  0%| F|  |TAMS 0x00000000cef00000, 0x00000000cef00000| Untracked 
| 240|0x00000000cf000000, 0x00000000cf000000, 0x00000000cf100000|  0%| F|  |TAMS 0x00000000cf000000, 0x00000000cf000000| Untracked 
| 241|0x00000000cf100000, 0x00000000cf100000, 0x00000000cf200000|  0%| F|  |TAMS 0x00000000cf100000, 0x00000000cf100000| Untracked 
| 242|0x00000000cf200000, 0x00000000cf200000, 0x00000000cf300000|  0%| F|  |TAMS 0x00000000cf200000, 0x00000000cf200000| Untracked 
| 243|0x00000000cf300000, 0x00000000cf300000, 0x00000000cf400000|  0%| F|  |TAMS 0x00000000cf300000, 0x00000000cf300000| Untracked 
| 244|0x00000000cf400000, 0x00000000cf400000, 0x00000000cf500000|  0%| F|  |TAMS 0x00000000cf400000, 0x00000000cf400000| Untracked 
| 245|0x00000000cf500000, 0x00000000cf500000, 0x00000000cf600000|  0%| F|  |TAMS 0x00000000cf500000, 0x00000000cf500000| Untracked 
| 246|0x00000000cf600000, 0x00000000cf600000, 0x00000000cf700000|  0%| F|  |TAMS 0x00000000cf600000, 0x00000000cf600000| Untracked 
| 247|0x00000000cf700000, 0x00000000cf700000, 0x00000000cf800000|  0%| F|  |TAMS 0x00000000cf700000, 0x00000000cf700000| Untracked 
| 248|0x00000000cf800000, 0x00000000cf800000, 0x00000000cf900000|  0%| F|  |TAMS 0x00000000cf800000, 0x00000000cf800000| Untracked 
| 249|0x00000000cf900000, 0x00000000cf900000, 0x00000000cfa00000|  0%| F|  |TAMS 0x00000000cf900000, 0x00000000cf900000| Untracked 
| 250|0x00000000cfa00000, 0x00000000cfa00000, 0x00000000cfb00000|  0%| F|  |TAMS 0x00000000cfa00000, 0x00000000cfa00000| Untracked 
| 251|0x00000000cfb00000, 0x00000000cfb00000, 0x00000000cfc00000|  0%| F|  |TAMS 0x00000000cfb00000, 0x00000000cfb00000| Untracked 
| 252|0x00000000cfc00000, 0x00000000cfc00000, 0x00000000cfd00000|  0%| F|  |TAMS 0x00000000cfc00000, 0x00000000cfc00000| Untracked 
| 253|0x00000000cfd00000, 0x00000000cfd00000, 0x00000000cfe00000|  0%| F|  |TAMS 0x00000000cfd00000, 0x00000000cfd00000| Untracked 
| 254|0x00000000cfe00000, 0x00000000cfe00000, 0x00000000cff00000|  0%| F|  |TAMS 0x00000000cfe00000, 0x00000000cfe00000| Untracked 
| 255|0x00000000cff00000, 0x00000000cff00000, 0x00000000d0000000|  0%| F|  |TAMS 0x00000000cff00000, 0x00000000cff00000| Untracked 
| 256|0x00000000d0000000, 0x00000000d0000000, 0x00000000d0100000|  0%| F|  |TAMS 0x00000000d0000000, 0x00000000d0000000| Untracked 
| 257|0x00000000d0100000, 0x00000000d0100000, 0x00000000d0200000|  0%| F|  |TAMS 0x00000000d0100000, 0x00000000d0100000| Untracked 
| 258|0x00000000d0200000, 0x00000000d0200000, 0x00000000d0300000|  0%| F|  |TAMS 0x00000000d0200000, 0x00000000d0200000| Untracked 
| 259|0x00000000d0300000, 0x00000000d0300000, 0x00000000d0400000|  0%| F|  |TAMS 0x00000000d0300000, 0x00000000d0300000| Untracked 
| 260|0x00000000d0400000, 0x00000000d0400000, 0x00000000d0500000|  0%| F|  |TAMS 0x00000000d0400000, 0x00000000d0400000| Untracked 
| 261|0x00000000d0500000, 0x00000000d0500000, 0x00000000d0600000|  0%| F|  |TAMS 0x00000000d0500000, 0x00000000d0500000| Untracked 
| 262|0x00000000d0600000, 0x00000000d0600000, 0x00000000d0700000|  0%| F|  |TAMS 0x00000000d0600000, 0x00000000d0600000| Untracked 
| 263|0x00000000d0700000, 0x00000000d0700000, 0x00000000d0800000|  0%| F|  |TAMS 0x00000000d0700000, 0x00000000d0700000| Untracked 
| 264|0x00000000d0800000, 0x00000000d0800000, 0x00000000d0900000|  0%| F|  |TAMS 0x00000000d0800000, 0x00000000d0800000| Untracked 
| 265|0x00000000d0900000, 0x00000000d0900000, 0x00000000d0a00000|  0%| F|  |TAMS 0x00000000d0900000, 0x00000000d0900000| Untracked 
| 266|0x00000000d0a00000, 0x00000000d0a00000, 0x00000000d0b00000|  0%| F|  |TAMS 0x00000000d0a00000, 0x00000000d0a00000| Untracked 
| 267|0x00000000d0b00000, 0x00000000d0b00000, 0x00000000d0c00000|  0%| F|  |TAMS 0x00000000d0b00000, 0x00000000d0b00000| Untracked 
| 268|0x00000000d0c00000, 0x00000000d0c00000, 0x00000000d0d00000|  0%| F|  |TAMS 0x00000000d0c00000, 0x00000000d0c00000| Untracked 
| 269|0x00000000d0d00000, 0x00000000d0d00000, 0x00000000d0e00000|  0%| F|  |TAMS 0x00000000d0d00000, 0x00000000d0d00000| Untracked 
| 270|0x00000000d0e00000, 0x00000000d0e00000, 0x00000000d0f00000|  0%| F|  |TAMS 0x00000000d0e00000, 0x00000000d0e00000| Untracked 
| 271|0x00000000d0f00000, 0x00000000d0f00000, 0x00000000d1000000|  0%| F|  |TAMS 0x00000000d0f00000, 0x00000000d0f00000| Untracked 
| 272|0x00000000d1000000, 0x00000000d1000000, 0x00000000d1100000|  0%| F|  |TAMS 0x00000000d1000000, 0x00000000d1000000| Untracked 
| 273|0x00000000d1100000, 0x00000000d1100000, 0x00000000d1200000|  0%| F|  |TAMS 0x00000000d1100000, 0x00000000d1100000| Untracked 
| 274|0x00000000d1200000, 0x00000000d1200000, 0x00000000d1300000|  0%| F|  |TAMS 0x00000000d1200000, 0x00000000d1200000| Untracked 
| 275|0x00000000d1300000, 0x00000000d1300000, 0x00000000d1400000|  0%| F|  |TAMS 0x00000000d1300000, 0x00000000d1300000| Untracked 
| 276|0x00000000d1400000, 0x00000000d1400000, 0x00000000d1500000|  0%| F|  |TAMS 0x00000000d1400000, 0x00000000d1400000| Untracked 
| 277|0x00000000d1500000, 0x00000000d1500000, 0x00000000d1600000|  0%| F|  |TAMS 0x00000000d1500000, 0x00000000d1500000| Untracked 
| 278|0x00000000d1600000, 0x00000000d1600000, 0x00000000d1700000|  0%| F|  |TAMS 0x00000000d1600000, 0x00000000d1600000| Untracked 
| 279|0x00000000d1700000, 0x00000000d1700000, 0x00000000d1800000|  0%| F|  |TAMS 0x00000000d1700000, 0x00000000d1700000| Untracked 
| 280|0x00000000d1800000, 0x00000000d1800000, 0x00000000d1900000|  0%| F|  |TAMS 0x00000000d1800000, 0x00000000d1800000| Untracked 
| 281|0x00000000d1900000, 0x00000000d1900000, 0x00000000d1a00000|  0%| F|  |TAMS 0x00000000d1900000, 0x00000000d1900000| Untracked 
| 282|0x00000000d1a00000, 0x00000000d1a00000, 0x00000000d1b00000|  0%| F|  |TAMS 0x00000000d1a00000, 0x00000000d1a00000| Untracked 
| 283|0x00000000d1b00000, 0x00000000d1b00000, 0x00000000d1c00000|  0%| F|  |TAMS 0x00000000d1b00000, 0x00000000d1b00000| Untracked 
| 284|0x00000000d1c00000, 0x00000000d1c00000, 0x00000000d1d00000|  0%| F|  |TAMS 0x00000000d1c00000, 0x00000000d1c00000| Untracked 
| 285|0x00000000d1d00000, 0x00000000d1d00000, 0x00000000d1e00000|  0%| F|  |TAMS 0x00000000d1d00000, 0x00000000d1d00000| Untracked 
| 286|0x00000000d1e00000, 0x00000000d1e00000, 0x00000000d1f00000|  0%| F|  |TAMS 0x00000000d1e00000, 0x00000000d1e00000| Untracked 
| 287|0x00000000d1f00000, 0x00000000d1f00000, 0x00000000d2000000|  0%| F|  |TAMS 0x00000000d1f00000, 0x00000000d1f00000| Untracked 
| 288|0x00000000d2000000, 0x00000000d2000000, 0x00000000d2100000|  0%| F|  |TAMS 0x00000000d2000000, 0x00000000d2000000| Untracked 
| 289|0x00000000d2100000, 0x00000000d2100000, 0x00000000d2200000|  0%| F|  |TAMS 0x00000000d2100000, 0x00000000d2100000| Untracked 
| 290|0x00000000d2200000, 0x00000000d2200000, 0x00000000d2300000|  0%| F|  |TAMS 0x00000000d2200000, 0x00000000d2200000| Untracked 
| 291|0x00000000d2300000, 0x00000000d2300000, 0x00000000d2400000|  0%| F|  |TAMS 0x00000000d2300000, 0x00000000d2300000| Untracked 
| 342|0x00000000d5600000, 0x00000000d5600000, 0x00000000d5700000|  0%| F|  |TAMS 0x00000000d5600000, 0x00000000d5600000| Untracked 
| 343|0x00000000d5700000, 0x00000000d5700000, 0x00000000d5800000|  0%| F|  |TAMS 0x00000000d5700000, 0x00000000d5700000| Untracked 
| 361|0x00000000d6900000, 0x00000000d6a00000, 0x00000000d6a00000|100%| O|  |TAMS 0x00000000d6a00000, 0x00000000d6900000| Untracked 
| 365|0x00000000d6d00000, 0x00000000d6d41648, 0x00000000d6e00000| 25%| E|  |TAMS 0x00000000d6d00000, 0x00000000d6d00000| Complete 
| 404|0x00000000d9400000, 0x00000000d9500000, 0x00000000d9500000|100%| O|  |TAMS 0x00000000d9500000, 0x00000000d9400000| Untracked 

Card table byte_map: [0x000002b8aa620000,0x000002b8aa820000] _byte_map_base: 0x000002b8aa020000

Marking Bits (Prev, Next): (CMBitMap*) 0x000002b8a2713f60, (CMBitMap*) 0x000002b8a2713f20
 Prev Bits: [0x000002b8aba20000, 0x000002b8aca20000)
 Next Bits: [0x000002b8aaa20000, 0x000002b8aba20000)

Polling page: 0x000002b8a2550000

Metaspace:

Usage:
  Non-class:     60.44 MB used.
      Class:      9.58 MB used.
       Both:     70.02 MB used.

Virtual space:
  Non-class space:       64.00 MB reserved,      60.69 MB ( 95%) committed,  1 nodes.
      Class space:        1.00 GB reserved,       9.81 MB ( <1%) committed,  1 nodes.
             Both:        1.06 GB reserved,      70.50 MB (  6%) committed. 

Chunk freelists:
   Non-Class:  3.24 MB
       Class:  6.13 MB
        Both:  9.36 MB

MaxMetaspaceSize: unlimited
CompressedClassSpaceSize: 1.00 GB
Initial GC threshold: 21.00 MB
Current GC threshold: 117.50 MB
CDS: off
MetaspaceReclaimPolicy: balanced
 - commit_granule_bytes: 65536.
 - commit_granule_words: 8192.
 - virtual_space_node_default_size: 8388608.
 - enlarge_chunks_in_place: 1.
 - new_chunks_are_fully_committed: 0.
 - uncommit_free_chunks: 1.
 - use_allocation_guard: 0.
 - handle_deallocations: 1.


Internal statistics:

num_allocs_failed_limit: 8.
num_arena_births: 790.
num_arena_deaths: 264.
num_vsnodes_births: 2.
num_vsnodes_deaths: 0.
num_space_committed: 1128.
num_space_uncommitted: 0.
num_chunks_returned_to_freelist: 336.
num_chunks_taken_from_freelist: 3227.
num_chunk_merges: 100.
num_chunk_splits: 2183.
num_chunks_enlarged: 1636.
num_inconsistent_stats: 0.

CodeCache: size=49152Kb used=21400Kb max_used=22397Kb free=27751Kb
 bounds [0x000002b8a6b40000, 0x000002b8a8130000, 0x000002b8a9b40000]
 total_blobs=12518 nmethods=11830 adapters=614
 compilation: enabled
              stopped_count=0, restarted_count=0
 full_count=0

Compilation events (20 events):
Event: 681.026 Thread 0x000002b8af4e3c50 12026       1       java.util.concurrent.ThreadPoolExecutor::ensurePrestart (41 bytes)
Event: 681.027 Thread 0x000002b8af4e3c50 nmethod 12026 0x000002b8a8124890 code [0x000002b8a8124a40, 0x000002b8a8124bb8]
Event: 701.009 Thread 0x000002b8af4e3c50 12027       1       java.util.concurrent.ScheduledThreadPoolExecutor$DelayedWorkQueue::finishPoll (43 bytes)
Event: 701.009 Thread 0x000002b8af4e3c50 nmethod 12027 0x000002b8a8124390 code [0x000002b8a8124540, 0x000002b8a8124728]
Event: 701.009 Thread 0x000002b8af4e3c50 12028       1       java.util.concurrent.ScheduledThreadPoolExecutor$ScheduledFutureTask::run (57 bytes)
Event: 701.011 Thread 0x000002b8af4e3c50 nmethod 12028 0x000002b8a8123e10 code [0x000002b8a8124000, 0x000002b8a8124238]
Event: 701.011 Thread 0x000002b8af4e3c50 12029       1       java.util.concurrent.ScheduledThreadPoolExecutor$ScheduledFutureTask::isPeriodic (15 bytes)
Event: 701.011 Thread 0x000002b8af4e3c50 nmethod 12029 0x000002b8a8123b10 code [0x000002b8a8123ca0, 0x000002b8a8123d98]
Event: 751.012 Thread 0x000002b8af4e3c50 12030       1       java.util.concurrent.locks.AbstractQueuedSynchronizer$ConditionObject::awaitNanos (200 bytes)
Event: 751.015 Thread 0x000002b8af4e3c50 nmethod 12030 0x000002b8a8122c10 code [0x000002b8a8122e40, 0x000002b8a8123628]
Event: 871.015 Thread 0x000002b8af4e3c50 12031       1       java.util.concurrent.Executors$RunnableAdapter::call (14 bytes)
Event: 871.015 Thread 0x000002b8af4e3c50 nmethod 12031 0x000002b8a8122910 code [0x000002b8a8122aa0, 0x000002b8a8122ba8]
Event: 871.170 Thread 0x000002b8af4e3c50 12032   !   1       java.util.concurrent.FutureTask::runAndReset (125 bytes)
Event: 871.174 Thread 0x000002b8af4e3c50 nmethod 12032 0x000002b8a8121890 code [0x000002b8a8121b00, 0x000002b8a8122438]
Event: 871.174 Thread 0x000002b8af4e3c50 12033       1       java.util.concurrent.ScheduledThreadPoolExecutor$ScheduledFutureTask::setNextRunTime (38 bytes)
Event: 871.174 Thread 0x000002b8af4e3c50 nmethod 12033 0x000002b8a8121410 code [0x000002b8a81215c0, 0x000002b8a81217a8]
Event: 871.174 Thread 0x000002b8af4e3c50 12034       1       java.util.concurrent.ScheduledThreadPoolExecutor::reExecutePeriodic (49 bytes)
Event: 871.175 Thread 0x000002b8af4e3c50 nmethod 12034 0x000002b8a8120e10 code [0x000002b8a8121000, 0x000002b8a8121248]
Event: 888.129 Thread 0x000002b8af4e3c50 12035   !   1       java.lang.ref.Reference::processPendingReferences (118 bytes)
Event: 888.130 Thread 0x000002b8af4e3c50 nmethod 12035 0x000002b8a8120210 code [0x000002b8a8120460, 0x000002b8a8120ab8]

GC Heap History (20 events):
Event: 796.063 GC heap before
{Heap before GC invocations=158 (full 39):
 garbage-first heap   total 304128K, used 95798K [0x00000000c0000000, 0x0000000100000000)
  region size 1024K, 1 young (1024K), 0 survivors (0K)
 Metaspace       used 71696K, committed 72192K, reserved 1114112K
  class space    used 9807K, committed 10048K, reserved 1048576K
}
Event: 796.119 GC heap after
{Heap after GC invocations=159 (full 40):
 garbage-first heap   total 304128K, used 95798K [0x00000000c0000000, 0x0000000100000000)
  region size 1024K, 0 young (0K), 0 survivors (0K)
 Metaspace       used 71696K, committed 72192K, reserved 1114112K
  class space    used 9807K, committed 10048K, reserved 1048576K
}
Event: 806.261 GC heap before
{Heap before GC invocations=159 (full 40):
 garbage-first heap   total 304128K, used 95798K [0x00000000c0000000, 0x0000000100000000)
  region size 1024K, 1 young (1024K), 0 survivors (0K)
 Metaspace       used 71696K, committed 72192K, reserved 1114112K
  class space    used 9807K, committed 10048K, reserved 1048576K
}
Event: 806.321 GC heap after
{Heap after GC invocations=160 (full 41):
 garbage-first heap   total 304128K, used 95798K [0x00000000c0000000, 0x0000000100000000)
  region size 1024K, 0 young (0K), 0 survivors (0K)
 Metaspace       used 71696K, committed 72192K, reserved 1114112K
  class space    used 9807K, committed 10048K, reserved 1048576K
}
Event: 816.458 GC heap before
{Heap before GC invocations=160 (full 41):
 garbage-first heap   total 304128K, used 95798K [0x00000000c0000000, 0x0000000100000000)
  region size 1024K, 1 young (1024K), 0 survivors (0K)
 Metaspace       used 71696K, committed 72192K, reserved 1114112K
  class space    used 9807K, committed 10048K, reserved 1048576K
}
Event: 816.513 GC heap after
{Heap after GC invocations=161 (full 42):
 garbage-first heap   total 304128K, used 95798K [0x00000000c0000000, 0x0000000100000000)
  region size 1024K, 0 young (0K), 0 survivors (0K)
 Metaspace       used 71696K, committed 72192K, reserved 1114112K
  class space    used 9807K, committed 10048K, reserved 1048576K
}
Event: 826.662 GC heap before
{Heap before GC invocations=161 (full 42):
 garbage-first heap   total 304128K, used 95798K [0x00000000c0000000, 0x0000000100000000)
  region size 1024K, 1 young (1024K), 0 survivors (0K)
 Metaspace       used 71696K, committed 72192K, reserved 1114112K
  class space    used 9807K, committed 10048K, reserved 1048576K
}
Event: 826.721 GC heap after
{Heap after GC invocations=162 (full 43):
 garbage-first heap   total 304128K, used 95798K [0x00000000c0000000, 0x0000000100000000)
  region size 1024K, 0 young (0K), 0 survivors (0K)
 Metaspace       used 71696K, committed 72192K, reserved 1114112K
  class space    used 9807K, committed 10048K, reserved 1048576K
}
Event: 836.916 GC heap before
{Heap before GC invocations=162 (full 43):
 garbage-first heap   total 304128K, used 95798K [0x00000000c0000000, 0x0000000100000000)
  region size 1024K, 1 young (1024K), 0 survivors (0K)
 Metaspace       used 71696K, committed 72192K, reserved 1114112K
  class space    used 9807K, committed 10048K, reserved 1048576K
}
Event: 836.998 GC heap after
{Heap after GC invocations=163 (full 44):
 garbage-first heap   total 304128K, used 95798K [0x00000000c0000000, 0x0000000100000000)
  region size 1024K, 0 young (0K), 0 survivors (0K)
 Metaspace       used 71696K, committed 72192K, reserved 1114112K
  class space    used 9807K, committed 10048K, reserved 1048576K
}
Event: 847.266 GC heap before
{Heap before GC invocations=163 (full 44):
 garbage-first heap   total 304128K, used 95798K [0x00000000c0000000, 0x0000000100000000)
  region size 1024K, 1 young (1024K), 0 survivors (0K)
 Metaspace       used 71696K, committed 72192K, reserved 1114112K
  class space    used 9807K, committed 10048K, reserved 1048576K
}
Event: 847.344 GC heap after
{Heap after GC invocations=164 (full 45):
 garbage-first heap   total 304128K, used 95798K [0x00000000c0000000, 0x0000000100000000)
  region size 1024K, 0 young (0K), 0 survivors (0K)
 Metaspace       used 71696K, committed 72192K, reserved 1114112K
  class space    used 9807K, committed 10048K, reserved 1048576K
}
Event: 857.483 GC heap before
{Heap before GC invocations=164 (full 45):
 garbage-first heap   total 304128K, used 95798K [0x00000000c0000000, 0x0000000100000000)
  region size 1024K, 1 young (1024K), 0 survivors (0K)
 Metaspace       used 71696K, committed 72192K, reserved 1114112K
  class space    used 9807K, committed 10048K, reserved 1048576K
}
Event: 857.535 GC heap after
{Heap after GC invocations=165 (full 46):
 garbage-first heap   total 304128K, used 95798K [0x00000000c0000000, 0x0000000100000000)
  region size 1024K, 0 young (0K), 0 survivors (0K)
 Metaspace       used 71696K, committed 72192K, reserved 1114112K
  class space    used 9807K, committed 10048K, reserved 1048576K
}
Event: 867.678 GC heap before
{Heap before GC invocations=165 (full 46):
 garbage-first heap   total 304128K, used 95798K [0x00000000c0000000, 0x0000000100000000)
  region size 1024K, 1 young (1024K), 0 survivors (0K)
 Metaspace       used 71696K, committed 72192K, reserved 1114112K
  class space    used 9807K, committed 10048K, reserved 1048576K
}
Event: 867.729 GC heap after
{Heap after GC invocations=166 (full 47):
 garbage-first heap   total 304128K, used 95798K [0x00000000c0000000, 0x0000000100000000)
  region size 1024K, 0 young (0K), 0 survivors (0K)
 Metaspace       used 71696K, committed 72192K, reserved 1114112K
  class space    used 9807K, committed 10048K, reserved 1048576K
}
Event: 877.870 GC heap before
{Heap before GC invocations=166 (full 47):
 garbage-first heap   total 304128K, used 95798K [0x00000000c0000000, 0x0000000100000000)
  region size 1024K, 1 young (1024K), 0 survivors (0K)
 Metaspace       used 71696K, committed 72192K, reserved 1114112K
  class space    used 9807K, committed 10048K, reserved 1048576K
}
Event: 877.925 GC heap after
{Heap after GC invocations=167 (full 48):
 garbage-first heap   total 304128K, used 95798K [0x00000000c0000000, 0x0000000100000000)
  region size 1024K, 0 young (0K), 0 survivors (0K)
 Metaspace       used 71696K, committed 72192K, reserved 1114112K
  class space    used 9807K, committed 10048K, reserved 1048576K
}
Event: 888.073 GC heap before
{Heap before GC invocations=167 (full 48):
 garbage-first heap   total 304128K, used 95798K [0x00000000c0000000, 0x0000000100000000)
  region size 1024K, 1 young (1024K), 0 survivors (0K)
 Metaspace       used 71696K, committed 72192K, reserved 1114112K
  class space    used 9807K, committed 10048K, reserved 1048576K
}
Event: 888.129 GC heap after
{Heap after GC invocations=168 (full 49):
 garbage-first heap   total 304128K, used 95798K [0x00000000c0000000, 0x0000000100000000)
  region size 1024K, 0 young (0K), 0 survivors (0K)
 Metaspace       used 71696K, committed 72192K, reserved 1114112K
  class space    used 9807K, committed 10048K, reserved 1048576K
}

Dll operation events (10 events):
Event: 0.015 Loaded shared library c:\Users\rober\.vscode\extensions\redhat.java-1.18.0-win32-x64\jre\17.0.7-win32-x86_64\bin\java.dll
Event: 0.513 Loaded shared library C:\Users\rober\.vscode\extensions\redhat.java-1.18.0-win32-x64\jre\17.0.7-win32-x86_64\bin\net.dll
Event: 0.519 Loaded shared library C:\Users\rober\.vscode\extensions\redhat.java-1.18.0-win32-x64\jre\17.0.7-win32-x86_64\bin\nio.dll
Event: 0.545 Loaded shared library C:\Users\rober\.vscode\extensions\redhat.java-1.18.0-win32-x64\jre\17.0.7-win32-x86_64\bin\zip.dll
Event: 1.538 Loaded shared library C:\Users\rober\.vscode\extensions\redhat.java-1.18.0-win32-x64\jre\17.0.7-win32-x86_64\bin\jimage.dll
Event: 11.277 Loaded shared library C:\Users\rober\.vscode\extensions\redhat.java-1.18.0-win32-x64\jre\17.0.7-win32-x86_64\bin\management.dll
Event: 11.285 Loaded shared library C:\Users\rober\.vscode\extensions\redhat.java-1.18.0-win32-x64\jre\17.0.7-win32-x86_64\bin\management_ext.dll
Event: 17.212 Loaded shared library C:\Users\rober\.vscode\extensions\redhat.java-1.18.0-win32-x64\jre\17.0.7-win32-x86_64\bin\sunmscapi.dll
Event: 33.287 Loaded shared library c:\Users\rober\.vscode\extensions\redhat.java-1.18.0-win32-x64\jre\17.0.7-win32-x86_64\bin\verify.dll
Event: 40.480 Loaded shared library C:\Users\rober\AppData\Local\Temp\snappy-1.1.8-24ece7f6-05b3-4c9c-907c-f4ed7b0250be-snappyjava.dll

Deoptimization events (20 events):
Event: 34.421 Thread 0x000002b8b45de550 DEOPT PACKING pc=0x000002b8a7943e24 sp=0x000000f7619fdfe0
Event: 34.421 Thread 0x000002b8b45de550 DEOPT UNPACKING pc=0x000002b8a6b97143 sp=0x000000f7619fd560 mode 0
Event: 34.422 Thread 0x000002b8b45de550 DEOPT PACKING pc=0x000002b8a7a3972c sp=0x000000f7619fe300
Event: 34.422 Thread 0x000002b8b45de550 DEOPT UNPACKING pc=0x000002b8a6b97143 sp=0x000000f7619fd790 mode 0
Event: 43.160 Thread 0x000002b8b56d9100 DEOPT PACKING pc=0x000002b8a7bf766c sp=0x000000f761dfe180
Event: 43.160 Thread 0x000002b8b56d9100 DEOPT UNPACKING pc=0x000002b8a6b97143 sp=0x000000f761dfd6d0 mode 0
Event: 43.171 Thread 0x000002b8b56d9100 DEOPT PACKING pc=0x000002b8a7bf766c sp=0x000000f761dfe4b0
Event: 43.171 Thread 0x000002b8b56d9100 DEOPT UNPACKING pc=0x000002b8a6b97143 sp=0x000000f761dfda00 mode 0
Event: 43.171 Thread 0x000002b8b56d9100 DEOPT PACKING pc=0x000002b8a7bf766c sp=0x000000f761dfe790
Event: 43.171 Thread 0x000002b8b56d9100 DEOPT UNPACKING pc=0x000002b8a6b97143 sp=0x000000f761dfdce0 mode 0
Event: 94.019 Thread 0x000002b8af4e1190 DEOPT PACKING pc=0x000002b8a715cdd4 sp=0x000000f7613ff110
Event: 94.019 Thread 0x000002b8af4e1190 DEOPT UNPACKING pc=0x000002b8a6b97143 sp=0x000000f7613fe5b8 mode 0
Event: 94.997 Thread 0x000002b8b56dc120 DEOPT PACKING pc=0x000002b8a76dfd6e sp=0x000000f7602fd2d0
Event: 94.997 Thread 0x000002b8b56dc120 DEOPT UNPACKING pc=0x000002b8a6b97143 sp=0x000000f7602fc7c8 mode 3
Event: 242.698 Thread 0x000002b8b45dd210 DEOPT PACKING pc=0x000002b8a808e1b6 sp=0x000000f75f1fd330
Event: 242.698 Thread 0x000002b8b45dd210 DEOPT UNPACKING pc=0x000002b8a6b97143 sp=0x000000f75f1fc828 mode 3
Event: 242.751 Thread 0x000002b8b45dd210 DEOPT PACKING pc=0x000002b8a8089420 sp=0x000000f75f1fdf00
Event: 242.751 Thread 0x000002b8b45dd210 DEOPT UNPACKING pc=0x000002b8a6b97143 sp=0x000000f75f1fd380 mode 3
Event: 495.688 Thread 0x000002b8b56d95d0 DEOPT PACKING pc=0x000002b8a7fcf33d sp=0x000000f761efd940
Event: 495.688 Thread 0x000002b8b56d95d0 DEOPT UNPACKING pc=0x000002b8a6b97143 sp=0x000000f761efcea8 mode 3

Classes unloaded (20 events):
Event: 555.348 Thread 0x000002b8af484960 Unloading class 0x000000010035e000 'jdk/internal/reflect/GeneratedConstructorAccessor62'
Event: 555.348 Thread 0x000002b8af484960 Unloading class 0x0000000100374000 'jdk/internal/reflect/GeneratedMethodAccessor38'
Event: 555.348 Thread 0x000002b8af484960 Unloading class 0x0000000100374800 'jdk/internal/reflect/GeneratedMethodAccessor37'
Event: 555.348 Thread 0x000002b8af484960 Unloading class 0x000000010039e000 'jdk/internal/reflect/GeneratedMethodAccessor36'
Event: 702.452 Thread 0x000002b8af484960 Unloading class 0x0000000100888400 'java/lang/invoke/LambdaForm$MH+0x0000000100888400'
Event: 702.452 Thread 0x000002b8af484960 Unloading class 0x0000000100894000 'java/lang/invoke/LambdaForm$MH+0x0000000100894000'
Event: 702.452 Thread 0x000002b8af484960 Unloading class 0x0000000100088c00 'java/lang/invoke/LambdaForm$MH+0x0000000100088c00'
Event: 702.452 Thread 0x000002b8af484960 Unloading class 0x0000000100089400 'java/lang/invoke/LambdaForm$MH+0x0000000100089400'
Event: 702.453 Thread 0x000002b8af484960 Unloading class 0x0000000100089c00 'java/lang/invoke/LambdaForm$MH+0x0000000100089c00'
Event: 702.453 Thread 0x000002b8af484960 Unloading class 0x000000010008b800 'java/lang/invoke/LambdaForm$MH+0x000000010008b800'
Event: 702.453 Thread 0x000002b8af484960 Unloading class 0x0000000100540400 'java/lang/invoke/LambdaForm$MH+0x0000000100540400'
Event: 702.453 Thread 0x000002b8af484960 Unloading class 0x0000000100541400 'java/lang/invoke/LambdaForm$MH+0x0000000100541400'
Event: 702.453 Thread 0x000002b8af484960 Unloading class 0x00000001006a6800 'java/lang/invoke/LambdaForm$MH+0x00000001006a6800'
Event: 702.453 Thread 0x000002b8af484960 Unloading class 0x0000000100360800 'java/lang/invoke/LambdaForm$MH+0x0000000100360800'
Event: 702.453 Thread 0x000002b8af484960 Unloading class 0x0000000100088400 'java/lang/invoke/LambdaForm$MH+0x0000000100088400'
Event: 702.454 Thread 0x000002b8af484960 Unloading class 0x000000010008a400 'java/lang/invoke/LambdaForm$MH+0x000000010008a400'
Event: 712.862 Thread 0x000002b8af484960 Unloading class 0x000000010034d400 'java/lang/invoke/LambdaForm$MH+0x000000010034d400'
Event: 712.862 Thread 0x000002b8af484960 Unloading class 0x000000010034e000 'java/lang/invoke/LambdaForm$MH+0x000000010034e000'
Event: 712.862 Thread 0x000002b8af484960 Unloading class 0x000000010034f400 'java/lang/invoke/LambdaForm$MH+0x000000010034f400'
Event: 712.862 Thread 0x000002b8af484960 Unloading class 0x0000000100350400 'java/lang/invoke/LambdaForm$MH+0x0000000100350400'

Classes redefined (0 events):
No events

Internal exceptions (20 events):
Event: 523.947 Thread 0x000002b8b56d95d0 Exception <a 'sun/nio/fs/WindowsException'{0x00000000d15ca578}> (0x00000000d15ca578) 
thrown [s\src\hotspot\share\prims\jni.cpp, line 516]
Event: 523.947 Thread 0x000002b8b56d95d0 Exception <a 'sun/nio/fs/WindowsException'{0x00000000d15ca8a8}> (0x00000000d15ca8a8) 
thrown [s\src\hotspot\share\prims\jni.cpp, line 516]
Event: 523.947 Thread 0x000002b8b56d95d0 Exception <a 'sun/nio/fs/WindowsException'{0x00000000d15cb578}> (0x00000000d15cb578) 
thrown [s\src\hotspot\share\prims\jni.cpp, line 516]
Event: 523.947 Thread 0x000002b8b56d95d0 Exception <a 'sun/nio/fs/WindowsException'{0x00000000d15cbb08}> (0x00000000d15cbb08) 
thrown [s\src\hotspot\share\prims\jni.cpp, line 516]
Event: 523.947 Thread 0x000002b8b56d95d0 Exception <a 'sun/nio/fs/WindowsException'{0x00000000d15cbdf8}> (0x00000000d15cbdf8) 
thrown [s\src\hotspot\share\prims\jni.cpp, line 516]
Event: 523.947 Thread 0x000002b8b56d95d0 Exception <a 'sun/nio/fs/WindowsException'{0x00000000d15cccb0}> (0x00000000d15cccb0) 
thrown [s\src\hotspot\share\prims\jni.cpp, line 516]
Event: 523.947 Thread 0x000002b8b56d95d0 Exception <a 'sun/nio/fs/WindowsException'{0x00000000d15ccfe0}> (0x00000000d15ccfe0) 
thrown [s\src\hotspot\share\prims\jni.cpp, line 516]
Event: 524.061 Thread 0x000002b8b56d95d0 Exception <a 'sun/nio/fs/WindowsException'{0x00000000d1ccf820}> (0x00000000d1ccf820) 
thrown [s\src\hotspot\share\prims\jni.cpp, line 516]
Event: 524.061 Thread 0x000002b8b56d95d0 Exception <a 'sun/nio/fs/WindowsException'{0x00000000d1ccfdc0}> (0x00000000d1ccfdc0) 
thrown [s\src\hotspot\share\prims\jni.cpp, line 516]
Event: 524.061 Thread 0x000002b8b56d95d0 Exception <a 'sun/nio/fs/WindowsException'{0x00000000d1cd00c0}> (0x00000000d1cd00c0) 
thrown [s\src\hotspot\share\prims\jni.cpp, line 516]
Event: 524.062 Thread 0x000002b8b56d95d0 Exception <a 'sun/nio/fs/WindowsException'{0x00000000d1cd0f80}> (0x00000000d1cd0f80) 
thrown [s\src\hotspot\share\prims\jni.cpp, line 516]
Event: 524.062 Thread 0x000002b8b56d95d0 Exception <a 'sun/nio/fs/WindowsException'{0x00000000d1cd12c0}> (0x00000000d1cd12c0) 
thrown [s\src\hotspot\share\prims\jni.cpp, line 516]
Event: 524.062 Thread 0x000002b8b56d95d0 Exception <a 'sun/nio/fs/WindowsException'{0x00000000d1cd1f90}> (0x00000000d1cd1f90) 
thrown [s\src\hotspot\share\prims\jni.cpp, line 516]
Event: 524.062 Thread 0x000002b8b56d95d0 Exception <a 'sun/nio/fs/WindowsException'{0x00000000d1cd2520}> (0x00000000d1cd2520) 
thrown [s\src\hotspot\share\prims\jni.cpp, line 516]
Event: 524.062 Thread 0x000002b8b56d95d0 Exception <a 'sun/nio/fs/WindowsException'{0x00000000d1cd2810}> (0x00000000d1cd2810) 
thrown [s\src\hotspot\share\prims\jni.cpp, line 516]
Event: 524.062 Thread 0x000002b8b56d95d0 Exception <a 'sun/nio/fs/WindowsException'{0x00000000d1cd36c8}> (0x00000000d1cd36c8) 
thrown [s\src\hotspot\share\prims\jni.cpp, line 516]
Event: 524.062 Thread 0x000002b8b56d95d0 Exception <a 'sun/nio/fs/WindowsException'{0x00000000d1cd39f8}> (0x00000000d1cd39f8) 
thrown [s\src\hotspot\share\prims\jni.cpp, line 516]
Event: 555.100 Thread 0x000002b8b45d8040 Exception <a 'sun/nio/fs/WindowsException'{0x00000000d19a81e8}> (0x00000000d19a81e8) 
thrown [s\src\hotspot\share\prims\jni.cpp, line 516]
Event: 555.101 Thread 0x000002b8b45d8040 Exception <a 'sun/nio/fs/WindowsException'{0x00000000d19a8e28}> (0x00000000d19a8e28) 
thrown [s\src\hotspot\share\prims\jni.cpp, line 516]
Event: 555.372 Thread 0x000002b8b45d8040 Exception <a 'sun/nio/fs/WindowsException'{0x00000000d226e470}> (0x00000000d226e470) 
thrown [s\src\hotspot\share\prims\jni.cpp, line 516]

VM Operations (20 events):
Event: 816.513 Executing VM operation: G1CollectFull done
Event: 826.662 Executing VM operation: G1CollectFull
Event: 826.722 Executing VM operation: G1CollectFull done
Event: 836.916 Executing VM operation: G1CollectFull
Event: 836.998 Executing VM operation: G1CollectFull done
Event: 847.265 Executing VM operation: G1CollectFull
Event: 847.345 Executing VM operation: G1CollectFull done
Event: 857.483 Executing VM operation: G1CollectFull
Event: 857.535 Executing VM operation: G1CollectFull done
Event: 867.678 Executing VM operation: G1CollectFull
Event: 867.729 Executing VM operation: G1CollectFull done
Event: 871.765 Executing VM operation: Cleanup
Event: 871.765 Executing VM operation: Cleanup done
Event: 877.774 Executing VM operation: Cleanup
Event: 877.774 Executing VM operation: Cleanup done
Event: 877.870 Executing VM operation: G1CollectFull
Event: 877.926 Executing VM operation: G1CollectFull done
Event: 888.073 Executing VM operation: G1CollectFull
Event: 888.129 Executing VM operation: G1CollectFull done
Event: 898.294 Executing VM operation: G1CollectFull

Events (20 events):
Event: 495.596 loading class java/text/BreakIterator$BreakIteratorCache
Event: 495.596 loading class java/text/BreakIterator$BreakIteratorCache done
Event: 495.596 loading class java/text/StringCharacterIterator
Event: 495.596 loading class java/text/CharacterIterator
Event: 495.596 loading class java/text/CharacterIterator done
Event: 495.596 loading class java/text/StringCharacterIterator done
Event: 495.601 Thread 0x000002b8b5ed1020 Thread added: 0x000002b8b5ed1020
Event: 495.659 Thread 0x000002b8b653a920 Thread added: 0x000002b8b653a920
Event: 502.456 Thread 0x000002b8b653a920 Thread exited: 0x000002b8b653a920
Event: 507.465 Thread 0x000002b8b5ed1020 Thread exited: 0x000002b8b5ed1020
Event: 524.086 Thread 0x000002b8b5ed1020 Thread added: 0x000002b8b5ed1020
Event: 529.098 Thread 0x000002b8b5ed1020 Thread exited: 0x000002b8b5ed1020
Event: 554.270 Thread 0x000002b8b45dd210 Thread exited: 0x000002b8b45dd210
Event: 554.509 Thread 0x000002b8b56d7420 Thread exited: 0x000002b8b56d7420
Event: 554.509 Thread 0x000002b8b45dd6e0 Thread exited: 0x000002b8b45dd6e0
Event: 555.096 Thread 0x000002b8b45d9d20 Thread added: 0x000002b8b45d9d20
Event: 555.096 Thread 0x000002b8b45de080 Thread added: 0x000002b8b45de080
Event: 615.239 Thread 0x000002b8b45de080 Thread exited: 0x000002b8b45de080
Event: 615.463 Thread 0x000002b8b45d8040 Thread exited: 0x000002b8b45d8040
Event: 615.463 Thread 0x000002b8b45d9d20 Thread exited: 0x000002b8b45d9d20


Dynamic libraries:
0x00007ff6b5ed0000 - 0x00007ff6b5ede000 	c:\Users\rober\.vscode\extensions\redhat.java-1.18.0-win32-x64\jre\17.0.7-win32-x86_64\bin\java.exe
0x00007ff9b2090000 - 0x00007ff9b2288000 	C:\Windows\SYSTEM32\ntdll.dll
0x00007ff9b0570000 - 0x00007ff9b062f000 	C:\Windows\System32\KERNEL32.DLL
0x00007ff9afb00000 - 0x00007ff9afdf6000 	C:\Windows\System32\KERNELBASE.dll
0x00007ff9afe00000 - 0x00007ff9aff00000 	C:\Windows\System32\ucrtbase.dll
0x00007ff998a70000 - 0x00007ff998a87000 	c:\Users\rober\.vscode\extensions\redhat.java-1.18.0-win32-x64\jre\17.0.7-win32-x86_64\bin\jli.dll
0x00007ff998a50000 - 0x00007ff998a69000 	c:\Users\rober\.vscode\extensions\redhat.java-1.18.0-win32-x64\jre\17.0.7-win32-x86_64\bin\VCRUNTIME140.dll
0x00007ff9b1700000 - 0x00007ff9b189d000 	C:\Windows\System32\USER32.dll
0x00007ff99dc40000 - 0x00007ff99deda000 	C:\Windows\WinSxS\amd64_microsoft.windows.common-controls_6595b64144ccf1df_6.0.19041.1110_none_60b5254171f9507e\COMCTL32.dll
0x00007ff9af770000 - 0x00007ff9af792000 	C:\Windows\System32\win32u.dll
0x00007ff9b1900000 - 0x00007ff9b199e000 	C:\Windows\System32\msvcrt.dll
0x00007ff9b16d0000 - 0x00007ff9b16fc000 	C:\Windows\System32\GDI32.dll
0x00007ff9aff00000 - 0x00007ff9b0015000 	C:\Windows\System32\gdi32full.dll
0x00007ff9b0050000 - 0x00007ff9b00ed000 	C:\Windows\System32\msvcp_win.dll
0x00007ff9b0420000 - 0x00007ff9b0450000 	C:\Windows\System32\IMM32.DLL
0x00007ff998a40000 - 0x00007ff998a4c000 	c:\Users\rober\.vscode\extensions\redhat.java-1.18.0-win32-x64\jre\17.0.7-win32-x86_64\bin\vcruntime140_1.dll
0x00007ff969fb0000 - 0x00007ff96a041000 	c:\Users\rober\.vscode\extensions\redhat.java-1.18.0-win32-x64\jre\17.0.7-win32-x86_64\bin\msvcp140.dll
0x00007ff969360000 - 0x00007ff969fa8000 	c:\Users\rober\.vscode\extensions\redhat.java-1.18.0-win32-x64\jre\17.0.7-win32-x86_64\bin\server\jvm.dll
0x00007ff9b02a0000 - 0x00007ff9b034f000 	C:\Windows\System32\ADVAPI32.dll
0x00007ff9b1080000 - 0x00007ff9b111c000 	C:\Windows\System32\sechost.dll
0x00007ff9b0e70000 - 0x00007ff9b0f96000 	C:\Windows\System32\RPCRT4.dll
0x00007ff999720000 - 0x00007ff999729000 	C:\Windows\SYSTEM32\WSOCK32.dll
0x00007ff9a5cd0000 - 0x00007ff9a5cda000 	C:\Windows\SYSTEM32\VERSION.dll
0x00007ff9a5c80000 - 0x00007ff9a5ca7000 	C:\Windows\SYSTEM32\WINMM.dll
0x00007ff9b0450000 - 0x00007ff9b04bb000 	C:\Windows\System32\WS2_32.dll
0x00007ff9adfc0000 - 0x00007ff9adfd2000 	C:\Windows\SYSTEM32\kernel.appcore.dll
0x00007ff998a30000 - 0x00007ff998a3a000 	c:\Users\rober\.vscode\extensions\redhat.java-1.18.0-win32-x64\jre\17.0.7-win32-x86_64\bin\jimage.dll
0x00007ff9adba0000 - 0x00007ff9add84000 	C:\Windows\SYSTEM32\DBGHELP.DLL
0x00007ff9979f0000 - 0x00007ff997a24000 	C:\Windows\SYSTEM32\dbgcore.DLL
0x00007ff9af7a0000 - 0x00007ff9af822000 	C:\Windows\System32\bcryptPrimitives.dll
0x00007ff96ff90000 - 0x00007ff96ffb5000 	c:\Users\rober\.vscode\extensions\redhat.java-1.18.0-win32-x64\jre\17.0.7-win32-x86_64\bin\java.dll
0x00007ff971220000 - 0x00007ff971238000 	c:\Users\rober\.vscode\extensions\redhat.java-1.18.0-win32-x64\jre\17.0.7-win32-x86_64\bin\zip.dll
0x00007ff9b0690000 - 0x00007ff9b0dd4000 	C:\Windows\System32\SHELL32.dll
0x00007ff9ad340000 - 0x00007ff9adad3000 	C:\Windows\SYSTEM32\windows.storage.dll
0x00007ff9b1cf0000 - 0x00007ff9b2044000 	C:\Windows\System32\combase.dll
0x00007ff9af160000 - 0x00007ff9af18e000 	C:\Windows\SYSTEM32\Wldp.dll
0x00007ff9b0fb0000 - 0x00007ff9b105d000 	C:\Windows\System32\SHCORE.dll
0x00007ff9b0630000 - 0x00007ff9b0685000 	C:\Windows\System32\shlwapi.dll
0x00007ff9af6b0000 - 0x00007ff9af6cf000 	C:\Windows\SYSTEM32\profapi.dll
0x00007ff970780000 - 0x00007ff970799000 	C:\Users\rober\.vscode\extensions\redhat.java-1.18.0-win32-x64\jre\17.0.7-win32-x86_64\bin\net.dll
0x00007ff9a5d00000 - 0x00007ff9a5e0a000 	C:\Windows\SYSTEM32\WINHTTP.dll
0x00007ff9aee50000 - 0x00007ff9aeeba000 	C:\Windows\system32\mswsock.dll
0x00007ff970760000 - 0x00007ff970775000 	C:\Users\rober\.vscode\extensions\redhat.java-1.18.0-win32-x64\jre\17.0.7-win32-x86_64\bin\nio.dll
0x00007ff9af0c0000 - 0x00007ff9af0d8000 	C:\Windows\SYSTEM32\CRYPTSP.dll
0x00007ff9ae770000 - 0x00007ff9ae7a4000 	C:\Windows\system32\rsaenh.dll
0x00007ff9b0020000 - 0x00007ff9b0047000 	C:\Windows\System32\bcrypt.dll
0x00007ff9af670000 - 0x00007ff9af69e000 	C:\Windows\SYSTEM32\USERENV.dll
0x00007ff9af0b0000 - 0x00007ff9af0bc000 	C:\Windows\SYSTEM32\CRYPTBASE.dll
0x00007ff9aeb40000 - 0x00007ff9aeb7c000 	C:\Windows\SYSTEM32\IPHLPAPI.DLL
0x00007ff9b0fa0000 - 0x00007ff9b0fa8000 	C:\Windows\System32\NSI.dll
0x00007ff9a6560000 - 0x00007ff9a6577000 	C:\Windows\SYSTEM32\dhcpcsvc6.DLL
0x00007ff9a8620000 - 0x00007ff9a863d000 	C:\Windows\SYSTEM32\dhcpcsvc.DLL
0x00007ff9aeb80000 - 0x00007ff9aec4b000 	C:\Windows\SYSTEM32\DNSAPI.dll
0x00007ff98fbc0000 - 0x00007ff98fbc9000 	C:\Users\rober\.vscode\extensions\redhat.java-1.18.0-win32-x64\jre\17.0.7-win32-x86_64\bin\management.dll
0x00007ff98fbb0000 - 0x00007ff98fbbb000 	C:\Users\rober\.vscode\extensions\redhat.java-1.18.0-win32-x64\jre\17.0.7-win32-x86_64\bin\management_ext.dll
0x00007ff9b1070000 - 0x00007ff9b1078000 	C:\Windows\System32\PSAPI.DLL
0x00007ff98fbd0000 - 0x00007ff98fbde000 	C:\Users\rober\.vscode\extensions\redhat.java-1.18.0-win32-x64\jre\17.0.7-win32-x86_64\bin\sunmscapi.dll
0x00007ff9af880000 - 0x00007ff9af9de000 	C:\Windows\System32\CRYPT32.dll
0x00007ff9af1d0000 - 0x00007ff9af1f8000 	C:\Windows\SYSTEM32\ncrypt.dll
0x00007ff9af190000 - 0x00007ff9af1cb000 	C:\Windows\SYSTEM32\NTASN1.dll
0x00007ff99fc10000 - 0x00007ff99fc1a000 	C:\Windows\System32\rasadhlp.dll
0x00007ff99ff10000 - 0x00007ff99ff92000 	C:\Windows\System32\fwpuclnt.dll
0x00007ff98d830000 - 0x00007ff98d840000 	c:\Users\rober\.vscode\extensions\redhat.java-1.18.0-win32-x64\jre\17.0.7-win32-x86_64\bin\verify.dll
0x000000006c500000 - 0x000000006c5c7000 	C:\Users\rober\AppData\Local\Temp\snappy-1.1.8-24ece7f6-05b3-4c9c-907c-f4ed7b0250be-snappyjava.dll

dbghelp: loaded successfully - version: 4.0.5 - missing functions: none
symbol engine: initialized successfully - sym options: 0x614 - pdb path: .;c:\Users\rober\.vscode\extensions\redhat.java-1.18.0-win32-x64\jre\17.0.7-win32-x86_64\bin;C:\Windows\SYSTEM32;C:\Windows\WinSxS\amd64_microsoft.windows.common-controls_6595b64144ccf1df_6.0.19041.1110_none_60b5254171f9507e;c:\Users\rober\.vscode\extensions\redhat.java-1.18.0-win32-x64\jre\17.0.7-win32-x86_64\bin\server;C:\Users\rober\AppData\Local\Temp

VM Arguments:
jvm_args: -XX:+HeapDumpOnOutOfMemoryError -Xmx1024m -Dsts.lsp.client=vscode -Dsts.log.file=/dev/null -XX:TieredStopAtLevel=1 -Xlog:jni+resolve=off -Dspring.config.location=file:c:\Users\rober\.vscode\extensions\vmware.vscode-spring-boot-1.46.0\language-server\BOOT-INF\classes\application.properties 
java_command: org.springframework.ide.vscode.boot.app.BootLanguageServerBootApp
java_class_path (initial): c:\Users\rober\.vscode\extensions\vmware.vscode-spring-boot-1.46.0\language-server\BOOT-INF\classes;c:\Users\rober\.vscode\extensions\vmware.vscode-spring-boot-1.46.0\language-server\BOOT-INF\lib\annotations-24.0.1.jar;c:\Users\rober\.vscode\extensions\vmware.vscode-spring-boot-1.46.0\language-server\BOOT-INF\lib\antlr-runtime-3.5.3.jar;c:\Users\rober\.vscode\extensions\vmware.vscode-spring-boot-1.46.0\language-server\BOOT-INF\lib\antlr4-4.11.1.jar;c:\Users\rober\.vscode\extensions\vmware.vscode-spring-boot-1.46.0\language-server\BOOT-INF\lib\antlr4-runtime-4.11.1.jar;c:\Users\rober\.vscode\extensions\vmware.vscode-spring-boot-1.46.0\language-server\BOOT-INF\lib\asm-9.5.jar;c:\Users\rober\.vscode\extensions\vmware.vscode-spring-boot-1.46.0\language-server\BOOT-INF\lib\asm-analysis-9.5.jar;c:\Users\rober\.vscode\extensions\vmware.vscode-spring-boot-1.46.0\language-server\BOOT-INF\lib\asm-tree-9.5.jar;c:\Users\rober\.vscode\extensions\vmware.vscode-spring-boot-1.46.0\language-server\BOOT-INF\lib\asm-util-9.5.jar;c:\Users\rober\.vscode\extensions\vmware.vscode-spring-boot-1.46.0\language-server\BOOT-INF\lib\caffeine-3.1.2.jar;c:\Users\rober\.vscode\extensions\vmware.vscode-spring-boot-1.46.0\language-server\BOOT-INF\lib\checker-qual-3.12.0.jar;c:\Users\rober\.vscode\extensions\vmware.vscode-spring-boot-1.46.0\language-server\BOOT-INF\lib\classgraph-4.8.149.jar;c:\Users\rober\.vscode\extensions\vmware.vscode-spring-boot-1.46.0\language-server\BOOT-INF\lib\commons-codec-1.15.jar;c:\Users\rober\.vscode\extensions\vmware.vscode-spring-boot-1.46.0\language-server\BOOT-INF\lib\commons-compress-1.23.0.jar;c:\Users\rober\.vscode\extensions\vmware.vscode-spring-boot-1.46.0\language-server\BOOT-INF\lib\commons-io-2.4.jar;c:\Users\rober\.vscode\extensions\vmware.vscode-spring-boot-1.46.0\language-server\BOOT-INF\lib\commons-java-1.46.0-SNAPSHOT.jar;c:\Users\rober\.vscode\extensions\vmware.vscode-spring-boot-1.46.0\language-server\BOOT-INF\lib\commons-
Launcher Type: SUN_STANDARD

[Global flags]
     intx CICompilerCount                          = 4                                         {product} {ergonomic}
     uint ConcGCThreads                            = 2                                         {product} {ergonomic}
     uint G1ConcRefinementThreads                  = 8                                         {product} {ergonomic}
   size_t G1HeapRegionSize                         = 1048576                                   {product} {ergonomic}
    uintx GCDrainStackTargetSize                   = 64                                        {product} {ergonomic}
     bool HeapDumpOnOutOfMemoryError               = true                                   {manageable} {command line}
   size_t InitialHeapSize                          = 100663296                                 {product} {ergonomic}
   size_t MarkStackSize                            = 4194304                                   {product} {ergonomic}
   size_t MaxHeapSize                              = 1073741824                                {product} {command line}
   size_t MaxNewSize                               = 643825664                                 {product} {ergonomic}
   size_t MinHeapDeltaBytes                        = 1048576                                   {product} {ergonomic}
   size_t MinHeapSize                              = 8388608                                   {product} {ergonomic}
    uintx NonProfiledCodeHeapSize                  = 0                                      {pd product} {ergonomic}
     bool ProfileInterpreter                       = false                                  {pd product} {command line}
    uintx ProfiledCodeHeapSize                     = 0                                      {pd product} {ergonomic}
   size_t SoftMaxHeapSize                          = 1073741824                             {manageable} {ergonomic}
     intx TieredStopAtLevel                        = 1                                         {product} {command line}
     bool UseCompressedClassPointers               = true                           {product lp64_product} {ergonomic}
     bool UseCompressedOops                        = true                           {product lp64_product} {ergonomic}
     bool UseG1GC                                  = true                                      {product} {ergonomic}
     bool UseLargePagesIndividualAllocation        = false                                  {pd product} {ergonomic}

Logging:
Log output configuration:
 #0: stdout all=warning,jni+resolve=off uptime,level,tags
 #1: stderr all=off uptime,level,tags

Environment Variables:
PATH=C:\Program Files\Common Files\Oracle\Java\javapath;C:\Windows\system32;C:\Windows;C:\Windows\System32\Wbem;C:\Windows\System32\WindowsPowerShell\v1.0\;C:\Windows\System32\OpenSSH\;C:\Gradle\gradle-7.6\bin;C:\Program Files\Git\cmd;C:\Php;C:\Program Files\OpenSSL-Win64\bin;C:\ProgramData\ComposerSetup\bin;C:\Program Files (x86)\Microsoft SQL Server\160\DTS\Binn\;C:\Program Files\Azure Data Studio\bin;C:\ProgramData\chocolatey\bin;C:\Program Files\Microsoft SQL Server\150\Tools\Binn\;C:\Program Files\Microsoft SQL Server\Client SDK\ODBC\170\Tools\Binn\;C:\Program Files\dotnet\;C:\Users\rober\AppData\Roaming\nvm;C:\Program Files\nodejs;C:\Users\rober\AppData\Local\Programs\Python\Python310\Scripts\;C:\Users\rober\AppData\Local\Programs\Python\Python310\;C:\Users\rober\AppData\Local\Microsoft\WindowsApps;C:\Users\rober\AppData\Local\Programs\Microsoft VS Code\bin;C:\Users\rober\AppData\Roaming\Composer\vendor\bin;C:\Users\rober\AppData\Roaming\npm;C:\Program Files\Azure Data Studio\bin;C:\Users\rober\.dotnet\tools;C:\Users\rober\AppData\Roaming\nvm;C:\Program Files\nodejs
USERNAME=rober
OS=Windows_NT
PROCESSOR_IDENTIFIER=AMD64 Family 23 Model 24 Stepping 1, AuthenticAMD
TMP=C:\Users\rober\AppData\Local\Temp
TEMP=C:\Users\rober\AppData\Local\Temp



---------------  S Y S T E M  ---------------

OS:
 Windows 10 , 64 bit Build 19041 (10.0.19041.2913)
OS uptime: 0 days 3:08 hours

CPU: total 8 (initial active 8) (8 cores per cpu, 2 threads per core) family 23 model 24 stepping 1 microcode 0x0, cx8, cmov, fxsr, ht, mmx, 3dnowpref, sse, sse2, sse3, ssse3, sse4a, sse4.1, sse4.2, popcnt, lzcnt, tsc, tscinvbit, avx, avx2, aes, clmul, bmi1, bmi2, adx, sha, fma, vzeroupper, clflush, clflushopt

Memory: 4k page, system-wide physical 6091M (318M free)
TotalPageFile size 14283M (AvailPageFile size 5M)
current process WorkingSet (physical memory assigned to process): 223M, peak: 1108M
current process commit charge ("private bytes"): 515M, peak: 1235M

vm_info: OpenJDK 64-Bit Server VM (17.0.7+7) for windows-amd64 JRE (17.0.7+7), built on Apr 18 2023 22:10:42 by "temurin" with MS VC++ 16.7 (VS2019)

END.
