#
# There is insufficient memory for the Java Runtime Environment to continue.
# Native memory allocation (malloc) failed to allocate 973472 bytes for Chunk::new
# Possible reasons:
#   The system is out of physical RAM or swap space
#   The process is running with CompressedOops enabled, and the Java Heap may be blocking the growth of the native heap
# Possible solutions:
#   Reduce memory load on the system
#   Increase physical memory or swap space
#   Check if swap backing store is full
#   Decrease Java heap size (-Xmx/-Xms)
#   Decrease number of Java threads
#   Decrease Java thread stack sizes (-Xss)
#   Set larger code cache with -XX:ReservedCodeCacheSize=
#   JVM is running with Unscaled Compressed Oops mode in which the Java heap is
#     placed in the first 4GB address space. The Java Heap base address is the
#     maximum limit for the native heap growth. Please use -XX:HeapBaseMinAddress
#     to set the Java Heap base and to place the Java Heap above 4GB virtual address.
# This output file may be truncated or incomplete.
#
#  Out of Memory Error (arena.cpp:189), pid=9484, tid=7452
#
# JRE version: OpenJDK Runtime Environment Temurin-17.0.7+7 (17.0.7+7) (build 17.0.7+7)
# Java VM: OpenJDK 64-Bit Server VM Temurin-17.0.7+7 (17.0.7+7, mixed mode, tiered, compressed oops, compressed class ptrs, parallel gc, windows-amd64)
# No core dump will be written. Minidumps are not enabled by default on client versions of Windows
#

---------------  S U M M A R Y ------------

Command Line: --add-modules=ALL-SYSTEM --add-opens=java.base/java.util=ALL-UNNAMED --add-opens=java.base/java.lang=ALL-UNNAMED --add-opens=java.base/sun.nio.fs=ALL-UNNAMED -Declipse.application=org.eclipse.jdt.ls.core.id1 -Dosgi.bundles.defaultStartLevel=4 -Declipse.product=org.eclipse.jdt.ls.core.product -Djava.import.generatesMetadataFilesAtProjectRoot=false -Dfile.encoding=utf8 -XX:+UseParallelGC -XX:GCTimeRatio=4 -XX:AdaptiveSizePolicyWeight=90 -Dsun.zip.disableMemoryMapping=true -Xmx1G -Xms100m -Xlog:disable -javaagent:c:\Users\rober\.vscode\extensions\redhat.java-1.18.0-win32-x64\lombok\lombok-1.18.27.jar c:\Users\rober\.vscode\extensions\redhat.java-1.18.0-win32-x64\server\plugins\org.eclipse.equinox.launcher_1.6.400.v20210924-0641.jar -configuration c:\Users\rober\AppData\Roaming\Code\User\globalStorage\redhat.java\1.18.0\config_ss_win -data c:\Users\rober\AppData\Roaming\Code\User\workspaceStorage\3524de9405b1f8b16a87b793a8cca7fd\redhat.java\ss_ws

Host: AMD Ryzen 5 3500U with Radeon Vega Mobile Gfx  , 8 cores, 5G,  Windows 10 , 64 bit Build 19041 (10.0.19041.2913)
Time: Tue May 30 21:03:11 2023 SA Pacific Standard Time elapsed time: 10.222217 seconds (0d 0h 0m 10s)

---------------  T H R E A D  ---------------

Current thread (0x000001debd149aa0):  JavaThread "C2 CompilerThread0" daemon [_thread_in_native, id=7452, stack(0x000000c13d500000,0x000000c13d600000)]


Current CompileTask:
C2:  10222 4002   !   4       org.eclipse.osgi.internal.loader.classpath.ClasspathManager::findLocalClass (210 bytes)

Stack: [0x000000c13d500000,0x000000c13d600000]
Native frames: (J=compiled Java code, j=interpreted, Vv=VM code, C=native code)
V  [jvm.dll+0x67754a]
V  [jvm.dll+0x834304]
V  [jvm.dll+0x835aae]
V  [jvm.dll+0x836113]
V  [jvm.dll+0x24696f]
V  [jvm.dll+0xac0ac]
V  [jvm.dll+0xac67c]
V  [jvm.dll+0x364e37]
V  [jvm.dll+0x1bca82]
V  [jvm.dll+0x219799]
V  [jvm.dll+0x218a61]
V  [jvm.dll+0x1a4d8d]
V  [jvm.dll+0x2284da]
V  [jvm.dll+0x226615]
V  [jvm.dll+0x7ea90b]
V  [jvm.dll+0x7e4e7a]
V  [jvm.dll+0x676395]
C  [ucrtbase.dll+0x21bb2]
C  [KERNEL32.DLL+0x17614]
C  [ntdll.dll+0x526a1]


---------------  P R O C E S S  ---------------

Threads class SMR info:
_java_thread_list=0x000001debf6586f0, length=26, elements={
0x000001dea3542180, 0x000001debd114750, 0x000001debd117940, 0x000001debd13d150,
0x000001debd13ded0, 0x000001debd13f3f0, 0x000001debd145160, 0x000001debd149aa0,
0x000001debd14abf0, 0x000001debd14b8e0, 0x000001debd2b0fc0, 0x000001debd42c280,
0x000001debddfc050, 0x000001debddae670, 0x000001debddaeb40, 0x000001debe0947f0,
0x000001debe228c70, 0x000001debe36c3b0, 0x000001debe36c880, 0x000001debe36cd50,
0x000001debe36b540, 0x000001debe36b070, 0x000001debe36ba10, 0x000001debe36e560,
0x000001debe36d220, 0x000001debe36d6f0
}

Java Threads: ( => current thread )
  0x000001dea3542180 JavaThread "main" [_thread_blocked, id=10072, stack(0x000000c13cc00000,0x000000c13cd00000)]
  0x000001debd114750 JavaThread "Reference Handler" daemon [_thread_blocked, id=7464, stack(0x000000c13cf00000,0x000000c13d000000)]
  0x000001debd117940 JavaThread "Finalizer" daemon [_thread_blocked, id=12400, stack(0x000000c13d000000,0x000000c13d100000)]
  0x000001debd13d150 JavaThread "Signal Dispatcher" daemon [_thread_blocked, id=13856, stack(0x000000c13d100000,0x000000c13d200000)]
  0x000001debd13ded0 JavaThread "Attach Listener" daemon [_thread_blocked, id=12352, stack(0x000000c13d200000,0x000000c13d300000)]
  0x000001debd13f3f0 JavaThread "Service Thread" daemon [_thread_blocked, id=12540, stack(0x000000c13d300000,0x000000c13d400000)]
  0x000001debd145160 JavaThread "Monitor Deflation Thread" daemon [_thread_blocked, id=13376, stack(0x000000c13d400000,0x000000c13d500000)]
=>0x000001debd149aa0 JavaThread "C2 CompilerThread0" daemon [_thread_in_native, id=7452, stack(0x000000c13d500000,0x000000c13d600000)]
  0x000001debd14abf0 JavaThread "C1 CompilerThread0" daemon [_thread_blocked, id=3832, stack(0x000000c13d600000,0x000000c13d700000)]
  0x000001debd14b8e0 JavaThread "Sweeper thread" daemon [_thread_blocked, id=13520, stack(0x000000c13d700000,0x000000c13d800000)]
  0x000001debd2b0fc0 JavaThread "Common-Cleaner" daemon [_thread_blocked, id=12716, stack(0x000000c13d800000,0x000000c13d900000)]
  0x000001debd42c280 JavaThread "Notification Thread" daemon [_thread_blocked, id=13080, stack(0x000000c13d900000,0x000000c13da00000)]
  0x000001debddfc050 JavaThread "Active Thread: Equinox Container: d100efae-a088-4a6a-a39a-3aa9030e8960" [_thread_blocked, id=1148, stack(0x000000c13e200000,0x000000c13e300000)]
  0x000001debddae670 JavaThread "Framework Event Dispatcher: Equinox Container: d100efae-a088-4a6a-a39a-3aa9030e8960" daemon [_thread_blocked, id=2588, stack(0x000000c13e300000,0x000000c13e400000)]
  0x000001debddaeb40 JavaThread "Start Level: Equinox Container: d100efae-a088-4a6a-a39a-3aa9030e8960" daemon [_thread_blocked, id=2260, stack(0x000000c13e400000,0x000000c13e500000)]
  0x000001debe0947f0 JavaThread "SCR Component Actor" daemon [_thread_blocked, id=14300, stack(0x000000c13e500000,0x000000c13e600000)]
  0x000001debe228c70 JavaThread "Worker-JM" [_thread_blocked, id=12900, stack(0x000000c13e700000,0x000000c13e800000)]
  0x000001debe36c3b0 JavaThread "Worker-0: Refreshing workspace" [_thread_blocked, id=6444, stack(0x000000c13e800000,0x000000c13e900000)]
  0x000001debe36c880 JavaThread "Worker-1: Publish Diagnostics" [_thread_in_Java, id=264, stack(0x000000c13e900000,0x000000c13ea00000)]
  0x000001debe36cd50 JavaThread "JNA Cleaner" daemon [_thread_blocked, id=8640, stack(0x000000c13ea00000,0x000000c13eb00000)]
  0x000001debe36b540 JavaThread "pool-2-thread-1" [_thread_blocked, id=11316, stack(0x000000c13eb00000,0x000000c13ec00000)]
  0x000001debe36b070 JavaThread "pool-1-thread-1" [_thread_in_native, id=11144, stack(0x000000c13ec00000,0x000000c13ed00000)]
  0x000001debe36ba10 JavaThread "ForkJoinPool.commonPool-worker-1" daemon [_thread_blocked, id=12164, stack(0x000000c13ed00000,0x000000c13ee00000)]
  0x000001debe36e560 JavaThread "ForkJoinPool.commonPool-worker-2" daemon [_thread_in_native, id=10144, stack(0x000000c13e600000,0x000000c13e700000)]
  0x000001debe36d220 JavaThread "ForkJoinPool.commonPool-worker-3" daemon [_thread_blocked, id=2700, stack(0x000000c13ee00000,0x000000c13ef00000)]
  0x000001debe36d6f0 JavaThread "Worker-2" [_thread_blocked, id=11344, stack(0x000000c13ef00000,0x000000c13f000000)]

Other Threads:
  0x000001deb73cbbc0 VMThread "VM Thread" [stack: 0x000000c13ce00000,0x000000c13cf00000] [id=9104]
  0x000001debd47f9f0 WatcherThread [stack: 0x000000c13da00000,0x000000c13db00000] [id=6648]
  0x000001dea3557590 GCTaskThread "GC Thread#0" [stack: 0x000000c13cd00000,0x000000c13ce00000] [id=8956]
  0x000001debd95ea70 GCTaskThread "GC Thread#1" [stack: 0x000000c13dc00000,0x000000c13dd00000] [id=14176]
  0x000001debdb13b80 GCTaskThread "GC Thread#2" [stack: 0x000000c13dd00000,0x000000c13de00000] [id=2280]
  0x000001debdd1ccd0 GCTaskThread "GC Thread#3" [stack: 0x000000c13de00000,0x000000c13df00000] [id=13164]
  0x000001debd73edb0 GCTaskThread "GC Thread#4" [stack: 0x000000c13df00000,0x000000c13e000000] [id=13300]
  0x000001debd740090 GCTaskThread "GC Thread#5" [stack: 0x000000c13e000000,0x000000c13e100000] [id=14268]
  0x000001debd740340 GCTaskThread "GC Thread#6" [stack: 0x000000c13e100000,0x000000c13e200000] [id=212]
  0x000001debe0ca0a0 GCTaskThread "GC Thread#7" [stack: 0x000000c13db00000,0x000000c13dc00000] [id=5876]

Threads with active compile tasks:
C2 CompilerThread0    10261 4002   !   4       org.eclipse.osgi.internal.loader.classpath.ClasspathManager::findLocalClass (210 bytes)
C1 CompilerThread0    10261 4329       2       org.eclipse.jdt.internal.compiler.lookup.SourceTypeBinding::isPrototype (12 bytes)

VM state: not at safepoint (normal execution)

VM Mutex/Monitor currently owned by a thread: None

Heap address: 0x00000000c0000000, size: 1024 MB, Compressed Oops mode: 32-bit

CDS archive(s) not mapped
Compressed class space mapped at: 0x0000000100000000-0x0000000140000000, reserved size: 1073741824
Narrow klass base: 0x0000000000000000, Narrow klass shift: 3, Narrow klass range: 0x140000000

GC Precious Log:
 CPUs: 8 total, 8 available
 Memory: 6091M
 Large Page Support: Disabled
 NUMA Support: Disabled
 Compressed Oops: Enabled (32-bit)
 Alignments: Space 512K, Generation 512K, Heap 2M
 Heap Min Capacity: 100M
 Heap Initial Capacity: 100M
 Heap Max Capacity: 1G
 Pre-touch: Disabled
 Parallel Workers: 8

Heap:
 PSYoungGen      total 22016K, used 10025K [0x00000000eab00000, 0x00000000ec380000, 0x0000000100000000)
  eden space 20992K, 42% used [0x00000000eab00000,0x00000000eb3ced20,0x00000000ebf80000)
  from space 1024K, 98% used [0x00000000ec280000,0x00000000ec37ba10,0x00000000ec380000)
  to   space 2048K, 0% used [0x00000000ebf80000,0x00000000ebf80000,0x00000000ec180000)
 ParOldGen       total 68608K, used 24625K [0x00000000c0000000, 0x00000000c4300000, 0x00000000eab00000)
  object space 68608K, 35% used [0x00000000c0000000,0x00000000c180c7f0,0x00000000c4300000)
 Metaspace       used 43977K, committed 44736K, reserved 1114112K
  class space    used 4437K, committed 4736K, reserved 1048576K

Card table byte_map: [0x000001dea2ef0000,0x000001dea3100000] _byte_map_base: 0x000001dea28f0000

Marking Bits: (ParMarkBitMap*) 0x00007ffc421252c0
 Begin Bits: [0x000001deb51d0000, 0x000001deb61d0000)
 End Bits:   [0x000001deb61d0000, 0x000001deb71d0000)

Polling page: 0x000001dea1520000

Metaspace:

Usage:
  Non-class:     38.61 MB used.
      Class:      4.33 MB used.
       Both:     42.95 MB used.

Virtual space:
  Non-class space:       64.00 MB reserved,      39.06 MB ( 61%) committed,  1 nodes.
      Class space:        1.00 GB reserved,       4.62 MB ( <1%) committed,  1 nodes.
             Both:        1.06 GB reserved,      43.69 MB (  4%) committed. 

Chunk freelists:
   Non-Class:  8.09 MB
       Class:  11.22 MB
        Both:  19.31 MB

MaxMetaspaceSize: unlimited
CompressedClassSpaceSize: 1.00 GB
Initial GC threshold: 21.00 MB
Current GC threshold: 58.38 MB
CDS: off
MetaspaceReclaimPolicy: balanced
 - commit_granule_bytes: 65536.
 - commit_granule_words: 8192.
 - virtual_space_node_default_size: 8388608.
 - enlarge_chunks_in_place: 1.
 - new_chunks_are_fully_committed: 0.
 - uncommit_free_chunks: 1.
 - use_allocation_guard: 0.
 - handle_deallocations: 1.


Internal statistics:

num_allocs_failed_limit: 6.
num_arena_births: 322.
num_arena_deaths: 14.
num_vsnodes_births: 2.
num_vsnodes_deaths: 0.
num_space_committed: 699.
num_space_uncommitted: 0.
num_chunks_returned_to_freelist: 20.
num_chunks_taken_from_freelist: 1795.
num_chunk_merges: 10.
num_chunk_splits: 1181.
num_chunks_enlarged: 796.
num_inconsistent_stats: 0.

CodeHeap 'non-profiled nmethods': size=120000Kb used=1870Kb max_used=1870Kb free=118129Kb
 bounds [0x000001deadca0000, 0x000001deadf10000, 0x000001deb51d0000]
CodeHeap 'profiled nmethods': size=120000Kb used=9206Kb max_used=9206Kb free=110793Kb
 bounds [0x000001dea61d0000, 0x000001dea6ad0000, 0x000001dead700000]
CodeHeap 'non-nmethods': size=5760Kb used=1307Kb max_used=1316Kb free=4453Kb
 bounds [0x000001dead700000, 0x000001dead970000, 0x000001deadca0000]
 total_blobs=4939 nmethods=4303 adapters=549
 compilation: enabled
              stopped_count=0, restarted_count=0
 full_count=0

Compilation events (20 events):
Event: 10.210 Thread 0x000001debd14abf0 4298       2       org.eclipse.jdt.internal.compiler.ast.Reference::<init> (5 bytes)
Event: 10.210 Thread 0x000001debd14abf0 nmethod 4298 0x000001dea6ac1c90 code [0x000001dea6ac1e20, 0x000001dea6ac1f38]
Event: 10.210 Thread 0x000001debd14abf0 4301       1       org.eclipse.jdt.internal.compiler.ASTVisitor::visit (2 bytes)
Event: 10.211 Thread 0x000001debd14abf0 nmethod 4301 0x000001deade72c90 code [0x000001deade72e20, 0x000001deade72ef8]
Event: 10.211 Thread 0x000001debd14abf0 4296       2       org.eclipse.jdt.internal.core.Openable::getResource (37 bytes)
Event: 10.212 Thread 0x000001debd14abf0 nmethod 4296 0x000001dea6ac2010 code [0x000001dea6ac2200, 0x000001dea6ac2568]
Event: 10.212 Thread 0x000001debd14abf0 4300       2       lombok.eclipse.EclipseNode::getName (115 bytes)
Event: 10.212 Thread 0x000001debd14abf0 nmethod 4300 0x000001dea6ac2790 code [0x000001dea6ac2960, 0x000001dea6ac2d28]
Event: 10.212 Thread 0x000001debd14abf0 4302       2       org.eclipse.jdt.internal.core.BinaryType::getElementInfo (34 bytes)
Event: 10.213 Thread 0x000001debd14abf0 nmethod 4302 0x000001dea6ac2f10 code [0x000001dea6ac30c0, 0x000001dea6ac3278]
Event: 10.213 Thread 0x000001debd14abf0 4303       2       org.eclipse.jdt.internal.compiler.ast.Statement::<init> (5 bytes)
Event: 10.213 Thread 0x000001debd14abf0 nmethod 4303 0x000001dea6ac3390 code [0x000001dea6ac3520, 0x000001dea6ac3638]
Event: 10.214 Thread 0x000001debd14abf0 4304       2       org.eclipse.jdt.internal.compiler.classfmt.ClassFileReader::getModifiers (55 bytes)
Event: 10.215 Thread 0x000001debd14abf0 nmethod 4304 0x000001dea6ac3710 code [0x000001dea6ac38a0, 0x000001dea6ac3a28]
Event: 10.215 Thread 0x000001debd14abf0 4305       2       org.eclipse.jdt.internal.core.ClassFileInfo::generateTypeParameterInfos (186 bytes)
Event: 10.217 Thread 0x000001debd14abf0 nmethod 4305 0x000001dea6ac3b10 code [0x000001dea6ac3d80, 0x000001dea6ac4888]
Event: 10.217 Thread 0x000001debd14abf0 4307       2       org.eclipse.jdt.internal.core.BinaryType::isEnum (25 bytes)
Event: 10.217 Thread 0x000001debd14abf0 nmethod 4307 0x000001dea6ac5190 code [0x000001dea6ac5360, 0x000001dea6ac5588]
Event: 10.217 Thread 0x000001debd14abf0 4306       2       java.lang.CharacterDataLatin1::getPropertiesEx (11 bytes)
Event: 10.217 Thread 0x000001debd14abf0 nmethod 4306 0x000001dea6ac5710 code [0x000001dea6ac58a0, 0x000001dea6ac59d8]

GC Heap History (20 events):
Event: 6.670 GC heap before
{Heap before GC invocations=9 (full 1):
 PSYoungGen      total 25600K, used 25086K [0x00000000eab00000, 0x00000000ec880000, 0x0000000100000000)
  eden space 24064K, 97% used [0x00000000eab00000,0x00000000ec201b10,0x00000000ec280000)
  from space 1536K, 99% used [0x00000000ec480000,0x00000000ec5fded8,0x00000000ec600000)
  to   space 2560K, 0% used [0x00000000ec600000,0x00000000ec600000,0x00000000ec880000)
 ParOldGen       total 68608K, used 7796K [0x00000000c0000000, 0x00000000c4300000, 0x00000000eab00000)
  object space 68608K, 11% used [0x00000000c0000000,0x00000000c079d160,0x00000000c4300000)
 Metaspace       used 35174K, committed 35840K, reserved 1114112K
  class space    used 3556K, committed 3840K, reserved 1048576K
}
Event: 6.674 GC heap after
{Heap after GC invocations=9 (full 1):
 PSYoungGen      total 26624K, used 2550K [0x00000000eab00000, 0x00000000ec980000, 0x0000000100000000)
  eden space 24064K, 0% used [0x00000000eab00000,0x00000000eab00000,0x00000000ec280000)
  from space 2560K, 99% used [0x00000000ec600000,0x00000000ec87dae8,0x00000000ec880000)
  to   space 3584K, 0% used [0x00000000ec280000,0x00000000ec280000,0x00000000ec600000)
 ParOldGen       total 68608K, used 8585K [0x00000000c0000000, 0x00000000c4300000, 0x00000000eab00000)
  object space 68608K, 12% used [0x00000000c0000000,0x00000000c08624f8,0x00000000c4300000)
 Metaspace       used 35174K, committed 35840K, reserved 1114112K
  class space    used 3556K, committed 3840K, reserved 1048576K
}
Event: 6.674 GC heap before
{Heap before GC invocations=10 (full 2):
 PSYoungGen      total 26624K, used 2550K [0x00000000eab00000, 0x00000000ec980000, 0x0000000100000000)
  eden space 24064K, 0% used [0x00000000eab00000,0x00000000eab00000,0x00000000ec280000)
  from space 2560K, 99% used [0x00000000ec600000,0x00000000ec87dae8,0x00000000ec880000)
  to   space 3584K, 0% used [0x00000000ec280000,0x00000000ec280000,0x00000000ec600000)
 ParOldGen       total 68608K, used 8585K [0x00000000c0000000, 0x00000000c4300000, 0x00000000eab00000)
  object space 68608K, 12% used [0x00000000c0000000,0x00000000c08624f8,0x00000000c4300000)
 Metaspace       used 35174K, committed 35840K, reserved 1114112K
  class space    used 3556K, committed 3840K, reserved 1048576K
}
Event: 6.712 GC heap after
{Heap after GC invocations=10 (full 2):
 PSYoungGen      total 26624K, used 0K [0x00000000eab00000, 0x00000000ec980000, 0x0000000100000000)
  eden space 24064K, 0% used [0x00000000eab00000,0x00000000eab00000,0x00000000ec280000)
  from space 2560K, 0% used [0x00000000ec600000,0x00000000ec600000,0x00000000ec880000)
  to   space 3584K, 0% used [0x00000000ec280000,0x00000000ec280000,0x00000000ec600000)
 ParOldGen       total 68608K, used 10949K [0x00000000c0000000, 0x00000000c4300000, 0x00000000eab00000)
  object space 68608K, 15% used [0x00000000c0000000,0x00000000c0ab15f0,0x00000000c4300000)
 Metaspace       used 35174K, committed 35840K, reserved 1114112K
  class space    used 3556K, committed 3840K, reserved 1048576K
}
Event: 6.941 GC heap before
{Heap before GC invocations=11 (full 2):
 PSYoungGen      total 26624K, used 24064K [0x00000000eab00000, 0x00000000ec980000, 0x0000000100000000)
  eden space 24064K, 100% used [0x00000000eab00000,0x00000000ec280000,0x00000000ec280000)
  from space 2560K, 0% used [0x00000000ec600000,0x00000000ec600000,0x00000000ec880000)
  to   space 3584K, 0% used [0x00000000ec280000,0x00000000ec280000,0x00000000ec600000)
 ParOldGen       total 68608K, used 10949K [0x00000000c0000000, 0x00000000c4300000, 0x00000000eab00000)
  object space 68608K, 15% used [0x00000000c0000000,0x00000000c0ab15f0,0x00000000c4300000)
 Metaspace       used 35435K, committed 36096K, reserved 1114112K
  class space    used 3591K, committed 3840K, reserved 1048576K
}
Event: 6.944 GC heap after
{Heap after GC invocations=11 (full 2):
 PSYoungGen      total 26112K, used 2336K [0x00000000eab00000, 0x00000000ec800000, 0x0000000100000000)
  eden space 23552K, 0% used [0x00000000eab00000,0x00000000eab00000,0x00000000ec200000)
  from space 2560K, 91% used [0x00000000ec280000,0x00000000ec4c8010,0x00000000ec500000)
  to   space 3072K, 0% used [0x00000000ec500000,0x00000000ec500000,0x00000000ec800000)
 ParOldGen       total 68608K, used 10949K [0x00000000c0000000, 0x00000000c4300000, 0x00000000eab00000)
  object space 68608K, 15% used [0x00000000c0000000,0x00000000c0ab15f0,0x00000000c4300000)
 Metaspace       used 35435K, committed 36096K, reserved 1114112K
  class space    used 3591K, committed 3840K, reserved 1048576K
}
Event: 7.152 GC heap before
{Heap before GC invocations=12 (full 2):
 PSYoungGen      total 26112K, used 25888K [0x00000000eab00000, 0x00000000ec800000, 0x0000000100000000)
  eden space 23552K, 100% used [0x00000000eab00000,0x00000000ec200000,0x00000000ec200000)
  from space 2560K, 91% used [0x00000000ec280000,0x00000000ec4c8010,0x00000000ec500000)
  to   space 3072K, 0% used [0x00000000ec500000,0x00000000ec500000,0x00000000ec800000)
 ParOldGen       total 68608K, used 10949K [0x00000000c0000000, 0x00000000c4300000, 0x00000000eab00000)
  object space 68608K, 15% used [0x00000000c0000000,0x00000000c0ab15f0,0x00000000c4300000)
 Metaspace       used 35516K, committed 36160K, reserved 1114112K
  class space    used 3604K, committed 3840K, reserved 1048576K
}
Event: 7.156 GC heap after
{Heap after GC invocations=12 (full 2):
 PSYoungGen      total 24064K, used 3040K [0x00000000eab00000, 0x00000000ecc80000, 0x0000000100000000)
  eden space 20992K, 0% used [0x00000000eab00000,0x00000000eab00000,0x00000000ebf80000)
  from space 3072K, 98% used [0x00000000ec500000,0x00000000ec7f8010,0x00000000ec800000)
  to   space 5632K, 0% used [0x00000000ebf80000,0x00000000ebf80000,0x00000000ec500000)
 ParOldGen       total 68608K, used 12861K [0x00000000c0000000, 0x00000000c4300000, 0x00000000eab00000)
  object space 68608K, 18% used [0x00000000c0000000,0x00000000c0c8f600,0x00000000c4300000)
 Metaspace       used 35516K, committed 36160K, reserved 1114112K
  class space    used 3604K, committed 3840K, reserved 1048576K
}
Event: 7.247 GC heap before
{Heap before GC invocations=13 (full 2):
 PSYoungGen      total 24064K, used 24032K [0x00000000eab00000, 0x00000000ecc80000, 0x0000000100000000)
  eden space 20992K, 100% used [0x00000000eab00000,0x00000000ebf80000,0x00000000ebf80000)
  from space 3072K, 98% used [0x00000000ec500000,0x00000000ec7f8010,0x00000000ec800000)
  to   space 5632K, 0% used [0x00000000ebf80000,0x00000000ebf80000,0x00000000ec500000)
 ParOldGen       total 68608K, used 12861K [0x00000000c0000000, 0x00000000c4300000, 0x00000000eab00000)
  object space 68608K, 18% used [0x00000000c0000000,0x00000000c0c8f600,0x00000000c4300000)
 Metaspace       used 35516K, committed 36160K, reserved 1114112K
  class space    used 3604K, committed 3840K, reserved 1048576K
}
Event: 7.254 GC heap after
{Heap after GC invocations=13 (full 2):
 PSYoungGen      total 23552K, used 2368K [0x00000000eab00000, 0x00000000ec680000, 0x0000000100000000)
  eden space 20992K, 0% used [0x00000000eab00000,0x00000000eab00000,0x00000000ebf80000)
  from space 2560K, 92% used [0x00000000ebf80000,0x00000000ec1d0000,0x00000000ec200000)
  to   space 3584K, 0% used [0x00000000ec300000,0x00000000ec300000,0x00000000ec680000)
 ParOldGen       total 68608K, used 15937K [0x00000000c0000000, 0x00000000c4300000, 0x00000000eab00000)
  object space 68608K, 23% used [0x00000000c0000000,0x00000000c0f90528,0x00000000c4300000)
 Metaspace       used 35516K, committed 36160K, reserved 1114112K
  class space    used 3604K, committed 3840K, reserved 1048576K
}
Event: 7.347 GC heap before
{Heap before GC invocations=14 (full 2):
 PSYoungGen      total 23552K, used 23360K [0x00000000eab00000, 0x00000000ec680000, 0x0000000100000000)
  eden space 20992K, 100% used [0x00000000eab00000,0x00000000ebf80000,0x00000000ebf80000)
  from space 2560K, 92% used [0x00000000ebf80000,0x00000000ec1d0000,0x00000000ec200000)
  to   space 3584K, 0% used [0x00000000ec300000,0x00000000ec300000,0x00000000ec680000)
 ParOldGen       total 68608K, used 15937K [0x00000000c0000000, 0x00000000c4300000, 0x00000000eab00000)
  object space 68608K, 23% used [0x00000000c0000000,0x00000000c0f90528,0x00000000c4300000)
 Metaspace       used 35516K, committed 36160K, reserved 1114112K
  class space    used 3604K, committed 3840K, reserved 1048576K
}
Event: 7.353 GC heap after
{Heap after GC invocations=14 (full 2):
 PSYoungGen      total 24064K, used 2624K [0x00000000eab00000, 0x00000000ec600000, 0x0000000100000000)
  eden space 20992K, 0% used [0x00000000eab00000,0x00000000eab00000,0x00000000ebf80000)
  from space 3072K, 85% used [0x00000000ec300000,0x00000000ec590010,0x00000000ec600000)
  to   space 3072K, 0% used [0x00000000ec000000,0x00000000ec000000,0x00000000ec300000)
 ParOldGen       total 68608K, used 18169K [0x00000000c0000000, 0x00000000c4300000, 0x00000000eab00000)
  object space 68608K, 26% used [0x00000000c0000000,0x00000000c11be528,0x00000000c4300000)
 Metaspace       used 35516K, committed 36160K, reserved 1114112K
  class space    used 3604K, committed 3840K, reserved 1048576K
}
Event: 7.626 GC heap before
{Heap before GC invocations=15 (full 2):
 PSYoungGen      total 24064K, used 23616K [0x00000000eab00000, 0x00000000ec600000, 0x0000000100000000)
  eden space 20992K, 100% used [0x00000000eab00000,0x00000000ebf80000,0x00000000ebf80000)
  from space 3072K, 85% used [0x00000000ec300000,0x00000000ec590010,0x00000000ec600000)
  to   space 3072K, 0% used [0x00000000ec000000,0x00000000ec000000,0x00000000ec300000)
 ParOldGen       total 68608K, used 18169K [0x00000000c0000000, 0x00000000c4300000, 0x00000000eab00000)
  object space 68608K, 26% used [0x00000000c0000000,0x00000000c11be528,0x00000000c4300000)
 Metaspace       used 36247K, committed 36928K, reserved 1114112K
  class space    used 3683K, committed 3968K, reserved 1048576K
}
Event: 7.631 GC heap after
{Heap after GC invocations=15 (full 2):
 PSYoungGen      total 24064K, used 2660K [0x00000000eab00000, 0x00000000ec580000, 0x0000000100000000)
  eden space 20992K, 0% used [0x00000000eab00000,0x00000000eab00000,0x00000000ebf80000)
  from space 3072K, 86% used [0x00000000ec000000,0x00000000ec2993d0,0x00000000ec300000)
  to   space 2560K, 0% used [0x00000000ec300000,0x00000000ec300000,0x00000000ec580000)
 ParOldGen       total 68608K, used 20697K [0x00000000c0000000, 0x00000000c4300000, 0x00000000eab00000)
  object space 68608K, 30% used [0x00000000c0000000,0x00000000c1436538,0x00000000c4300000)
 Metaspace       used 36247K, committed 36928K, reserved 1114112K
  class space    used 3683K, committed 3968K, reserved 1048576K
}
Event: 8.195 GC heap before
{Heap before GC invocations=16 (full 2):
 PSYoungGen      total 24064K, used 23642K [0x00000000eab00000, 0x00000000ec580000, 0x0000000100000000)
  eden space 20992K, 99% used [0x00000000eab00000,0x00000000ebf7d628,0x00000000ebf80000)
  from space 3072K, 86% used [0x00000000ec000000,0x00000000ec2993d0,0x00000000ec300000)
  to   space 2560K, 0% used [0x00000000ec300000,0x00000000ec300000,0x00000000ec580000)
 ParOldGen       total 68608K, used 20697K [0x00000000c0000000, 0x00000000c4300000, 0x00000000eab00000)
  object space 68608K, 30% used [0x00000000c0000000,0x00000000c1436538,0x00000000c4300000)
 Metaspace       used 38513K, committed 39232K, reserved 1114112K
  class space    used 3948K, committed 4224K, reserved 1048576K
}
Event: 8.199 GC heap after
{Heap after GC invocations=16 (full 2):
 PSYoungGen      total 22016K, used 781K [0x00000000eab00000, 0x00000000ec400000, 0x0000000100000000)
  eden space 20992K, 0% used [0x00000000eab00000,0x00000000eab00000,0x00000000ebf80000)
  from space 1024K, 76% used [0x00000000ec300000,0x00000000ec3c34f8,0x00000000ec400000)
  to   space 1536K, 0% used [0x00000000ec100000,0x00000000ec100000,0x00000000ec280000)
 ParOldGen       total 68608K, used 23288K [0x00000000c0000000, 0x00000000c4300000, 0x00000000eab00000)
  object space 68608K, 33% used [0x00000000c0000000,0x00000000c16be1c8,0x00000000c4300000)
 Metaspace       used 38513K, committed 39232K, reserved 1114112K
  class space    used 3948K, committed 4224K, reserved 1048576K
}
Event: 8.889 GC heap before
{Heap before GC invocations=17 (full 2):
 PSYoungGen      total 22016K, used 21773K [0x00000000eab00000, 0x00000000ec400000, 0x0000000100000000)
  eden space 20992K, 100% used [0x00000000eab00000,0x00000000ebf80000,0x00000000ebf80000)
  from space 1024K, 76% used [0x00000000ec300000,0x00000000ec3c34f8,0x00000000ec400000)
  to   space 1536K, 0% used [0x00000000ec100000,0x00000000ec100000,0x00000000ec280000)
 ParOldGen       total 68608K, used 23288K [0x00000000c0000000, 0x00000000c4300000, 0x00000000eab00000)
  object space 68608K, 33% used [0x00000000c0000000,0x00000000c16be1c8,0x00000000c4300000)
 Metaspace       used 40420K, committed 41088K, reserved 1114112K
  class space    used 4128K, committed 4416K, reserved 1048576K
}
Event: 8.891 GC heap after
{Heap after GC invocations=17 (full 2):
 PSYoungGen      total 22528K, used 512K [0x00000000eab00000, 0x00000000ec380000, 0x0000000100000000)
  eden space 20992K, 0% used [0x00000000eab00000,0x00000000eab00000,0x00000000ebf80000)
  from space 1536K, 33% used [0x00000000ec100000,0x00000000ec180000,0x00000000ec280000)
  to   space 1024K, 0% used [0x00000000ec280000,0x00000000ec280000,0x00000000ec380000)
 ParOldGen       total 68608K, used 23864K [0x00000000c0000000, 0x00000000c4300000, 0x00000000eab00000)
  object space 68608K, 34% used [0x00000000c0000000,0x00000000c174e128,0x00000000c4300000)
 Metaspace       used 40420K, committed 41088K, reserved 1114112K
  class space    used 4128K, committed 4416K, reserved 1048576K
}
Event: 9.894 GC heap before
{Heap before GC invocations=18 (full 2):
 PSYoungGen      total 22528K, used 21504K [0x00000000eab00000, 0x00000000ec380000, 0x0000000100000000)
  eden space 20992K, 100% used [0x00000000eab00000,0x00000000ebf80000,0x00000000ebf80000)
  from space 1536K, 33% used [0x00000000ec100000,0x00000000ec180000,0x00000000ec280000)
  to   space 1024K, 0% used [0x00000000ec280000,0x00000000ec280000,0x00000000ec380000)
 ParOldGen       total 68608K, used 23864K [0x00000000c0000000, 0x00000000c4300000, 0x00000000eab00000)
  object space 68608K, 34% used [0x00000000c0000000,0x00000000c174e128,0x00000000c4300000)
 Metaspace       used 43463K, committed 44160K, reserved 1114112K
  class space    used 4396K, committed 4672K, reserved 1048576K
}
Event: 9.897 GC heap after
{Heap after GC invocations=18 (full 2):
 PSYoungGen      total 22016K, used 1006K [0x00000000eab00000, 0x00000000ec380000, 0x0000000100000000)
  eden space 20992K, 0% used [0x00000000eab00000,0x00000000eab00000,0x00000000ebf80000)
  from space 1024K, 98% used [0x00000000ec280000,0x00000000ec37ba10,0x00000000ec380000)
  to   space 2048K, 0% used [0x00000000ebf80000,0x00000000ebf80000,0x00000000ec180000)
 ParOldGen       total 68608K, used 24625K [0x00000000c0000000, 0x00000000c4300000, 0x00000000eab00000)
  object space 68608K, 35% used [0x00000000c0000000,0x00000000c180c7f0,0x00000000c4300000)
 Metaspace       used 43463K, committed 44160K, reserved 1114112K
  class space    used 4396K, committed 4672K, reserved 1048576K
}

Dll operation events (10 events):
Event: 0.008 Loaded shared library c:\Users\rober\.vscode\extensions\redhat.java-1.18.0-win32-x64\jre\17.0.7-win32-x86_64\bin\java.dll
Event: 0.197 Loaded shared library c:\Users\rober\.vscode\extensions\redhat.java-1.18.0-win32-x64\jre\17.0.7-win32-x86_64\bin\zip.dll
Event: 0.202 Loaded shared library C:\Users\rober\.vscode\extensions\redhat.java-1.18.0-win32-x64\jre\17.0.7-win32-x86_64\bin\instrument.dll
Event: 0.220 Loaded shared library C:\Users\rober\.vscode\extensions\redhat.java-1.18.0-win32-x64\jre\17.0.7-win32-x86_64\bin\net.dll
Event: 0.224 Loaded shared library C:\Users\rober\.vscode\extensions\redhat.java-1.18.0-win32-x64\jre\17.0.7-win32-x86_64\bin\nio.dll
Event: 0.236 Loaded shared library C:\Users\rober\.vscode\extensions\redhat.java-1.18.0-win32-x64\jre\17.0.7-win32-x86_64\bin\zip.dll
Event: 0.260 Loaded shared library C:\Users\rober\.vscode\extensions\redhat.java-1.18.0-win32-x64\jre\17.0.7-win32-x86_64\bin\jimage.dll
Event: 0.341 Loaded shared library c:\Users\rober\.vscode\extensions\redhat.java-1.18.0-win32-x64\jre\17.0.7-win32-x86_64\bin\verify.dll
Event: 1.956 Loaded shared library C:\Users\rober\AppData\Roaming\Code\User\globalStorage\redhat.java\1.18.0\config_ss_win\org.eclipse.equinox.launcher\org.eclipse.equinox.launcher.win32.win32.x86_64_1.2.700.v20221108-1024\eclipse_11801.dll
Event: 5.188 Loaded shared library C:\Users\rober\AppData\Local\Temp\jna-108685618\jna12903032469459016381.dll

Deoptimization events (20 events):
Event: 9.420 Thread 0x000001debe36e560 DEOPT PACKING pc=0x000001dea68716fa sp=0x000000c13e6fde50
Event: 9.420 Thread 0x000001debe36e560 DEOPT UNPACKING pc=0x000001dead756e43 sp=0x000000c13e6fd2c0 mode 0
Event: 9.427 Thread 0x000001debe36e560 DEOPT PACKING pc=0x000001dea68716fa sp=0x000000c13e6fde80
Event: 9.427 Thread 0x000001debe36e560 DEOPT UNPACKING pc=0x000001dead756e43 sp=0x000000c13e6fd2f0 mode 0
Event: 9.428 Thread 0x000001debe36e560 DEOPT PACKING pc=0x000001dea68716fa sp=0x000000c13e6fde80
Event: 9.428 Thread 0x000001debe36e560 DEOPT UNPACKING pc=0x000001dead756e43 sp=0x000000c13e6fd2f0 mode 0
Event: 9.507 Thread 0x000001debe36e560 Uncommon trap: trap_request=0xffffff45 fr.pc=0x000001deadda833c relative=0x000000000000021c
Event: 9.507 Thread 0x000001debe36e560 Uncommon trap: reason=unstable_if action=reinterpret pc=0x000001deadda833c method=java.util.WeakHashMap.expungeStaleEntries()V @ 9 c2
Event: 9.507 Thread 0x000001debe36e560 DEOPT PACKING pc=0x000001deadda833c sp=0x000000c13e6fd900
Event: 9.507 Thread 0x000001debe36e560 DEOPT UNPACKING pc=0x000001dead7566a3 sp=0x000000c13e6fd898 mode 2
Event: 9.591 Thread 0x000001debe36e560 Uncommon trap: trap_request=0xffffff6e fr.pc=0x000001deade0f04c relative=0x00000000000003ac
Event: 9.591 Thread 0x000001debe36e560 Uncommon trap: reason=loop_limit_check action=maybe_recompile pc=0x000001deade0f04c method=org.eclipse.jdt.internal.compiler.classfmt.ClassFileStruct.utf8At(II)[C @ 143 c2
Event: 9.591 Thread 0x000001debe36e560 DEOPT PACKING pc=0x000001deade0f04c sp=0x000000c13e6fd530
Event: 9.591 Thread 0x000001debe36e560 DEOPT UNPACKING pc=0x000001dead7566a3 sp=0x000000c13e6fd4c8 mode 2
Event: 9.676 Thread 0x000001debe36e560 DEOPT PACKING pc=0x000001dea6298d43 sp=0x000000c13e6f8b70
Event: 9.676 Thread 0x000001debe36e560 DEOPT UNPACKING pc=0x000001dead756e43 sp=0x000000c13e6f8090 mode 0
Event: 9.787 Thread 0x000001debe36e560 Uncommon trap: trap_request=0xffffff45 fr.pc=0x000001deaddc4bf4 relative=0x0000000000000234
Event: 9.787 Thread 0x000001debe36e560 Uncommon trap: reason=unstable_if action=reinterpret pc=0x000001deaddc4bf4 method=java.util.HashMap.getNode(Ljava/lang/Object;)Ljava/util/HashMap$Node; @ 66 c2
Event: 9.787 Thread 0x000001debe36e560 DEOPT PACKING pc=0x000001deaddc4bf4 sp=0x000000c13e6fd5a0
Event: 9.787 Thread 0x000001debe36e560 DEOPT UNPACKING pc=0x000001dead7566a3 sp=0x000000c13e6fd4b8 mode 2

Classes unloaded (7 events):
Event: 3.192 Thread 0x000001deb73cbbc0 Unloading class 0x0000000100212400 'java/lang/invoke/LambdaForm$MH+0x0000000100212400'
Event: 3.192 Thread 0x000001deb73cbbc0 Unloading class 0x0000000100212000 'java/lang/invoke/LambdaForm$MH+0x0000000100212000'
Event: 3.192 Thread 0x000001deb73cbbc0 Unloading class 0x0000000100211c00 'java/lang/invoke/LambdaForm$MH+0x0000000100211c00'
Event: 3.192 Thread 0x000001deb73cbbc0 Unloading class 0x0000000100211800 'java/lang/invoke/LambdaForm$MH+0x0000000100211800'
Event: 3.192 Thread 0x000001deb73cbbc0 Unloading class 0x0000000100211000 'java/lang/invoke/LambdaForm$BMH+0x0000000100211000'
Event: 3.192 Thread 0x000001deb73cbbc0 Unloading class 0x0000000100210c00 'java/lang/invoke/LambdaForm$DMH+0x0000000100210c00'
Event: 3.192 Thread 0x000001deb73cbbc0 Unloading class 0x000000010020e000 'java/lang/invoke/LambdaForm$DMH+0x000000010020e000'

Classes redefined (0 events):
No events

Internal exceptions (20 events):
Event: 5.457 Thread 0x000001dea3542180 Exception <a 'java/lang/NoSuchMethodError'{0x00000000eba5d408}: 'java.lang.Object java.lang.invoke.Invokers$Holder.linkToTargetMethod(java.lang.Object, long, java.lang.Object)'> (0x00000000eba5d408) 
thrown [s\src\hotspot\share\interpreter\linkResolver.cpp, line 759]
Event: 5.532 Thread 0x000001dea3542180 Exception <a 'java/lang/NoSuchMethodError'{0x00000000ebbff148}: 'void java.lang.invoke.DirectMethodHandle$Holder.invokeStatic(java.lang.Object, java.lang.Object, java.lang.Object, java.lang.Object)'> (0x00000000ebbff148) 
thrown [s\src\hotspot\share\interpreter\linkResolver.cpp, line 759]
Event: 5.840 Thread 0x000001dea3542180 Exception <a 'java/lang/NoSuchMethodError'{0x00000000eac0f338}: 'void java.lang.invoke.DirectMethodHandle$Holder.invokeSpecial(java.lang.Object, java.lang.Object, java.lang.Object, java.lang.Object, java.lang.Object, java.lang.Object)'> (0x00000000eac0f338) 
thrown [s\src\hotspot\share\interpreter\linkResolver.cpp, line 759]
Event: 5.842 Thread 0x000001dea3542180 Exception <a 'java/lang/IncompatibleClassChangeError'{0x00000000eac17e30}: Found class java.lang.Object, but interface was expected> (0x00000000eac17e30) 
thrown [s\src\hotspot\share\interpreter\linkResolver.cpp, line 826]
Event: 6.081 Thread 0x000001debe36b070 Exception <a 'java/io/FileNotFoundException'{0x00000000eb105bb0}> (0x00000000eb105bb0) 
thrown [s\src\hotspot\share\prims\jni.cpp, line 516]
Event: 6.237 Thread 0x000001debe36b070 Exception <a 'java/lang/NoSuchMethodError'{0x00000000eb626a90}: 'int java.lang.invoke.DirectMethodHandle$Holder.invokeVirtual(java.lang.Object, java.lang.Object)'> (0x00000000eb626a90) 
thrown [s\src\hotspot\share\interpreter\linkResolver.cpp, line 759]
Event: 6.400 Thread 0x000001debe36c3b0 Exception <a 'java/lang/NoSuchMethodError'{0x00000000eb9b8fc8}: 'java.lang.Object java.lang.invoke.Invokers$Holder.invoke_MT(java.lang.Object, java.lang.Object, java.lang.Object)'> (0x00000000eb9b8fc8) 
thrown [s\src\hotspot\share\interpreter\linkResolver.cpp, line 759]
Event: 6.842 Thread 0x000001debe36c3b0 Exception <a 'java/io/FileNotFoundException'{0x00000000eb8df038}> (0x00000000eb8df038) 
thrown [s\src\hotspot\share\prims\jni.cpp, line 516]
Event: 6.842 Thread 0x000001debe36c3b0 Exception <a 'java/io/FileNotFoundException'{0x00000000eb8e0900}> (0x00000000eb8e0900) 
thrown [s\src\hotspot\share\prims\jni.cpp, line 516]
Event: 6.843 Thread 0x000001debe36c3b0 Exception <a 'java/lang/NoSuchMethodError'{0x00000000eb8ed2f8}: 'void java.lang.invoke.DirectMethodHandle$Holder.invokeStaticInit(java.lang.Object, java.lang.Object, java.lang.Object)'> (0x00000000eb8ed2f8) 
thrown [s\src\hotspot\share\interpreter\linkResolver.cpp, line 759]
Event: 7.572 Thread 0x000001debe36b070 Exception <a 'java/lang/NoSuchMethodError'{0x00000000ebd0b660}: 'java.lang.Object java.lang.invoke.DirectMethodHandle$Holder.invokeInterface(java.lang.Object, java.lang.Object, java.lang.Object)'> (0x00000000ebd0b660) 
thrown [s\src\hotspot\share\interpreter\linkResolver.cpp, line 759]
Event: 7.572 Thread 0x000001debe36ba10 Exception <a 'java/lang/NoSuchMethodError'{0x00000000ebd67b40}: 'java.lang.Object java.lang.invoke.DirectMethodHandle$Holder.invokeInterface(java.lang.Object, java.lang.Object, java.lang.Object)'> (0x00000000ebd67b40) 
thrown [s\src\hotspot\share\interpreter\linkResolver.cpp, line 759]
Event: 8.662 Thread 0x000001debe36b070 Implicit null exception at 0x000001deadd9b547 to 0x000001deadd9c1ac
Event: 8.915 Thread 0x000001debe36b070 Exception <a 'java/io/FileNotFoundException'{0x00000000eabb24e8}> (0x00000000eabb24e8) 
thrown [s\src\hotspot\share\prims\jni.cpp, line 516]
Event: 8.915 Thread 0x000001debe36b070 Exception <a 'java/io/FileNotFoundException'{0x00000000eabb3a50}> (0x00000000eabb3a50) 
thrown [s\src\hotspot\share\prims\jni.cpp, line 516]
Event: 9.321 Thread 0x000001debe36d220 Exception <a 'java/lang/ArrayIndexOutOfBoundsException'{0x00000000eb2ce150}: Index 1529 out of bounds for length 1528> (0x00000000eb2ce150) 
thrown [s\src\hotspot\share\interpreter\interpreterRuntime.cpp, line 428]
Event: 9.530 Thread 0x000001debe36e560 Exception <a 'java/lang/NoSuchMethodError'{0x00000000eb7a0fa8}: 'int java.lang.invoke.DirectMethodHandle$Holder.invokeStatic(java.lang.Object, java.lang.Object, java.lang.Object, int)'> (0x00000000eb7a0fa8) 
thrown [s\src\hotspot\share\interpreter\linkResolver.cpp, line 759]
Event: 9.557 Thread 0x000001debe36e560 Exception <a 'java/lang/NoSuchMethodError'{0x00000000eb84c810}: 'int java.lang.invoke.DirectMethodHandle$Holder.invokeVirtual(java.lang.Object, java.lang.Object, java.lang.Object)'> (0x00000000eb84c810) 
thrown [s\src\hotspot\share\interpreter\linkResolver.cpp, line 759]
Event: 9.561 Thread 0x000001debe36e560 Exception <a 'java/lang/NoSuchMethodError'{0x00000000eb86d1d8}: 'int java.lang.invoke.DirectMethodHandle$Holder.invokeSpecialIFC(java.lang.Object, java.lang.Object, java.lang.Object)'> (0x00000000eb86d1d8) 
thrown [s\src\hotspot\share\interpreter\linkResolver.cpp, line 759]
Event: 9.645 Thread 0x000001debe36e560 Exception <a 'java/io/FileNotFoundException'{0x00000000ebabbfd8}> (0x00000000ebabbfd8) 
thrown [s\src\hotspot\share\prims\jni.cpp, line 516]

VM Operations (20 events):
Event: 7.892 Executing VM operation: HandshakeAllThreads
Event: 7.892 Executing VM operation: HandshakeAllThreads done
Event: 8.195 Executing VM operation: HandshakeAllThreads
Event: 8.195 Executing VM operation: HandshakeAllThreads done
Event: 8.195 Executing VM operation: ParallelGCFailedAllocation
Event: 8.199 Executing VM operation: ParallelGCFailedAllocation done
Event: 8.882 Executing VM operation: HandshakeAllThreads
Event: 8.882 Executing VM operation: HandshakeAllThreads done
Event: 8.889 Executing VM operation: ParallelGCFailedAllocation
Event: 8.891 Executing VM operation: ParallelGCFailedAllocation done
Event: 9.331 Executing VM operation: HandshakeAllThreads
Event: 9.331 Executing VM operation: HandshakeAllThreads done
Event: 9.565 Executing VM operation: HandshakeAllThreads
Event: 9.565 Executing VM operation: HandshakeAllThreads done
Event: 9.761 Executing VM operation: HandshakeAllThreads
Event: 9.761 Executing VM operation: HandshakeAllThreads done
Event: 9.894 Executing VM operation: ParallelGCFailedAllocation
Event: 9.898 Executing VM operation: ParallelGCFailedAllocation done
Event: 9.984 Executing VM operation: HandshakeAllThreads
Event: 9.984 Executing VM operation: HandshakeAllThreads done

Events (20 events):
Event: 9.414 loading class java/util/stream/MatchOps$MatchKind done
Event: 9.414 loading class java/util/stream/MatchOps
Event: 9.415 loading class java/util/stream/MatchOps done
Event: 9.415 loading class java/util/stream/MatchOps$MatchOp
Event: 9.415 loading class java/util/stream/MatchOps$MatchOp done
Event: 9.416 loading class java/util/stream/MatchOps$BooleanTerminalSink
Event: 9.416 loading class java/util/stream/MatchOps$BooleanTerminalSink done
Event: 9.417 loading class java/util/stream/MatchOps$1MatchSink
Event: 9.417 loading class java/util/stream/MatchOps$1MatchSink done
Event: 9.558 loading class java/util/stream/ReduceOps$4
Event: 9.558 loading class java/util/stream/ReduceOps$4 done
Event: 9.558 loading class java/util/stream/ReduceOps$4ReducingSink
Event: 9.558 loading class java/util/stream/ReduceOps$4ReducingSink done
Event: 9.982 loading class java/util/regex/Pattern$LazyLoop
Event: 9.982 loading class java/util/regex/Pattern$LazyLoop done
Event: 9.982 loading class java/util/regex/Pattern$Pos
Event: 9.982 loading class java/util/regex/Pattern$Pos done
Event: 10.116 Thread 0x000001debe36d6f0 Thread added: 0x000001debe36d6f0
Event: 10.116 loading class java/util/AbstractList$RandomAccessSpliterator
Event: 10.116 loading class java/util/AbstractList$RandomAccessSpliterator done


Dynamic libraries:
0x00007ff735c20000 - 0x00007ff735c2e000 	c:\Users\rober\.vscode\extensions\redhat.java-1.18.0-win32-x64\jre\17.0.7-win32-x86_64\bin\java.exe
0x00007ffc85770000 - 0x00007ffc85968000 	C:\Windows\SYSTEM32\ntdll.dll
0x00007ffc85650000 - 0x00007ffc8570f000 	C:\Windows\System32\KERNEL32.DLL
0x00007ffc82fc0000 - 0x00007ffc832b6000 	C:\Windows\System32\KERNELBASE.dll
0x00007ffc83420000 - 0x00007ffc83520000 	C:\Windows\System32\ucrtbase.dll
0x00007ffc5ddc0000 - 0x00007ffc5ddd9000 	c:\Users\rober\.vscode\extensions\redhat.java-1.18.0-win32-x64\jre\17.0.7-win32-x86_64\bin\VCRUNTIME140.dll
0x00007ffc5dda0000 - 0x00007ffc5ddb7000 	c:\Users\rober\.vscode\extensions\redhat.java-1.18.0-win32-x64\jre\17.0.7-win32-x86_64\bin\jli.dll
0x00007ffc83cb0000 - 0x00007ffc83e4d000 	C:\Windows\System32\USER32.dll
0x00007ffc83520000 - 0x00007ffc83542000 	C:\Windows\System32\win32u.dll
0x00007ffc714c0000 - 0x00007ffc7175a000 	C:\Windows\WinSxS\amd64_microsoft.windows.common-controls_6595b64144ccf1df_6.0.19041.1110_none_60b5254171f9507e\COMCTL32.dll
0x00007ffc85620000 - 0x00007ffc8564c000 	C:\Windows\System32\GDI32.dll
0x00007ffc84950000 - 0x00007ffc849ee000 	C:\Windows\System32\msvcrt.dll
0x00007ffc82e50000 - 0x00007ffc82f65000 	C:\Windows\System32\gdi32full.dll
0x00007ffc83550000 - 0x00007ffc835ed000 	C:\Windows\System32\msvcp_win.dll
0x00007ffc855f0000 - 0x00007ffc85620000 	C:\Windows\System32\IMM32.DLL
0x00007ffc65230000 - 0x00007ffc6523c000 	c:\Users\rober\.vscode\extensions\redhat.java-1.18.0-win32-x64\jre\17.0.7-win32-x86_64\bin\vcruntime140_1.dll
0x00007ffc4b500000 - 0x00007ffc4b591000 	c:\Users\rober\.vscode\extensions\redhat.java-1.18.0-win32-x64\jre\17.0.7-win32-x86_64\bin\msvcp140.dll
0x00007ffc415a0000 - 0x00007ffc421e8000 	c:\Users\rober\.vscode\extensions\redhat.java-1.18.0-win32-x64\jre\17.0.7-win32-x86_64\bin\server\jvm.dll
0x00007ffc83e50000 - 0x00007ffc83eff000 	C:\Windows\System32\ADVAPI32.dll
0x00007ffc85330000 - 0x00007ffc853cc000 	C:\Windows\System32\sechost.dll
0x00007ffc84120000 - 0x00007ffc84246000 	C:\Windows\System32\RPCRT4.dll
0x00007ffc6d000000 - 0x00007ffc6d009000 	C:\Windows\SYSTEM32\WSOCK32.dll
0x00007ffc7b250000 - 0x00007ffc7b277000 	C:\Windows\SYSTEM32\WINMM.dll
0x00007ffc840b0000 - 0x00007ffc8411b000 	C:\Windows\System32\WS2_32.dll
0x00007ffc7b5b0000 - 0x00007ffc7b5ba000 	C:\Windows\SYSTEM32\VERSION.dll
0x00007ffc816a0000 - 0x00007ffc816b2000 	C:\Windows\SYSTEM32\kernel.appcore.dll
0x00007ffc5db00000 - 0x00007ffc5db0a000 	c:\Users\rober\.vscode\extensions\redhat.java-1.18.0-win32-x64\jre\17.0.7-win32-x86_64\bin\jimage.dll
0x00007ffc80ae0000 - 0x00007ffc80cc4000 	C:\Windows\SYSTEM32\DBGHELP.DLL
0x00007ffc6a460000 - 0x00007ffc6a494000 	C:\Windows\SYSTEM32\dbgcore.DLL
0x00007ffc83660000 - 0x00007ffc836e2000 	C:\Windows\System32\bcryptPrimitives.dll
0x00007ffc5daf0000 - 0x00007ffc5dafe000 	c:\Users\rober\.vscode\extensions\redhat.java-1.18.0-win32-x64\jre\17.0.7-win32-x86_64\bin\instrument.dll
0x00007ffc4d3a0000 - 0x00007ffc4d3c5000 	c:\Users\rober\.vscode\extensions\redhat.java-1.18.0-win32-x64\jre\17.0.7-win32-x86_64\bin\java.dll
0x00007ffc5dad0000 - 0x00007ffc5dae8000 	c:\Users\rober\.vscode\extensions\redhat.java-1.18.0-win32-x64\jre\17.0.7-win32-x86_64\bin\zip.dll
0x00007ffc84ac0000 - 0x00007ffc85204000 	C:\Windows\System32\SHELL32.dll
0x00007ffc80ef0000 - 0x00007ffc81683000 	C:\Windows\SYSTEM32\windows.storage.dll
0x00007ffc837d0000 - 0x00007ffc83b24000 	C:\Windows\System32\combase.dll
0x00007ffc827d0000 - 0x00007ffc827fe000 	C:\Windows\SYSTEM32\Wldp.dll
0x00007ffc848a0000 - 0x00007ffc8494d000 	C:\Windows\System32\SHCORE.dll
0x00007ffc85580000 - 0x00007ffc855d5000 	C:\Windows\System32\shlwapi.dll
0x00007ffc82d90000 - 0x00007ffc82daf000 	C:\Windows\SYSTEM32\profapi.dll
0x00007ffc4d1c0000 - 0x00007ffc4d1d9000 	C:\Users\rober\.vscode\extensions\redhat.java-1.18.0-win32-x64\jre\17.0.7-win32-x86_64\bin\net.dll
0x00007ffc79230000 - 0x00007ffc7933a000 	C:\Windows\SYSTEM32\WINHTTP.dll
0x00007ffc82530000 - 0x00007ffc8259a000 	C:\Windows\system32\mswsock.dll
0x00007ffc4cc50000 - 0x00007ffc4cc65000 	C:\Users\rober\.vscode\extensions\redhat.java-1.18.0-win32-x64\jre\17.0.7-win32-x86_64\bin\nio.dll
0x00007ffc5d990000 - 0x00007ffc5d9a0000 	c:\Users\rober\.vscode\extensions\redhat.java-1.18.0-win32-x64\jre\17.0.7-win32-x86_64\bin\verify.dll
0x00007ffc4afd0000 - 0x00007ffc4b00e000 	C:\Users\rober\AppData\Roaming\Code\User\globalStorage\redhat.java\1.18.0\config_ss_win\org.eclipse.equinox.launcher\org.eclipse.equinox.launcher.win32.win32.x86_64_1.2.700.v20221108-1024\eclipse_11801.dll
0x00007ffc853d0000 - 0x00007ffc854fa000 	C:\Windows\System32\ole32.dll
0x00007ffc82720000 - 0x00007ffc82738000 	C:\Windows\SYSTEM32\CRYPTSP.dll
0x00007ffc81e50000 - 0x00007ffc81e84000 	C:\Windows\system32\rsaenh.dll
0x00007ffc836f0000 - 0x00007ffc83717000 	C:\Windows\System32\bcrypt.dll
0x00007ffc82d50000 - 0x00007ffc82d7e000 	C:\Windows\SYSTEM32\USERENV.dll
0x00007ffc82740000 - 0x00007ffc8274c000 	C:\Windows\SYSTEM32\CRYPTBASE.dll
0x00007ffc82220000 - 0x00007ffc8225c000 	C:\Windows\SYSTEM32\IPHLPAPI.DLL
0x00007ffc83ca0000 - 0x00007ffc83ca8000 	C:\Windows\System32\NSI.dll
0x00007ffc7b5c0000 - 0x00007ffc7b5d7000 	C:\Windows\SYSTEM32\dhcpcsvc6.DLL
0x00007ffc7b690000 - 0x00007ffc7b6ad000 	C:\Windows\SYSTEM32\dhcpcsvc.DLL
0x00007ffc82260000 - 0x00007ffc8232b000 	C:\Windows\SYSTEM32\DNSAPI.dll
0x00007ffc4aae0000 - 0x00007ffc4ab25000 	C:\Users\rober\AppData\Local\Temp\jna-108685618\jna12903032469459016381.dll
0x00007ffc855e0000 - 0x00007ffc855e8000 	C:\Windows\System32\PSAPI.DLL

dbghelp: loaded successfully - version: 4.0.5 - missing functions: none
symbol engine: initialized successfully - sym options: 0x614 - pdb path: .;c:\Users\rober\.vscode\extensions\redhat.java-1.18.0-win32-x64\jre\17.0.7-win32-x86_64\bin;C:\Windows\SYSTEM32;C:\Windows\WinSxS\amd64_microsoft.windows.common-controls_6595b64144ccf1df_6.0.19041.1110_none_60b5254171f9507e;c:\Users\rober\.vscode\extensions\redhat.java-1.18.0-win32-x64\jre\17.0.7-win32-x86_64\bin\server;C:\Users\rober\AppData\Roaming\Code\User\globalStorage\redhat.java\1.18.0\config_ss_win\org.eclipse.equinox.launcher\org.eclipse.equinox.launcher.win32.win32.x86_64_1.2.700.v20221108-1024;C:\Users\rober\AppData\Local\Temp\jna-108685618

VM Arguments:
jvm_args: --add-modules=ALL-SYSTEM --add-opens=java.base/java.util=ALL-UNNAMED --add-opens=java.base/java.lang=ALL-UNNAMED --add-opens=java.base/sun.nio.fs=ALL-UNNAMED -Declipse.application=org.eclipse.jdt.ls.core.id1 -Dosgi.bundles.defaultStartLevel=4 -Declipse.product=org.eclipse.jdt.ls.core.product -Djava.import.generatesMetadataFilesAtProjectRoot=false -Dfile.encoding=utf8 -XX:+UseParallelGC -XX:GCTimeRatio=4 -XX:AdaptiveSizePolicyWeight=90 -Dsun.zip.disableMemoryMapping=true -Xmx1G -Xms100m -Xlog:disable -javaagent:c:\Users\rober\.vscode\extensions\redhat.java-1.18.0-win32-x64\lombok\lombok-1.18.27.jar 
java_command: c:\Users\rober\.vscode\extensions\redhat.java-1.18.0-win32-x64\server\plugins\org.eclipse.equinox.launcher_1.6.400.v20210924-0641.jar -configuration c:\Users\rober\AppData\Roaming\Code\User\globalStorage\redhat.java\1.18.0\config_ss_win -data c:\Users\rober\AppData\Roaming\Code\User\workspaceStorage\3524de9405b1f8b16a87b793a8cca7fd\redhat.java\ss_ws
java_class_path (initial): c:\Users\rober\.vscode\extensions\redhat.java-1.18.0-win32-x64\server\plugins\org.eclipse.equinox.launcher_1.6.400.v20210924-0641.jar
Launcher Type: SUN_STANDARD

[Global flags]
    uintx AdaptiveSizePolicyWeight                 = 90                                        {product} {command line}
     intx CICompilerCount                          = 4                                         {product} {ergonomic}
    uintx GCTimeRatio                              = 4                                         {product} {command line}
   size_t InitialHeapSize                          = 104857600                                 {product} {command line}
   size_t MaxHeapSize                              = 1073741824                                {product} {command line}
   size_t MaxNewSize                               = 357564416                                 {product} {ergonomic}
   size_t MinHeapDeltaBytes                        = 524288                                    {product} {ergonomic}
   size_t MinHeapSize                              = 104857600                                 {product} {command line}
   size_t NewSize                                  = 34603008                                  {product} {ergonomic}
    uintx NonNMethodCodeHeapSize                   = 5839372                                {pd product} {ergonomic}
    uintx NonProfiledCodeHeapSize                  = 122909434                              {pd product} {ergonomic}
   size_t OldSize                                  = 70254592                                  {product} {ergonomic}
    uintx ProfiledCodeHeapSize                     = 122909434                              {pd product} {ergonomic}
    uintx ReservedCodeCacheSize                    = 251658240                              {pd product} {ergonomic}
     bool SegmentedCodeCache                       = true                                      {product} {ergonomic}
   size_t SoftMaxHeapSize                          = 1073741824                             {manageable} {ergonomic}
     bool UseCompressedClassPointers               = true                           {product lp64_product} {ergonomic}
     bool UseCompressedOops                        = true                           {product lp64_product} {ergonomic}
     bool UseLargePagesIndividualAllocation        = false                                  {pd product} {ergonomic}
     bool UseParallelGC                            = true                                      {product} {command line}

Logging:
Log output configuration:
 #0: stdout all=off uptime,level,tags
 #1: stderr all=off uptime,level,tags

Environment Variables:
PATH=C:\Program Files\Common Files\Oracle\Java\javapath;C:\Windows\system32;C:\Windows;C:\Windows\System32\Wbem;C:\Windows\System32\WindowsPowerShell\v1.0\;C:\Windows\System32\OpenSSH\;C:\Gradle\gradle-7.6\bin;C:\Program Files\Git\cmd;C:\Php;C:\Program Files\OpenSSL-Win64\bin;C:\ProgramData\ComposerSetup\bin;C:\Program Files (x86)\Microsoft SQL Server\160\DTS\Binn\;C:\Program Files\Azure Data Studio\bin;C:\ProgramData\chocolatey\bin;C:\Program Files\Microsoft SQL Server\150\Tools\Binn\;C:\Program Files\Microsoft SQL Server\Client SDK\ODBC\170\Tools\Binn\;C:\Program Files\dotnet\;C:\Users\rober\AppData\Roaming\nvm;C:\Program Files\nodejs;C:\Users\rober\AppData\Local\Programs\Python\Python310\Scripts\;C:\Users\rober\AppData\Local\Programs\Python\Python310\;C:\Users\rober\AppData\Local\Microsoft\WindowsApps;C:\Users\rober\AppData\Local\Programs\Microsoft VS Code\bin;C:\Users\rober\AppData\Roaming\Composer\vendor\bin;C:\Users\rober\AppData\Roaming\npm;C:\Program Files\Azure Data Studio\bin;C:\Users\rober\.dotnet\tools;C:\Users\rober\AppData\Roaming\nvm;C:\Program Files\nodejs
USERNAME=rober
OS=Windows_NT
PROCESSOR_IDENTIFIER=AMD64 Family 23 Model 24 Stepping 1, AuthenticAMD
TMP=C:\Users\rober\AppData\Local\Temp
TEMP=C:\Users\rober\AppData\Local\Temp



---------------  S Y S T E M  ---------------

OS:
 Windows 10 , 64 bit Build 19041 (10.0.19041.2913)
OS uptime: 0 days 9:04 hours

CPU: total 8 (initial active 8) (8 cores per cpu, 2 threads per core) family 23 model 24 stepping 1 microcode 0x0, cx8, cmov, fxsr, ht, mmx, 3dnowpref, sse, sse2, sse3, ssse3, sse4a, sse4.1, sse4.2, popcnt, lzcnt, tsc, tscinvbit, avx, avx2, aes, clmul, bmi1, bmi2, adx, sha, fma, vzeroupper, clflush, clflushopt

Memory: 4k page, system-wide physical 6091M (163M free)
TotalPageFile size 14283M (AvailPageFile size 4M)
current process WorkingSet (physical memory assigned to process): 175M, peak: 178M
current process commit charge ("private bytes"): 263M, peak: 265M

vm_info: OpenJDK 64-Bit Server VM (17.0.7+7) for windows-amd64 JRE (17.0.7+7), built on Apr 18 2023 22:10:42 by "temurin" with MS VC++ 16.7 (VS2019)

END.
