#
# There is insufficient memory for the Java Runtime Environment to continue.
# Native memory allocation (malloc) failed to allocate 1048576 bytes for AllocateHeap
# Possible reasons:
#   The system is out of physical RAM or swap space
#   The process is running with CompressedOops enabled, and the Java Heap may be blocking the growth of the native heap
# Possible solutions:
#   Reduce memory load on the system
#   Increase physical memory or swap space
#   Check if swap backing store is full
#   Decrease Java heap size (-Xmx/-Xms)
#   Decrease number of Java threads
#   Decrease Java thread stack sizes (-Xss)
#   Set larger code cache with -XX:ReservedCodeCacheSize=
#   JVM is running with Unscaled Compressed Oops mode in which the Java heap is
#     placed in the first 4GB address space. The Java Heap base address is the
#     maximum limit for the native heap growth. Please use -XX:HeapBaseMinAddress
#     to set the Java Heap base and to place the Java Heap above 4GB virtual address.
# This output file may be truncated or incomplete.
#
#  Out of Memory Error (allocation.cpp:44), pid=13676, tid=6496
#
# JRE version:  (17.0.7+7) (build )
# Java VM: OpenJDK 64-Bit Server VM (17.0.7+7, mixed mode, tiered, compressed oops, compressed class ptrs, parallel gc, windows-amd64)
# No core dump will be written. Minidumps are not enabled by default on client versions of Windows
#

---------------  S U M M A R Y ------------

Command Line: --add-modules=ALL-SYSTEM --add-opens=java.base/java.util=ALL-UNNAMED --add-opens=java.base/java.lang=ALL-UNNAMED --add-opens=java.base/sun.nio.fs=ALL-UNNAMED -Declipse.application=org.eclipse.jdt.ls.core.id1 -Dosgi.bundles.defaultStartLevel=4 -Declipse.product=org.eclipse.jdt.ls.core.product -Djava.import.generatesMetadataFilesAtProjectRoot=false -Dfile.encoding=utf8 -XX:+UseParallelGC -XX:GCTimeRatio=4 -XX:AdaptiveSizePolicyWeight=90 -Dsun.zip.disableMemoryMapping=true -Xmx1G -Xms100m -Xlog:disable -javaagent:c:\Users\rober\.vscode\extensions\redhat.java-1.18.0-win32-x64\lombok\lombok-1.18.27.jar -XX:+HeapDumpOnOutOfMemoryError -XX:HeapDumpPath=c:\Users\rober\AppData\Roaming\Code\User\workspaceStorage\3524de9405b1f8b16a87b793a8cca7fd\redhat.java -Daether.dependencyCollector.impl=bf c:\Users\rober\.vscode\extensions\redhat.java-1.18.0-win32-x64\server\plugins\org.eclipse.equinox.launcher_1.6.400.v20210924-0641.jar -configuration c:\Users\rober\AppData\Roaming\Code\User\globalStorage\redhat.java\1.18.0\config_win -data c:\Users\rober\AppData\Roaming\Code\User\workspaceStorage\3524de9405b1f8b16a87b793a8cca7fd\redhat.java\jdt_ws

Host: AMD Ryzen 5 3500U with Radeon Vega Mobile Gfx  , 8 cores, 5G,  Windows 10 , 64 bit Build 19041 (10.0.19041.2913)
Time: Tue May 30 21:44:09 2023 SA Pacific Standard Time elapsed time: 0.063267 seconds (0d 0h 0m 0s)

---------------  T H R E A D  ---------------

Current thread (0x000001a06652d990):  JavaThread "Unknown thread" [_thread_in_vm, id=6496, stack(0x00000001c4a00000,0x00000001c4b00000)]

Stack: [0x00000001c4a00000,0x00000001c4b00000]
Native frames: (J=compiled Java code, j=interpreted, Vv=VM code, C=native code)
V  [jvm.dll+0x67754a]
V  [jvm.dll+0x834304]
V  [jvm.dll+0x835aae]
V  [jvm.dll+0x836113]
V  [jvm.dll+0x24696f]
V  [jvm.dll+0xa681f]
V  [jvm.dll+0x6a9d7a]
V  [jvm.dll+0x6aaa3f]
V  [jvm.dll+0x683c73]
V  [jvm.dll+0x806deb]
V  [jvm.dll+0x36ad14]
V  [jvm.dll+0x7e5cec]
V  [jvm.dll+0x3ed56f]
V  [jvm.dll+0x3ef0a1]
C  [jli.dll+0x528b]
C  [ucrtbase.dll+0x21bb2]
C  [KERNEL32.DLL+0x17614]
C  [ntdll.dll+0x526a1]


---------------  P R O C E S S  ---------------

Threads class SMR info:
_java_thread_list=0x00007ffc40787018, length=0, elements={
}

Java Threads: ( => current thread )

Other Threads:
  0x000001a066543db0 GCTaskThread "GC Thread#0" [stack: 0x00000001c4b00000,0x00000001c4c00000] [id=13152]

=>0x000001a06652d990 (exited) JavaThread "Unknown thread" [_thread_in_vm, id=6496, stack(0x00000001c4a00000,0x00000001c4b00000)]

Threads with active compile tasks:

VM state: not at safepoint (normal execution)

VM Mutex/Monitor currently owned by a thread: None

Heap address: 0x00000000c0000000, size: 1024 MB, Compressed Oops mode: 32-bit

CDS archive(s) not mapped
Compressed class space mapped at: 0x0000000100000000-0x0000000140000000, reserved size: 1073741824
Narrow klass base: 0x0000000000000000, Narrow klass shift: 3, Narrow klass range: 0x140000000

GC Precious Log:
 CPUs: 8 total, 8 available
 Memory: 6091M
 Large Page Support: Disabled
 NUMA Support: Disabled
 Compressed Oops: Enabled (32-bit)
 Alignments: Space 512K, Generation 512K, Heap 2M
 Heap Min Capacity: 100M
 Heap Initial Capacity: 100M
 Heap Max Capacity: 1G
 Pre-touch: Disabled
 Parallel Workers: 8

Heap:
 PSYoungGen      total 29696K, used 512K [0x00000000eab00000, 0x00000000ecc00000, 0x0000000100000000)
  eden space 25600K, 2% used [0x00000000eab00000,0x00000000eab80070,0x00000000ec400000)
  from space 4096K, 0% used [0x00000000ec800000,0x00000000ec800000,0x00000000ecc00000)
  to   space 4096K, 0% used [0x00000000ec400000,0x00000000ec400000,0x00000000ec800000)
 ParOldGen       total 68608K, used 0K [0x00000000c0000000, 0x00000000c4300000, 0x00000000eab00000)
  object space 68608K, 0% used [0x00000000c0000000,0x00000000c0000000,0x00000000c4300000)
 Metaspace       used 1149K, committed 1216K, reserved 1114112K
  class space    used 101K, committed 128K, reserved 1048576K

Card table byte_map: [0x000001a079b80000,0x000001a079d90000] _byte_map_base: 0x000001a079580000

Marking Bits: (ParMarkBitMap*) 0x00007ffc407f52c0
 Begin Bits: [0x000001a079ef0000, 0x000001a07aef0000)
 End Bits:   [0x000001a07aef0000, 0x000001a07bef0000)

Polling page: 0x000001a066600000

Metaspace:

Usage:
  Non-class:      1.02 MB used.
      Class:    101.01 KB used.
       Both:      1.12 MB used.

Virtual space:
  Non-class space:       64.00 MB reserved,       1.06 MB (  2%) committed,  1 nodes.
      Class space:        1.00 GB reserved,     128.00 KB ( <1%) committed,  1 nodes.
             Both:        1.06 GB reserved,       1.19 MB ( <1%) committed. 

Chunk freelists:
   Non-Class:  12.00 MB
       Class:  15.75 MB
        Both:  27.75 MB

MaxMetaspaceSize: unlimited
CompressedClassSpaceSize: 1.00 GB
Initial GC threshold: 21.00 MB
Current GC threshold: 17179869184.00 GB
CDS: off
MetaspaceReclaimPolicy: balanced
 - commit_granule_bytes: 65536.
 - commit_granule_words: 8192.
 - virtual_space_node_default_size: 8388608.
 - enlarge_chunks_in_place: 1.
 - new_chunks_are_fully_committed: 0.
 - uncommit_free_chunks: 1.
 - use_allocation_guard: 0.
 - handle_deallocations: 1.


Internal statistics:

num_allocs_failed_limit: 0.
num_arena_births: 2.
num_arena_deaths: 0.
num_vsnodes_births: 2.
num_vsnodes_deaths: 0.
num_space_committed: 19.
num_space_uncommitted: 0.
num_chunks_returned_to_freelist: 0.
num_chunks_taken_from_freelist: 3.
num_chunk_merges: 0.
num_chunk_splits: 2.
num_chunks_enlarged: 0.
num_inconsistent_stats: 0.

CodeHeap 'non-profiled nmethods': size=120000Kb used=0Kb max_used=0Kb free=120000Kb
 bounds [0x000001a072460000, 0x000001a0726d0000, 0x000001a079990000]
CodeHeap 'profiled nmethods': size=120000Kb used=0Kb max_used=0Kb free=120000Kb
 bounds [0x000001a06a990000, 0x000001a06ac00000, 0x000001a071ec0000]
CodeHeap 'non-nmethods': size=5760Kb used=202Kb max_used=353Kb free=5557Kb
 bounds [0x000001a071ec0000, 0x000001a072130000, 0x000001a072460000]
 total_blobs=66 nmethods=0 adapters=47
 compilation: enabled
              stopped_count=0, restarted_count=0
 full_count=0

Compilation events (0 events):
No events

GC Heap History (0 events):
No events

Dll operation events (1 events):
Event: 0.013 Loaded shared library c:\Users\rober\.vscode\extensions\redhat.java-1.18.0-win32-x64\jre\17.0.7-win32-x86_64\bin\java.dll

Deoptimization events (0 events):
No events

Classes unloaded (0 events):
No events

Classes redefined (0 events):
No events

Internal exceptions (0 events):
No events

VM Operations (0 events):
No events

Events (20 events):
Event: 0.057 loading class java/lang/Long
Event: 0.057 loading class java/lang/Long done
Event: 0.057 loading class java/util/Iterator
Event: 0.057 loading class java/util/Iterator done
Event: 0.057 loading class java/lang/reflect/RecordComponent
Event: 0.057 loading class java/lang/reflect/RecordComponent done
Event: 0.057 loading class jdk/internal/vm/vector/VectorSupport
Event: 0.057 loading class jdk/internal/vm/vector/VectorSupport done
Event: 0.057 loading class jdk/internal/vm/vector/VectorSupport$VectorPayload
Event: 0.057 loading class jdk/internal/vm/vector/VectorSupport$VectorPayload done
Event: 0.057 loading class jdk/internal/vm/vector/VectorSupport$Vector
Event: 0.057 loading class jdk/internal/vm/vector/VectorSupport$Vector done
Event: 0.057 loading class jdk/internal/vm/vector/VectorSupport$VectorMask
Event: 0.058 loading class jdk/internal/vm/vector/VectorSupport$VectorMask done
Event: 0.058 loading class jdk/internal/vm/vector/VectorSupport$VectorShuffle
Event: 0.058 loading class jdk/internal/vm/vector/VectorSupport$VectorShuffle done
Event: 0.060 loading class java/lang/NullPointerException
Event: 0.060 loading class java/lang/NullPointerException done
Event: 0.060 loading class java/lang/ArithmeticException
Event: 0.060 loading class java/lang/ArithmeticException done


Dynamic libraries:
0x00007ff793c00000 - 0x00007ff793c0e000 	c:\Users\rober\.vscode\extensions\redhat.java-1.18.0-win32-x64\jre\17.0.7-win32-x86_64\bin\java.exe
0x00007ffc85770000 - 0x00007ffc85968000 	C:\Windows\SYSTEM32\ntdll.dll
0x00007ffc85650000 - 0x00007ffc8570f000 	C:\Windows\System32\KERNEL32.DLL
0x00007ffc82fc0000 - 0x00007ffc832b6000 	C:\Windows\System32\KERNELBASE.dll
0x00007ffc83420000 - 0x00007ffc83520000 	C:\Windows\System32\ucrtbase.dll
0x00007ffc65800000 - 0x00007ffc65817000 	c:\Users\rober\.vscode\extensions\redhat.java-1.18.0-win32-x64\jre\17.0.7-win32-x86_64\bin\jli.dll
0x00007ffc83cb0000 - 0x00007ffc83e4d000 	C:\Windows\System32\USER32.dll
0x00007ffc83520000 - 0x00007ffc83542000 	C:\Windows\System32\win32u.dll
0x00007ffc85620000 - 0x00007ffc8564c000 	C:\Windows\System32\GDI32.dll
0x00007ffc82e50000 - 0x00007ffc82f65000 	C:\Windows\System32\gdi32full.dll
0x00007ffc83550000 - 0x00007ffc835ed000 	C:\Windows\System32\msvcp_win.dll
0x00007ffc65820000 - 0x00007ffc65839000 	c:\Users\rober\.vscode\extensions\redhat.java-1.18.0-win32-x64\jre\17.0.7-win32-x86_64\bin\VCRUNTIME140.dll
0x00007ffc714c0000 - 0x00007ffc7175a000 	C:\Windows\WinSxS\amd64_microsoft.windows.common-controls_6595b64144ccf1df_6.0.19041.1110_none_60b5254171f9507e\COMCTL32.dll
0x00007ffc84950000 - 0x00007ffc849ee000 	C:\Windows\System32\msvcrt.dll
0x00007ffc855f0000 - 0x00007ffc85620000 	C:\Windows\System32\IMM32.DLL
0x00007ffc7ce30000 - 0x00007ffc7ce3c000 	c:\Users\rober\.vscode\extensions\redhat.java-1.18.0-win32-x64\jre\17.0.7-win32-x86_64\bin\vcruntime140_1.dll
0x00007ffc60c40000 - 0x00007ffc60cd1000 	c:\Users\rober\.vscode\extensions\redhat.java-1.18.0-win32-x64\jre\17.0.7-win32-x86_64\bin\msvcp140.dll
0x00007ffc3fc70000 - 0x00007ffc408b8000 	c:\Users\rober\.vscode\extensions\redhat.java-1.18.0-win32-x64\jre\17.0.7-win32-x86_64\bin\server\jvm.dll
0x00007ffc83e50000 - 0x00007ffc83eff000 	C:\Windows\System32\ADVAPI32.dll
0x00007ffc85330000 - 0x00007ffc853cc000 	C:\Windows\System32\sechost.dll
0x00007ffc84120000 - 0x00007ffc84246000 	C:\Windows\System32\RPCRT4.dll
0x00007ffc6d000000 - 0x00007ffc6d009000 	C:\Windows\SYSTEM32\WSOCK32.dll
0x00007ffc7b250000 - 0x00007ffc7b277000 	C:\Windows\SYSTEM32\WINMM.dll
0x00007ffc7b5b0000 - 0x00007ffc7b5ba000 	C:\Windows\SYSTEM32\VERSION.dll
0x00007ffc840b0000 - 0x00007ffc8411b000 	C:\Windows\System32\WS2_32.dll
0x00007ffc816a0000 - 0x00007ffc816b2000 	C:\Windows\SYSTEM32\kernel.appcore.dll
0x00007ffc6c190000 - 0x00007ffc6c19a000 	c:\Users\rober\.vscode\extensions\redhat.java-1.18.0-win32-x64\jre\17.0.7-win32-x86_64\bin\jimage.dll
0x00007ffc80ae0000 - 0x00007ffc80cc4000 	C:\Windows\SYSTEM32\DBGHELP.DLL
0x00007ffc6a460000 - 0x00007ffc6a494000 	C:\Windows\SYSTEM32\dbgcore.DLL
0x00007ffc83660000 - 0x00007ffc836e2000 	C:\Windows\System32\bcryptPrimitives.dll
0x00007ffc65230000 - 0x00007ffc6523e000 	c:\Users\rober\.vscode\extensions\redhat.java-1.18.0-win32-x64\jre\17.0.7-win32-x86_64\bin\instrument.dll
0x00007ffc60c10000 - 0x00007ffc60c35000 	c:\Users\rober\.vscode\extensions\redhat.java-1.18.0-win32-x64\jre\17.0.7-win32-x86_64\bin\java.dll
0x00007ffc60bf0000 - 0x00007ffc60c08000 	c:\Users\rober\.vscode\extensions\redhat.java-1.18.0-win32-x64\jre\17.0.7-win32-x86_64\bin\zip.dll

dbghelp: loaded successfully - version: 4.0.5 - missing functions: none
symbol engine: initialized successfully - sym options: 0x614 - pdb path: .;c:\Users\rober\.vscode\extensions\redhat.java-1.18.0-win32-x64\jre\17.0.7-win32-x86_64\bin;C:\Windows\SYSTEM32;C:\Windows\WinSxS\amd64_microsoft.windows.common-controls_6595b64144ccf1df_6.0.19041.1110_none_60b5254171f9507e;c:\Users\rober\.vscode\extensions\redhat.java-1.18.0-win32-x64\jre\17.0.7-win32-x86_64\bin\server

VM Arguments:
jvm_args: --add-modules=ALL-SYSTEM --add-opens=java.base/java.util=ALL-UNNAMED --add-opens=java.base/java.lang=ALL-UNNAMED --add-opens=java.base/sun.nio.fs=ALL-UNNAMED -Declipse.application=org.eclipse.jdt.ls.core.id1 -Dosgi.bundles.defaultStartLevel=4 -Declipse.product=org.eclipse.jdt.ls.core.product -Djava.import.generatesMetadataFilesAtProjectRoot=false -Dfile.encoding=utf8 -XX:+UseParallelGC -XX:GCTimeRatio=4 -XX:AdaptiveSizePolicyWeight=90 -Dsun.zip.disableMemoryMapping=true -Xmx1G -Xms100m -Xlog:disable -javaagent:c:\Users\rober\.vscode\extensions\redhat.java-1.18.0-win32-x64\lombok\lombok-1.18.27.jar -XX:+HeapDumpOnOutOfMemoryError -XX:HeapDumpPath=c:\Users\rober\AppData\Roaming\Code\User\workspaceStorage\3524de9405b1f8b16a87b793a8cca7fd\redhat.java -Daether.dependencyCollector.impl=bf 
java_command: c:\Users\rober\.vscode\extensions\redhat.java-1.18.0-win32-x64\server\plugins\org.eclipse.equinox.launcher_1.6.400.v20210924-0641.jar -configuration c:\Users\rober\AppData\Roaming\Code\User\globalStorage\redhat.java\1.18.0\config_win -data c:\Users\rober\AppData\Roaming\Code\User\workspaceStorage\3524de9405b1f8b16a87b793a8cca7fd\redhat.java\jdt_ws
java_class_path (initial): c:\Users\rober\.vscode\extensions\redhat.java-1.18.0-win32-x64\server\plugins\org.eclipse.equinox.launcher_1.6.400.v20210924-0641.jar
Launcher Type: SUN_STANDARD

[Global flags]
    uintx AdaptiveSizePolicyWeight                 = 90                                        {product} {command line}
     intx CICompilerCount                          = 4                                         {product} {ergonomic}
    uintx GCTimeRatio                              = 4                                         {product} {command line}
     bool HeapDumpOnOutOfMemoryError               = true                                   {manageable} {command line}
    ccstr HeapDumpPath                             = c:\Users\rober\AppData\Roaming\Code\User\workspaceStorage\3524de9405b1f8b16a87b793a8cca7fd\redhat.java         {manageable} {command line}
   size_t InitialHeapSize                          = 104857600                                 {product} {command line}
   size_t MaxHeapSize                              = 1073741824                                {product} {command line}
   size_t MaxNewSize                               = 357564416                                 {product} {ergonomic}
   size_t MinHeapDeltaBytes                        = 524288                                    {product} {ergonomic}
   size_t MinHeapSize                              = 104857600                                 {product} {command line}
   size_t NewSize                                  = 34603008                                  {product} {ergonomic}
    uintx NonNMethodCodeHeapSize                   = 5839372                                {pd product} {ergonomic}
    uintx NonProfiledCodeHeapSize                  = 122909434                              {pd product} {ergonomic}
   size_t OldSize                                  = 70254592                                  {product} {ergonomic}
    uintx ProfiledCodeHeapSize                     = 122909434                              {pd product} {ergonomic}
    uintx ReservedCodeCacheSize                    = 251658240                              {pd product} {ergonomic}
     bool SegmentedCodeCache                       = true                                      {product} {ergonomic}
   size_t SoftMaxHeapSize                          = 1073741824                             {manageable} {ergonomic}
     bool UseCompressedClassPointers               = true                           {product lp64_product} {ergonomic}
     bool UseCompressedOops                        = true                           {product lp64_product} {ergonomic}
     bool UseLargePagesIndividualAllocation        = false                                  {pd product} {ergonomic}
     bool UseParallelGC                            = true                                      {product} {command line}

Logging:
Log output configuration:
 #0: stdout all=off uptime,level,tags
 #1: stderr all=off uptime,level,tags

Environment Variables:
PATH=C:\Program Files\Common Files\Oracle\Java\javapath;C:\Windows\system32;C:\Windows;C:\Windows\System32\Wbem;C:\Windows\System32\WindowsPowerShell\v1.0\;C:\Windows\System32\OpenSSH\;C:\Gradle\gradle-7.6\bin;C:\Program Files\Git\cmd;C:\Php;C:\Program Files\OpenSSL-Win64\bin;C:\ProgramData\ComposerSetup\bin;C:\Program Files (x86)\Microsoft SQL Server\160\DTS\Binn\;C:\Program Files\Azure Data Studio\bin;C:\ProgramData\chocolatey\bin;C:\Program Files\Microsoft SQL Server\150\Tools\Binn\;C:\Program Files\Microsoft SQL Server\Client SDK\ODBC\170\Tools\Binn\;C:\Program Files\dotnet\;C:\Users\rober\AppData\Roaming\nvm;C:\Program Files\nodejs;C:\Users\rober\AppData\Local\Programs\Python\Python310\Scripts\;C:\Users\rober\AppData\Local\Programs\Python\Python310\;C:\Users\rober\AppData\Local\Microsoft\WindowsApps;C:\Users\rober\AppData\Local\Programs\Microsoft VS Code\bin;C:\Users\rober\AppData\Roaming\Composer\vendor\bin;C:\Users\rober\AppData\Roaming\npm;C:\Program Files\Azure Data Studio\bin;C:\Users\rober\.dotnet\tools;C:\Users\rober\AppData\Roaming\nvm;C:\Program Files\nodejs
USERNAME=rober
OS=Windows_NT
PROCESSOR_IDENTIFIER=AMD64 Family 23 Model 24 Stepping 1, AuthenticAMD
TMP=C:\Users\rober\AppData\Local\Temp
TEMP=C:\Users\rober\AppData\Local\Temp



---------------  S Y S T E M  ---------------

OS:
 Windows 10 , 64 bit Build 19041 (10.0.19041.2913)
OS uptime: 0 days 9:45 hours

CPU: total 8 (initial active 8) (8 cores per cpu, 2 threads per core) family 23 model 24 stepping 1 microcode 0x0, cx8, cmov, fxsr, ht, mmx, 3dnowpref, sse, sse2, sse3, ssse3, sse4a, sse4.1, sse4.2, popcnt, lzcnt, tsc, tscinvbit, avx, avx2, aes, clmul, bmi1, bmi2, adx, sha, fma, vzeroupper, clflush, clflushopt

Memory: 4k page, system-wide physical 6091M (166M free)
TotalPageFile size 14283M (AvailPageFile size 11M)
current process WorkingSet (physical memory assigned to process): 15M, peak: 15M
current process commit charge ("private bytes"): 154M, peak: 155M

vm_info: OpenJDK 64-Bit Server VM (17.0.7+7) for windows-amd64 JRE (17.0.7+7), built on Apr 18 2023 22:10:42 by "temurin" with MS VC++ 16.7 (VS2019)

END.
