#
# There is insufficient memory for the Java Runtime Environment to continue.
# Native memory allocation (malloc) failed to allocate 278576 bytes for Chunk::new
# Possible reasons:
#   The system is out of physical RAM or swap space
#   The process is running with CompressedOops enabled, and the Java Heap may be blocking the growth of the native heap
# Possible solutions:
#   Reduce memory load on the system
#   Increase physical memory or swap space
#   Check if swap backing store is full
#   Decrease Java heap size (-Xmx/-Xms)
#   Decrease number of Java threads
#   Decrease Java thread stack sizes (-Xss)
#   Set larger code cache with -XX:ReservedCodeCacheSize=
#   JVM is running with Unscaled Compressed Oops mode in which the Java heap is
#     placed in the first 4GB address space. The Java Heap base address is the
#     maximum limit for the native heap growth. Please use -XX:HeapBaseMinAddress
#     to set the Java Heap base and to place the Java Heap above 4GB virtual address.
# This output file may be truncated or incomplete.
#
#  Out of Memory Error (arena.cpp:189), pid=5712, tid=932
#
# JRE version: Java(TM) SE Runtime Environment (17.0.5+9) (build 17.0.5+9-LTS-191)
# Java VM: Java HotSpot(TM) 64-Bit Server VM (17.0.5+9-LTS-191, mixed mode, sharing, tiered, compressed oops, compressed class ptrs, g1 gc, windows-amd64)
# No core dump will be written. Minidumps are not enabled by default on client versions of Windows
#

---------------  S U M M A R Y ------------

Command Line: -Xmx64m -Xms64m -Dorg.gradle.appname=gradle org.gradle.launcher.GradleMain bootrun

Host: AMD Ryzen 5 3500U with Radeon Vega Mobile Gfx  , 8 cores, 5G,  Windows 10 , 64 bit Build 19041 (10.0.19041.2913)
Time: Thu Jun  1 23:23:54 2023 SA Pacific Standard Time elapsed time: 3703.322796 seconds (0d 1h 1m 43s)

---------------  T H R E A D  ---------------

Current thread (0x0000016d5566b020):  JavaThread "C2 CompilerThread0" daemon [_thread_in_native, id=932, stack(0x000000539f400000,0x000000539f500000)]


Current CompileTask:
C2:3703323 1717       4       org.gradle.internal.logging.console.WorkInProgressRenderer::onOutput (53 bytes)

Stack: [0x000000539f400000,0x000000539f500000]
Native frames: (J=compiled Java code, j=interpreted, Vv=VM code, C=native code)
V  [jvm.dll+0x672eea]
V  [jvm.dll+0x7d2a04]
V  [jvm.dll+0x7d41ae]
V  [jvm.dll+0x7d4813]
V  [jvm.dll+0x242c15]
V  [jvm.dll+0xaa57b]
V  [jvm.dll+0xaab0c]
V  [jvm.dll+0x2a997f]
V  [jvm.dll+0x57b307]
V  [jvm.dll+0x21de72]
V  [jvm.dll+0x2176a9]
V  [jvm.dll+0x214fdb]
V  [jvm.dll+0x1a18ed]
V  [jvm.dll+0x22493a]
V  [jvm.dll+0x222aa5]
V  [jvm.dll+0x7885db]
V  [jvm.dll+0x782b4a]
V  [jvm.dll+0x671d75]
C  [ucrtbase.dll+0x21bb2]
C  [KERNEL32.DLL+0x17614]
C  [ntdll.dll+0x526a1]


---------------  P R O C E S S  ---------------

Threads class SMR info:
_java_thread_list=0x0000016d56e73b00, length=15, elements={
0x0000016d3beddf20, 0x0000016d55653100, 0x0000016d55653e80, 0x0000016d55664f00,
0x0000016d556687e0, 0x0000016d556696b0, 0x0000016d55669f70, 0x0000016d5566b020,
0x0000016d5566d400, 0x0000016d55679940, 0x0000016d5617a120, 0x0000016d5617ca40,
0x0000016d569ca890, 0x0000016d56b90300, 0x0000016d572aa460
}

Java Threads: ( => current thread )
  0x0000016d3beddf20 JavaThread "main" [_thread_in_native, id=9064, stack(0x000000539e700000,0x000000539e800000)]
  0x0000016d55653100 JavaThread "Reference Handler" daemon [_thread_blocked, id=6896, stack(0x000000539ee00000,0x000000539ef00000)]
  0x0000016d55653e80 JavaThread "Finalizer" daemon [_thread_blocked, id=420, stack(0x000000539ef00000,0x000000539f000000)]
  0x0000016d55664f00 JavaThread "Signal Dispatcher" daemon [_thread_blocked, id=10648, stack(0x000000539f000000,0x000000539f100000)]
  0x0000016d556687e0 JavaThread "Attach Listener" daemon [_thread_blocked, id=9108, stack(0x000000539f100000,0x000000539f200000)]
  0x0000016d556696b0 JavaThread "Service Thread" daemon [_thread_blocked, id=8440, stack(0x000000539f200000,0x000000539f300000)]
  0x0000016d55669f70 JavaThread "Monitor Deflation Thread" daemon [_thread_blocked, id=1732, stack(0x000000539f300000,0x000000539f400000)]
=>0x0000016d5566b020 JavaThread "C2 CompilerThread0" daemon [_thread_in_native, id=932, stack(0x000000539f400000,0x000000539f500000)]
  0x0000016d5566d400 JavaThread "C1 CompilerThread0" daemon [_thread_blocked, id=7196, stack(0x000000539f500000,0x000000539f600000)]
  0x0000016d55679940 JavaThread "Sweeper thread" daemon [_thread_blocked, id=10740, stack(0x000000539f600000,0x000000539f700000)]
  0x0000016d5617a120 JavaThread "Notification Thread" daemon [_thread_blocked, id=8344, stack(0x000000539f700000,0x000000539f800000)]
  0x0000016d5617ca40 JavaThread "Common-Cleaner" daemon [_thread_blocked, id=8588, stack(0x000000539f900000,0x000000539fa00000)]
  0x0000016d569ca890 JavaThread "pool-1-thread-1" [_thread_blocked, id=1808, stack(0x000000539fc00000,0x000000539fd00000)]
  0x0000016d56b90300 JavaThread "DisconnectableInputStream source reader" daemon [_thread_in_native, id=9648, stack(0x00000053a0000000,0x00000053a0100000)]
  0x0000016d572aa460 JavaThread "Forward input" [_thread_blocked, id=8364, stack(0x00000053a0100000,0x00000053a0200000)]

Other Threads:
  0x0000016d3bfb7560 VMThread "VM Thread" [stack: 0x000000539ed00000,0x000000539ee00000] [id=11880]
  0x0000016d5617c600 WatcherThread [stack: 0x000000539f800000,0x000000539f900000] [id=4560]
  0x0000016d3befe830 GCTaskThread "GC Thread#0" [stack: 0x000000539e800000,0x000000539e900000] [id=10168]
  0x0000016d56ff4bf0 GCTaskThread "GC Thread#1" [stack: 0x000000539fa00000,0x000000539fb00000] [id=3916]
  0x0000016d3bedf210 GCTaskThread "GC Thread#2" [stack: 0x000000539fb00000,0x000000539fc00000] [id=10384]
  0x0000016d566d9630 GCTaskThread "GC Thread#3" [stack: 0x000000539fd00000,0x000000539fe00000] [id=11364]
  0x0000016d56bf2a60 GCTaskThread "GC Thread#4" [stack: 0x000000539fe00000,0x000000539ff00000] [id=11080]
  0x0000016d5757fab0 GCTaskThread "GC Thread#5" [stack: 0x000000539e400000,0x000000539e500000] [id=12832]
  0x0000016d55717f60 GCTaskThread "GC Thread#6" [stack: 0x000000539e500000,0x000000539e600000] [id=12852]
  0x0000016d55718210 GCTaskThread "GC Thread#7" [stack: 0x000000539e600000,0x000000539e700000] [id=12860]
  0x0000016d3bf00e90 ConcurrentGCThread "G1 Main Marker" [stack: 0x000000539e900000,0x000000539ea00000] [id=8968]
  0x0000016d3bf017b0 ConcurrentGCThread "G1 Conc#0" [stack: 0x000000539ea00000,0x000000539eb00000] [id=9828]
  0x0000016d3bf9e780 ConcurrentGCThread "G1 Refine#0" [stack: 0x000000539eb00000,0x000000539ec00000] [id=2044]
  0x0000016d3bf9f0b0 ConcurrentGCThread "G1 Service" [stack: 0x000000539ec00000,0x000000539ed00000] [id=3496]

Threads with active compile tasks:
C2 CompilerThread0  3703367 1717       4       org.gradle.internal.logging.console.WorkInProgressRenderer::onOutput (53 bytes)

VM state: not at safepoint (normal execution)

VM Mutex/Monitor currently owned by a thread: None

Heap address: 0x00000000fc000000, size: 64 MB, Compressed Oops mode: 32-bit

CDS archive(s) mapped at: [0x0000000800000000-0x0000000800bd0000-0x0000000800bd0000), size 12386304, SharedBaseAddress: 0x0000000800000000, ArchiveRelocationMode: 0.
Compressed class space mapped at: 0x0000000800c00000-0x0000000840c00000, reserved size: 1073741824
Narrow klass base: 0x0000000800000000, Narrow klass shift: 0, Narrow klass range: 0x100000000

GC Precious Log:
 CPUs: 8 total, 8 available
 Memory: 6091M
 Large Page Support: Disabled
 NUMA Support: Disabled
 Compressed Oops: Enabled (32-bit)
 Heap Region Size: 1M
 Heap Min Capacity: 64M
 Heap Initial Capacity: 64M
 Heap Max Capacity: 64M
 Pre-touch: Disabled
 Parallel Workers: 8
 Concurrent Workers: 2
 Concurrent Refinement Workers: 8
 Periodic GC: Disabled

Heap:
 garbage-first heap   total 65536K, used 16825K [0x00000000fc000000, 0x0000000100000000)
  region size 1024K, 9 young (9216K), 2 survivors (2048K)
 Metaspace       used 8458K, committed 8640K, reserved 1056768K
  class space    used 1135K, committed 1216K, reserved 1048576K

Heap Regions: E=young(eden), S=young(survivor), O=old, HS=humongous(starts), HC=humongous(continues), CS=collection set, F=free, OA=open archive, CA=closed archive, TAMS=top-at-mark-start (previous, next)
|   0|0x00000000fc000000, 0x00000000fc100000, 0x00000000fc100000|100%|HS|  |TAMS 0x00000000fc000000, 0x00000000fc000000| Complete 
|   1|0x00000000fc100000, 0x00000000fc200000, 0x00000000fc200000|100%|HC|  |TAMS 0x00000000fc100000, 0x00000000fc100000| Complete 
|   2|0x00000000fc200000, 0x00000000fc300000, 0x00000000fc300000|100%|HC|  |TAMS 0x00000000fc200000, 0x00000000fc200000| Complete 
|   3|0x00000000fc300000, 0x00000000fc400000, 0x00000000fc400000|100%| O|  |TAMS 0x00000000fc300000, 0x00000000fc300000| Untracked 
|   4|0x00000000fc400000, 0x00000000fc500000, 0x00000000fc500000|100%| O|  |TAMS 0x00000000fc400000, 0x00000000fc400000| Untracked 
|   5|0x00000000fc500000, 0x00000000fc600000, 0x00000000fc600000|100%| O|  |TAMS 0x00000000fc500000, 0x00000000fc500000| Untracked 
|   6|0x00000000fc600000, 0x00000000fc700000, 0x00000000fc700000|100%| O|  |TAMS 0x00000000fc600000, 0x00000000fc600000| Untracked 
|   7|0x00000000fc700000, 0x00000000fc800000, 0x00000000fc800000|100%| O|  |TAMS 0x00000000fc700000, 0x00000000fc700000| Untracked 
|   8|0x00000000fc800000, 0x00000000fc900000, 0x00000000fc900000|100%| O|  |TAMS 0x00000000fc800000, 0x00000000fc800000| Untracked 
|   9|0x00000000fc900000, 0x00000000fc925800, 0x00000000fca00000| 14%| O|  |TAMS 0x00000000fc900000, 0x00000000fc900000| Untracked 
|  10|0x00000000fca00000, 0x00000000fca00000, 0x00000000fcb00000|  0%| F|  |TAMS 0x00000000fca00000, 0x00000000fca00000| Untracked 
|  11|0x00000000fcb00000, 0x00000000fcb00000, 0x00000000fcc00000|  0%| F|  |TAMS 0x00000000fcb00000, 0x00000000fcb00000| Untracked 
|  12|0x00000000fcc00000, 0x00000000fcc00000, 0x00000000fcd00000|  0%| F|  |TAMS 0x00000000fcc00000, 0x00000000fcc00000| Untracked 
|  13|0x00000000fcd00000, 0x00000000fcd00000, 0x00000000fce00000|  0%| F|  |TAMS 0x00000000fcd00000, 0x00000000fcd00000| Untracked 
|  14|0x00000000fce00000, 0x00000000fce00000, 0x00000000fcf00000|  0%| F|  |TAMS 0x00000000fce00000, 0x00000000fce00000| Untracked 
|  15|0x00000000fcf00000, 0x00000000fcf00000, 0x00000000fd000000|  0%| F|  |TAMS 0x00000000fcf00000, 0x00000000fcf00000| Untracked 
|  16|0x00000000fd000000, 0x00000000fd000000, 0x00000000fd100000|  0%| F|  |TAMS 0x00000000fd000000, 0x00000000fd000000| Untracked 
|  17|0x00000000fd100000, 0x00000000fd100000, 0x00000000fd200000|  0%| F|  |TAMS 0x00000000fd100000, 0x00000000fd100000| Untracked 
|  18|0x00000000fd200000, 0x00000000fd200000, 0x00000000fd300000|  0%| F|  |TAMS 0x00000000fd200000, 0x00000000fd200000| Untracked 
|  19|0x00000000fd300000, 0x00000000fd300000, 0x00000000fd400000|  0%| F|  |TAMS 0x00000000fd300000, 0x00000000fd300000| Untracked 
|  20|0x00000000fd400000, 0x00000000fd400000, 0x00000000fd500000|  0%| F|  |TAMS 0x00000000fd400000, 0x00000000fd400000| Untracked 
|  21|0x00000000fd500000, 0x00000000fd500000, 0x00000000fd600000|  0%| F|  |TAMS 0x00000000fd500000, 0x00000000fd500000| Untracked 
|  22|0x00000000fd600000, 0x00000000fd600000, 0x00000000fd700000|  0%| F|  |TAMS 0x00000000fd600000, 0x00000000fd600000| Untracked 
|  23|0x00000000fd700000, 0x00000000fd700000, 0x00000000fd800000|  0%| F|  |TAMS 0x00000000fd700000, 0x00000000fd700000| Untracked 
|  24|0x00000000fd800000, 0x00000000fd800000, 0x00000000fd900000|  0%| F|  |TAMS 0x00000000fd800000, 0x00000000fd800000| Untracked 
|  25|0x00000000fd900000, 0x00000000fd900000, 0x00000000fda00000|  0%| F|  |TAMS 0x00000000fd900000, 0x00000000fd900000| Untracked 
|  26|0x00000000fda00000, 0x00000000fda00000, 0x00000000fdb00000|  0%| F|  |TAMS 0x00000000fda00000, 0x00000000fda00000| Untracked 
|  27|0x00000000fdb00000, 0x00000000fdb00000, 0x00000000fdc00000|  0%| F|  |TAMS 0x00000000fdb00000, 0x00000000fdb00000| Untracked 
|  28|0x00000000fdc00000, 0x00000000fdc00000, 0x00000000fdd00000|  0%| F|  |TAMS 0x00000000fdc00000, 0x00000000fdc00000| Untracked 
|  29|0x00000000fdd00000, 0x00000000fdd00000, 0x00000000fde00000|  0%| F|  |TAMS 0x00000000fdd00000, 0x00000000fdd00000| Untracked 
|  30|0x00000000fde00000, 0x00000000fde00000, 0x00000000fdf00000|  0%| F|  |TAMS 0x00000000fde00000, 0x00000000fde00000| Untracked 
|  31|0x00000000fdf00000, 0x00000000fdf00000, 0x00000000fe000000|  0%| F|  |TAMS 0x00000000fdf00000, 0x00000000fdf00000| Untracked 
|  32|0x00000000fe000000, 0x00000000fe000000, 0x00000000fe100000|  0%| F|  |TAMS 0x00000000fe000000, 0x00000000fe000000| Untracked 
|  33|0x00000000fe100000, 0x00000000fe100000, 0x00000000fe200000|  0%| F|  |TAMS 0x00000000fe100000, 0x00000000fe100000| Untracked 
|  34|0x00000000fe200000, 0x00000000fe200000, 0x00000000fe300000|  0%| F|  |TAMS 0x00000000fe200000, 0x00000000fe200000| Untracked 
|  35|0x00000000fe300000, 0x00000000fe300000, 0x00000000fe400000|  0%| F|  |TAMS 0x00000000fe300000, 0x00000000fe300000| Untracked 
|  36|0x00000000fe400000, 0x00000000fe400000, 0x00000000fe500000|  0%| F|  |TAMS 0x00000000fe400000, 0x00000000fe400000| Untracked 
|  37|0x00000000fe500000, 0x00000000fe500000, 0x00000000fe600000|  0%| F|  |TAMS 0x00000000fe500000, 0x00000000fe500000| Untracked 
|  38|0x00000000fe600000, 0x00000000fe648e60, 0x00000000fe700000| 28%| S|CS|TAMS 0x00000000fe600000, 0x00000000fe600000| Complete 
|  39|0x00000000fe700000, 0x00000000fe800000, 0x00000000fe800000|100%| S|CS|TAMS 0x00000000fe700000, 0x00000000fe700000| Complete 
|  40|0x00000000fe800000, 0x00000000fe800000, 0x00000000fe900000|  0%| F|  |TAMS 0x00000000fe800000, 0x00000000fe800000| Untracked 
|  41|0x00000000fe900000, 0x00000000fe900000, 0x00000000fea00000|  0%| F|  |TAMS 0x00000000fe900000, 0x00000000fe900000| Untracked 
|  42|0x00000000fea00000, 0x00000000fea00000, 0x00000000feb00000|  0%| F|  |TAMS 0x00000000fea00000, 0x00000000fea00000| Untracked 
|  43|0x00000000feb00000, 0x00000000feb00000, 0x00000000fec00000|  0%| F|  |TAMS 0x00000000feb00000, 0x00000000feb00000| Untracked 
|  44|0x00000000fec00000, 0x00000000fec00000, 0x00000000fed00000|  0%| F|  |TAMS 0x00000000fec00000, 0x00000000fec00000| Untracked 
|  45|0x00000000fed00000, 0x00000000fed00000, 0x00000000fee00000|  0%| F|  |TAMS 0x00000000fed00000, 0x00000000fed00000| Untracked 
|  46|0x00000000fee00000, 0x00000000fee00000, 0x00000000fef00000|  0%| F|  |TAMS 0x00000000fee00000, 0x00000000fee00000| Untracked 
|  47|0x00000000fef00000, 0x00000000fef00000, 0x00000000ff000000|  0%| F|  |TAMS 0x00000000fef00000, 0x00000000fef00000| Untracked 
|  48|0x00000000ff000000, 0x00000000ff000000, 0x00000000ff100000|  0%| F|  |TAMS 0x00000000ff000000, 0x00000000ff000000| Untracked 
|  49|0x00000000ff100000, 0x00000000ff100000, 0x00000000ff200000|  0%| F|  |TAMS 0x00000000ff100000, 0x00000000ff100000| Untracked 
|  50|0x00000000ff200000, 0x00000000ff200000, 0x00000000ff300000|  0%| F|  |TAMS 0x00000000ff200000, 0x00000000ff200000| Untracked 
|  51|0x00000000ff300000, 0x00000000ff300000, 0x00000000ff400000|  0%| F|  |TAMS 0x00000000ff300000, 0x00000000ff300000| Untracked 
|  52|0x00000000ff400000, 0x00000000ff400000, 0x00000000ff500000|  0%| F|  |TAMS 0x00000000ff400000, 0x00000000ff400000| Untracked 
|  53|0x00000000ff500000, 0x00000000ff500000, 0x00000000ff600000|  0%| F|  |TAMS 0x00000000ff500000, 0x00000000ff500000| Untracked 
|  54|0x00000000ff600000, 0x00000000ff600000, 0x00000000ff700000|  0%| F|  |TAMS 0x00000000ff600000, 0x00000000ff600000| Untracked 
|  55|0x00000000ff700000, 0x00000000ff700000, 0x00000000ff800000|  0%| F|  |TAMS 0x00000000ff700000, 0x00000000ff700000| Untracked 
|  56|0x00000000ff800000, 0x00000000ff800000, 0x00000000ff900000|  0%| F|  |TAMS 0x00000000ff800000, 0x00000000ff800000| Untracked 
|  57|0x00000000ff900000, 0x00000000ff9ef668, 0x00000000ffa00000| 93%| E|  |TAMS 0x00000000ff900000, 0x00000000ff900000| Complete 
|  58|0x00000000ffa00000, 0x00000000ffb00000, 0x00000000ffb00000|100%| E|CS|TAMS 0x00000000ffa00000, 0x00000000ffa00000| Complete 
|  59|0x00000000ffb00000, 0x00000000ffc00000, 0x00000000ffc00000|100%| E|CS|TAMS 0x00000000ffb00000, 0x00000000ffb00000| Complete 
|  60|0x00000000ffc00000, 0x00000000ffd00000, 0x00000000ffd00000|100%| E|CS|TAMS 0x00000000ffc00000, 0x00000000ffc00000| Complete 
|  61|0x00000000ffd00000, 0x00000000ffe00000, 0x00000000ffe00000|100%| E|CS|TAMS 0x00000000ffd00000, 0x00000000ffd00000| Complete 
|  62|0x00000000ffe00000, 0x00000000fff00000, 0x00000000fff00000|100%| E|CS|TAMS 0x00000000ffe00000, 0x00000000ffe00000| Complete 
|  63|0x00000000fff00000, 0x0000000100000000, 0x0000000100000000|100%| E|CS|TAMS 0x00000000fff00000, 0x00000000fff00000| Complete 

Card table byte_map: [0x0000016d39eb0000,0x0000016d39ed0000] _byte_map_base: 0x0000016d396d0000

Marking Bits (Prev, Next): (CMBitMap*) 0x0000016d3beffd60, (CMBitMap*) 0x0000016d3beffda0
 Prev Bits: [0x0000016d52a90000, 0x0000016d52b90000)
 Next Bits: [0x0000016d52b90000, 0x0000016d52c90000)

Polling page: 0x0000016d39e60000

Metaspace:

Usage:
  Non-class:      7.15 MB used.
      Class:      1.11 MB used.
       Both:      8.26 MB used.

Virtual space:
  Non-class space:        8.00 MB reserved,       7.25 MB ( 91%) committed,  1 nodes.
      Class space:        1.00 GB reserved,       1.19 MB ( <1%) committed,  1 nodes.
             Both:        1.01 GB reserved,       8.44 MB ( <1%) committed. 

Chunk freelists:
   Non-Class:  192.00 KB
       Class:  2.66 MB
        Both:  2.84 MB

MaxMetaspaceSize: unlimited
CompressedClassSpaceSize: 1.00 GB
Initial GC threshold: 21.00 MB
Current GC threshold: 21.00 MB
CDS: on
MetaspaceReclaimPolicy: balanced
 - commit_granule_bytes: 65536.
 - commit_granule_words: 8192.
 - virtual_space_node_default_size: 1048576.
 - enlarge_chunks_in_place: 1.
 - new_chunks_are_fully_committed: 0.
 - uncommit_free_chunks: 1.
 - use_allocation_guard: 0.
 - handle_deallocations: 1.


Internal statistics:

num_allocs_failed_limit: 0.
num_arena_births: 74.
num_arena_deaths: 0.
num_vsnodes_births: 2.
num_vsnodes_deaths: 0.
num_space_committed: 135.
num_space_uncommitted: 0.
num_chunks_returned_to_freelist: 0.
num_chunks_taken_from_freelist: 287.
num_chunk_merges: 0.
num_chunk_splits: 206.
num_chunks_enlarged: 175.
num_purges: 0.
num_inconsistent_stats: 0.

CodeHeap 'non-profiled nmethods': size=120000Kb used=899Kb max_used=899Kb free=119100Kb
 bounds [0x0000016d4b230000, 0x0000016d4b4a0000, 0x0000016d52760000]
CodeHeap 'profiled nmethods': size=120000Kb used=2925Kb max_used=2925Kb free=117074Kb
 bounds [0x0000016d43d00000, 0x0000016d43fe0000, 0x0000016d4b230000]
CodeHeap 'non-nmethods': size=5760Kb used=1169Kb max_used=1206Kb free=4591Kb
 bounds [0x0000016d43760000, 0x0000016d439d0000, 0x0000016d43d00000]
 total_blobs=2178 nmethods=1715 adapters=376
 compilation: enabled
              stopped_count=0, restarted_count=0
 full_count=0

Compilation events (20 events):
Event: 2688.634 Thread 0x0000016d5566d400 nmethod 1707 0x0000016d43fd8210 code [0x0000016d43fd83c0, 0x0000016d43fd8708]
Event: 2698.158 Thread 0x0000016d5566b020 1708       4       com.google.common.collect.Lists$ReverseList$1::next (30 bytes)
Event: 2698.162 Thread 0x0000016d5566b020 nmethod 1708 0x0000016d4b30e590 code [0x0000016d4b30e720, 0x0000016d4b30e8b8]
Event: 2896.159 Thread 0x0000016d5566b020 1709       4       java.nio.CharBuffer::position (6 bytes)
Event: 2896.160 Thread 0x0000016d5566b020 nmethod 1709 0x0000016d4b30eb10 code [0x0000016d4b30ec80, 0x0000016d4b30ed58]
Event: 3088.210 Thread 0x0000016d5566d400 1710       3       java.lang.ref.Reference::enqueueFromPending (19 bytes)
Event: 3088.212 Thread 0x0000016d5566d400 nmethod 1710 0x0000016d43fd8890 code [0x0000016d43fd8a40, 0x0000016d43fd8c68]
Event: 3247.160 Thread 0x0000016d5566b020 1711       4       java.nio.ByteBuffer::position (8 bytes)
Event: 3247.162 Thread 0x0000016d5566b020 nmethod 1711 0x0000016d4b30ee90 code [0x0000016d4b30f000, 0x0000016d4b30f0d8]
Event: 3280.520 Thread 0x0000016d5566d400 1712       3       java.lang.ref.ReferenceQueue::reallyPoll (65 bytes)
Event: 3280.522 Thread 0x0000016d5566d400 nmethod 1712 0x0000016d43fd8d10 code [0x0000016d43fd8ee0, 0x0000016d43fd9418]
Event: 3613.664 Thread 0x0000016d5566d400 1713       3       org.gradle.internal.logging.console.BuildStatusRenderer::onOutput (350 bytes)
Event: 3613.685 Thread 0x0000016d5566d400 nmethod 1713 0x0000016d43fd9510 code [0x0000016d43fd9860, 0x0000016d43fdb2b8]
Event: 3628.958 Thread 0x0000016d5566b020 1714       4       java.lang.StringLatin1::trim (76 bytes)
Event: 3628.964 Thread 0x0000016d5566b020 nmethod 1714 0x0000016d4b30f210 code [0x0000016d4b30f3a0, 0x0000016d4b30f4e8]
Event: 3644.669 Thread 0x0000016d5566b020 1715       4       org.gradle.internal.logging.console.AnsiConsole::redraw (64 bytes)
Event: 3644.722 Thread 0x0000016d5566b020 nmethod 1715 0x0000016d4b30f690 code [0x0000016d4b30f8c0, 0x0000016d4b310300]
Event: 3697.970 Thread 0x0000016d5566b020 1716       4       org.gradle.internal.time.MonotonicClock::advance (33 bytes)
Event: 3697.975 Thread 0x0000016d5566b020 nmethod 1716 0x0000016d4b310b10 code [0x0000016d4b310c80, 0x0000016d4b310d58]
Event: 3703.268 Thread 0x0000016d5566b020 1717       4       org.gradle.internal.logging.console.WorkInProgressRenderer::onOutput (53 bytes)

GC Heap History (6 events):
Event: 0.716 GC heap before
{Heap before GC invocations=0 (full 0):
 garbage-first heap   total 65536K, used 25600K [0x00000000fc000000, 0x0000000100000000)
  region size 1024K, 23 young (23552K), 0 survivors (0K)
 Metaspace       used 4110K, committed 4288K, reserved 1056768K
  class space    used 587K, committed 704K, reserved 1048576K
}
Event: 0.720 GC heap after
{Heap after GC invocations=1 (full 0):
 garbage-first heap   total 65536K, used 9280K [0x00000000fc000000, 0x0000000100000000)
  region size 1024K, 3 young (3072K), 3 survivors (3072K)
 Metaspace       used 4110K, committed 4288K, reserved 1056768K
  class space    used 587K, committed 704K, reserved 1048576K
}
Event: 1000.165 GC heap before
{Heap before GC invocations=1 (full 0):
 garbage-first heap   total 65536K, used 32832K [0x00000000fc000000, 0x0000000100000000)
  region size 1024K, 26 young (26624K), 3 survivors (3072K)
 Metaspace       used 8451K, committed 8640K, reserved 1056768K
  class space    used 1135K, committed 1216K, reserved 1048576K
}
Event: 1000.216 GC heap after
{Heap after GC invocations=2 (full 0):
 garbage-first heap   total 65536K, used 10641K [0x00000000fc000000, 0x0000000100000000)
  region size 1024K, 2 young (2048K), 2 survivors (2048K)
 Metaspace       used 8451K, committed 8640K, reserved 1056768K
  class space    used 1135K, committed 1216K, reserved 1048576K
}
Event: 3088.169 GC heap before
{Heap before GC invocations=2 (full 0):
 garbage-first heap   total 65536K, used 35217K [0x00000000fc000000, 0x0000000100000000)
  region size 1024K, 26 young (26624K), 2 survivors (2048K)
 Metaspace       used 8457K, committed 8640K, reserved 1056768K
  class space    used 1135K, committed 1216K, reserved 1048576K
}
Event: 3088.208 GC heap after
{Heap after GC invocations=3 (full 0):
 garbage-first heap   total 65536K, used 10681K [0x00000000fc000000, 0x0000000100000000)
  region size 1024K, 2 young (2048K), 2 survivors (2048K)
 Metaspace       used 8457K, committed 8640K, reserved 1056768K
  class space    used 1135K, committed 1216K, reserved 1048576K
}

Deoptimization events (20 events):
Event: 1.012 Thread 0x0000016d3beddf20 DEOPT PACKING pc=0x0000016d4b26dfd8 sp=0x000000539e7fd400
Event: 1.012 Thread 0x0000016d3beddf20 DEOPT UNPACKING pc=0x0000016d437b23a3 sp=0x000000539e7fd380 mode 2
Event: 1.012 Thread 0x0000016d3beddf20 Uncommon trap: trap_request=0xffffff45 fr.pc=0x0000016d4b279d68 relative=0x0000000000000628
Event: 1.012 Thread 0x0000016d3beddf20 Uncommon trap: reason=unstable_if action=reinterpret pc=0x0000016d4b279d68 method=java.lang.AbstractStringBuilder.append(Ljava/lang/String;)Ljava/lang/AbstractStringBuilder; @ 1 c2
Event: 1.012 Thread 0x0000016d3beddf20 DEOPT PACKING pc=0x0000016d4b279d68 sp=0x000000539e7fd3a0
Event: 1.012 Thread 0x0000016d3beddf20 DEOPT UNPACKING pc=0x0000016d437b23a3 sp=0x000000539e7fd388 mode 2
Event: 1.039 Thread 0x0000016d3beddf20 Uncommon trap: trap_request=0xffffffc6 fr.pc=0x0000016d4b283508 relative=0x0000000000001168
Event: 1.039 Thread 0x0000016d3beddf20 Uncommon trap: reason=bimorphic_or_optimized_type_check action=maybe_recompile pc=0x0000016d4b283508 method=java.util.HashMap.putVal(ILjava/lang/Object;Ljava/lang/Object;ZZ)Ljava/lang/Object; @ 203 c2
Event: 1.039 Thread 0x0000016d3beddf20 DEOPT PACKING pc=0x0000016d4b283508 sp=0x000000539e7fa6a0
Event: 1.039 Thread 0x0000016d3beddf20 DEOPT UNPACKING pc=0x0000016d437b23a3 sp=0x000000539e7fa5e8 mode 2
Event: 1.039 Thread 0x0000016d3beddf20 Uncommon trap: trap_request=0xffffffc6 fr.pc=0x0000016d4b283508 relative=0x0000000000001168
Event: 1.039 Thread 0x0000016d3beddf20 Uncommon trap: reason=bimorphic_or_optimized_type_check action=maybe_recompile pc=0x0000016d4b283508 method=java.util.HashMap.putVal(ILjava/lang/Object;Ljava/lang/Object;ZZ)Ljava/lang/Object; @ 203 c2
Event: 1.039 Thread 0x0000016d3beddf20 DEOPT PACKING pc=0x0000016d4b283508 sp=0x000000539e7fa6a0
Event: 1.039 Thread 0x0000016d3beddf20 DEOPT UNPACKING pc=0x0000016d437b23a3 sp=0x000000539e7fa5e8 mode 2
Event: 635.170 Thread 0x0000016d569ca890 DEOPT PACKING pc=0x0000016d43f4b783 sp=0x000000539fcfee90
Event: 635.170 Thread 0x0000016d569ca890 DEOPT UNPACKING pc=0x0000016d437b2b43 sp=0x000000539fcfe300 mode 0
Event: 3601.163 Thread 0x0000016d569ca890 Uncommon trap: trap_request=0xffffff45 fr.pc=0x0000016d4b2e317c relative=0x0000000000005a1c
Event: 3601.165 Thread 0x0000016d569ca890 Uncommon trap: reason=unstable_if action=reinterpret pc=0x0000016d4b2e317c method=org.gradle.internal.time.TimeFormatting.formatDurationTerse(J)Ljava/lang/String; @ 13 c2
Event: 3601.167 Thread 0x0000016d569ca890 DEOPT PACKING pc=0x0000016d4b2e317c sp=0x000000539fcff270
Event: 3601.167 Thread 0x0000016d569ca890 DEOPT UNPACKING pc=0x0000016d437b23a3 sp=0x000000539fcff090 mode 2

Classes unloaded (0 events):
No events

Classes redefined (0 events):
No events

Internal exceptions (19 events):
Event: 0.077 Thread 0x0000016d3beddf20 Exception <a 'java/lang/NoSuchMethodError'{0x00000000ffeec308}: 'int java.lang.invoke.DirectMethodHandle$Holder.invokeStaticInit(java.lang.Object, java.lang.Object)'> (0x00000000ffeec308) 
thrown [s\open\src\hotspot\share\interpreter\linkResolver.cpp, line 759]
Event: 0.534 Thread 0x0000016d3beddf20 Exception <a 'java/lang/NoSuchMethodError'{0x00000000fefe5ee8}: 'void java.lang.invoke.DirectMethodHandle$Holder.invokeStatic(java.lang.Object, java.lang.Object)'> (0x00000000fefe5ee8) 
thrown [s\open\src\hotspot\share\interpreter\linkResolver.cpp, line 759]
Event: 0.563 Thread 0x0000016d3beddf20 Exception <a 'java/lang/NoClassDefFoundError'{0x00000000fee49a20}: org/slf4j/impl/StaticMarkerBinder> (0x00000000fee49a20) 
thrown [s\open\src\hotspot\share\classfile\systemDictionary.cpp, line 245]
Event: 0.588 Thread 0x0000016d3beddf20 Exception <a 'java/lang/NoSuchMethodError'{0x00000000feedc850}: 'java.lang.Object java.lang.invoke.DirectMethodHandle$Holder.invokeVirtual(java.lang.Object, java.lang.Object, java.lang.Object, java.lang.Object, java.lang.Object, java.lang.Object, java.lang.Object)'> (0x00000000feedc850) 
thrown [s\open\src\hotspot\share\interpreter\linkResolver.cpp, line 759]
Event: 0.590 Thread 0x0000016d3beddf20 Exception <a 'java/lang/NoSuchMethodError'{0x00000000feeed708}: 'java.lang.Object java.lang.invoke.Invokers$Holder.invoker(java.lang.Object, java.lang.Object, java.lang.Object)'> (0x00000000feeed708) 
thrown [s\open\src\hotspot\share\interpreter\linkResolver.cpp, line 759]
Event: 0.592 Thread 0x0000016d3beddf20 Exception <a 'java/lang/NoSuchMethodError'{0x00000000feef6820}: 'java.lang.Object java.lang.invoke.DirectMethodHandle$Holder.invokeStatic(java.lang.Object, java.lang.Object, int)'> (0x00000000feef6820) 
thrown [s\open\src\hotspot\share\interpreter\linkResolver.cpp, line 759]
Event: 0.594 Thread 0x0000016d3beddf20 Exception <a 'java/lang/NoSuchMethodError'{0x00000000fed02a18}: 'void java.lang.invoke.DelegatingMethodHandle$Holder.delegate(java.lang.Object, java.lang.Object, int, java.lang.Object)'> (0x00000000fed02a18) 
thrown [s\open\src\hotspot\share\interpreter\linkResolver.cpp, line 759]
Event: 0.595 Thread 0x0000016d3beddf20 Exception <a 'java/lang/NoSuchMethodError'{0x00000000fed06b60}: 'int java.lang.invoke.DirectMethodHandle$Holder.invokeSpecial(java.lang.Object, java.lang.Object, java.lang.Object)'> (0x00000000fed06b60) 
thrown [s\open\src\hotspot\share\interpreter\linkResolver.cpp, line 759]
Event: 0.598 Thread 0x0000016d3beddf20 Exception <a 'java/lang/NoSuchMethodError'{0x00000000fed19ca8}: 'java.lang.Object java.lang.invoke.Invokers$Holder.invokeExact_MT(java.lang.Object, java.lang.Object, java.lang.Object, java.lang.Object)'> (0x00000000fed19ca8) 
thrown [s\open\src\hotspot\share\interpreter\linkResolver.cpp, line 759]
Event: 0.724 Thread 0x0000016d3beddf20 Exception <a 'java/lang/NoSuchMethodError'{0x00000000fff18a30}: 'void java.lang.invoke.DirectMethodHandle$Holder.invokeSpecial(java.lang.Object, java.lang.Object, java.lang.Object)'> (0x00000000fff18a30) 
thrown [s\open\src\hotspot\share\interpreter\linkResolver.cpp, line 759]
Event: 0.736 Thread 0x0000016d3beddf20 Implicit null exception at 0x0000016d4b28180c to 0x0000016d4b281d68
Event: 0.736 Thread 0x0000016d3beddf20 Implicit null exception at 0x0000016d4b27480f to 0x0000016d4b274d78
Event: 0.736 Thread 0x0000016d3beddf20 Implicit null exception at 0x0000016d4b27f38f to 0x0000016d4b27f409
Event: 0.757 Thread 0x0000016d3beddf20 Exception <a 'java/lang/NoSuchMethodError'{0x00000000ffe985d8}: 'java.lang.Object java.lang.invoke.DirectMethodHandle$Holder.invokeStaticInit(java.lang.Object)'> (0x00000000ffe985d8) 
thrown [s\open\src\hotspot\share\interpreter\linkResolver.cpp, line 759]
Event: 0.869 Thread 0x0000016d3beddf20 Exception <a 'java/lang/NoSuchMethodError'{0x00000000ff9a3510}: 'java.lang.Object java.lang.invoke.DirectMethodHandle$Holder.invokeStaticInit(java.lang.Object, int, int, int, int)'> (0x00000000ff9a3510) 
thrown [s\open\src\hotspot\share\interpreter\linkResolver.cpp, line 759]
Event: 0.927 Thread 0x0000016d3beddf20 Exception <a 'java/lang/NoSuchMethodError'{0x00000000ff82c658}: 'java.lang.Object java.lang.invoke.DirectMethodHandle$Holder.invokeStaticInit(java.lang.Object, java.lang.Object, int, int, int, int)'> (0x00000000ff82c658) 
thrown [s\open\src\hotspot\share\interpreter\linkResolver.cpp, line 759]
Event: 0.995 Thread 0x0000016d3beddf20 Exception <a 'java/lang/NoSuchMethodError'{0x00000000ff857dc8}: 'void java.lang.invoke.DirectMethodHandle$Holder.invokeStatic(java.lang.Object, java.lang.Object, java.lang.Object)'> (0x00000000ff857dc8) 
thrown [s\open\src\hotspot\share\interpreter\linkResolver.cpp, line 759]
Event: 1.012 Thread 0x0000016d3beddf20 Implicit null exception at 0x0000016d4b26d9f2 to 0x0000016d4b26dfc0
Event: 1.012 Thread 0x0000016d3beddf20 Implicit null exception at 0x0000016d4b279772 to 0x0000016d4b279d50

VM Operations (20 events):
Event: 1000.163 Executing VM operation: G1CollectForAllocation
Event: 1000.217 Executing VM operation: G1CollectForAllocation done
Event: 1088.584 Executing VM operation: Cleanup
Event: 1088.584 Executing VM operation: Cleanup done
Event: 1600.209 Executing VM operation: Cleanup
Event: 1600.213 Executing VM operation: Cleanup done
Event: 1829.151 Executing VM operation: Cleanup
Event: 1829.152 Executing VM operation: Cleanup done
Event: 2689.225 Executing VM operation: Cleanup
Event: 2689.226 Executing VM operation: Cleanup done
Event: 2699.230 Executing VM operation: Cleanup
Event: 2699.230 Executing VM operation: Cleanup done
Event: 2897.482 Executing VM operation: Cleanup
Event: 2897.483 Executing VM operation: Cleanup done
Event: 3088.167 Executing VM operation: G1CollectForAllocation
Event: 3088.208 Executing VM operation: G1CollectForAllocation done
Event: 3248.408 Executing VM operation: Cleanup
Event: 3248.408 Executing VM operation: Cleanup done
Event: 3601.348 Executing VM operation: Cleanup
Event: 3601.349 Executing VM operation: Cleanup done

Events (20 events):
Event: 1.217 loading class jdk/internal/reflect/ByteVectorImpl
Event: 1.217 loading class jdk/internal/reflect/ByteVector
Event: 1.217 loading class jdk/internal/reflect/ByteVector done
Event: 1.217 loading class jdk/internal/reflect/ByteVectorImpl done
Event: 1.217 loading class jdk/internal/reflect/ClassFileAssembler
Event: 1.217 loading class jdk/internal/reflect/ClassFileAssembler done
Event: 1.217 loading class jdk/internal/reflect/UTF8
Event: 1.217 loading class jdk/internal/reflect/UTF8 done
Event: 1.218 loading class jdk/internal/reflect/Label
Event: 1.218 loading class jdk/internal/reflect/Label done
Event: 1.218 loading class jdk/internal/reflect/Label$PatchInfo
Event: 1.219 loading class jdk/internal/reflect/Label$PatchInfo done
Event: 1.219 loading class jdk/internal/reflect/MethodAccessorGenerator$1
Event: 1.219 loading class jdk/internal/reflect/MethodAccessorGenerator$1 done
Event: 1.219 loading class jdk/internal/reflect/ClassDefiner
Event: 1.219 loading class jdk/internal/reflect/ClassDefiner done
Event: 1.219 loading class jdk/internal/reflect/ClassDefiner$1
Event: 1.219 loading class jdk/internal/reflect/ClassDefiner$1 done
Event: 4.275 loading class java/util/ArrayList$ListItr
Event: 4.276 loading class java/util/ArrayList$ListItr done


Dynamic libraries:
0x00007ff676770000 - 0x00007ff676780000 	C:\Program Files\Java\jdk-17.0.5\bin\java.exe
0x00007ffea00b0000 - 0x00007ffea02a8000 	C:\Windows\SYSTEM32\ntdll.dll
0x00007ffe9ef90000 - 0x00007ffe9f04f000 	C:\Windows\System32\KERNEL32.DLL
0x00007ffe9d890000 - 0x00007ffe9db86000 	C:\Windows\System32\KERNELBASE.dll
0x00007ffe9d790000 - 0x00007ffe9d890000 	C:\Windows\System32\ucrtbase.dll
0x00007ffe95ec0000 - 0x00007ffe95eda000 	C:\Program Files\Java\jdk-17.0.5\bin\VCRUNTIME140.dll
0x00007ffe9aa10000 - 0x00007ffe9aa28000 	C:\Program Files\Java\jdk-17.0.5\bin\jli.dll
0x00007ffe9f630000 - 0x00007ffe9f6df000 	C:\Windows\System32\ADVAPI32.dll
0x00007ffe9ea20000 - 0x00007ffe9eabe000 	C:\Windows\System32\msvcrt.dll
0x00007ffe9eef0000 - 0x00007ffe9ef8c000 	C:\Windows\System32\sechost.dll
0x00007ffe9fe30000 - 0x00007ffe9ff56000 	C:\Windows\System32\RPCRT4.dll
0x00007ffe9e670000 - 0x00007ffe9e80d000 	C:\Windows\System32\USER32.dll
0x00007ffe9dfe0000 - 0x00007ffe9e002000 	C:\Windows\System32\win32u.dll
0x00007ffe8bc20000 - 0x00007ffe8beba000 	C:\Windows\WinSxS\amd64_microsoft.windows.common-controls_6595b64144ccf1df_6.0.19041.1110_none_60b5254171f9507e\COMCTL32.dll
0x00007ffe9ec70000 - 0x00007ffe9ec9c000 	C:\Windows\System32\GDI32.dll
0x00007ffe9dec0000 - 0x00007ffe9dfd5000 	C:\Windows\System32\gdi32full.dll
0x00007ffe9dc00000 - 0x00007ffe9dc9d000 	C:\Windows\System32\msvcp_win.dll
0x00007ffe96c90000 - 0x00007ffe96c9a000 	C:\Windows\SYSTEM32\VERSION.dll
0x00007ffe9eac0000 - 0x00007ffe9eaf0000 	C:\Windows\System32\IMM32.DLL
0x00007ffe97750000 - 0x00007ffe9775c000 	C:\Program Files\Java\jdk-17.0.5\bin\vcruntime140_1.dll
0x00007ffe8d1f0000 - 0x00007ffe8d27d000 	C:\Program Files\Java\jdk-17.0.5\bin\msvcp140.dll
0x00007ffe669d0000 - 0x00007ffe67592000 	C:\Program Files\Java\jdk-17.0.5\bin\server\jvm.dll
0x00007ffe9e120000 - 0x00007ffe9e128000 	C:\Windows\System32\PSAPI.DLL
0x00007ffe93a30000 - 0x00007ffe93a57000 	C:\Windows\SYSTEM32\WINMM.dll
0x00007ffe87640000 - 0x00007ffe87649000 	C:\Windows\SYSTEM32\WSOCK32.dll
0x00007ffe9eca0000 - 0x00007ffe9ed0b000 	C:\Windows\System32\WS2_32.dll
0x00007ffe9bfe0000 - 0x00007ffe9bff2000 	C:\Windows\SYSTEM32\kernel.appcore.dll
0x00007ffe95eb0000 - 0x00007ffe95eba000 	C:\Program Files\Java\jdk-17.0.5\bin\jimage.dll
0x00007ffe9b420000 - 0x00007ffe9b604000 	C:\Windows\SYSTEM32\DBGHELP.DLL
0x00007ffe859a0000 - 0x00007ffe859d4000 	C:\Windows\SYSTEM32\dbgcore.DLL
0x00007ffe9de00000 - 0x00007ffe9de82000 	C:\Windows\System32\bcryptPrimitives.dll
0x00007ffe8d1c0000 - 0x00007ffe8d1e5000 	C:\Program Files\Java\jdk-17.0.5\bin\java.dll
0x00007ffe8d0e0000 - 0x00007ffe8d1b6000 	C:\Program Files\Java\jdk-17.0.5\bin\jsvml.dll
0x00007ffe9f6e0000 - 0x00007ffe9fe24000 	C:\Windows\System32\SHELL32.dll
0x00007ffe9b830000 - 0x00007ffe9bfc3000 	C:\Windows\SYSTEM32\windows.storage.dll
0x00007ffe9f050000 - 0x00007ffe9f3a4000 	C:\Windows\System32\combase.dll
0x00007ffe9d180000 - 0x00007ffe9d1ae000 	C:\Windows\SYSTEM32\Wldp.dll
0x00007ffe9f3b0000 - 0x00007ffe9f45d000 	C:\Windows\System32\SHCORE.dll
0x00007ffea0010000 - 0x00007ffea0065000 	C:\Windows\System32\shlwapi.dll
0x00007ffe9d6d0000 - 0x00007ffe9d6ef000 	C:\Windows\SYSTEM32\profapi.dll
0x00007ffe8d0c0000 - 0x00007ffe8d0d9000 	C:\Program Files\Java\jdk-17.0.5\bin\net.dll
0x00007ffe94270000 - 0x00007ffe9437a000 	C:\Windows\SYSTEM32\WINHTTP.dll
0x00007ffe9ce70000 - 0x00007ffe9ceda000 	C:\Windows\system32\mswsock.dll
0x00007ffe8d0a0000 - 0x00007ffe8d0b6000 	C:\Program Files\Java\jdk-17.0.5\bin\nio.dll
0x00007ffe8d080000 - 0x00007ffe8d098000 	C:\Program Files\Java\jdk-17.0.5\bin\zip.dll
0x00007ffe95ea0000 - 0x00007ffe95eb0000 	C:\Program Files\Java\jdk-17.0.5\bin\verify.dll
0x00007ffe8d050000 - 0x00007ffe8d077000 	C:\Users\rober\.gradle\native\68d5fa5c4cc2d200863cafc0d521ce42e7d3e7ee720ec0a83991735586a16f82\windows-amd64\native-platform.dll
0x00007ffe95f10000 - 0x00007ffe95f1a000 	C:\Users\rober\.gradle\native\jansi\1.18\windows64\jansi.dll
0x00007ffe936c0000 - 0x00007ffe936c9000 	C:\Program Files\Java\jdk-17.0.5\bin\management.dll
0x00007ffe8d040000 - 0x00007ffe8d04b000 	C:\Program Files\Java\jdk-17.0.5\bin\management_ext.dll
0x00007ffe9d070000 - 0x00007ffe9d088000 	C:\Windows\SYSTEM32\CRYPTSP.dll
0x00007ffe9c790000 - 0x00007ffe9c7c4000 	C:\Windows\system32\rsaenh.dll
0x00007ffe9de90000 - 0x00007ffe9deb7000 	C:\Windows\System32\bcrypt.dll
0x00007ffe9d690000 - 0x00007ffe9d6be000 	C:\Windows\SYSTEM32\USERENV.dll
0x00007ffe9d060000 - 0x00007ffe9d06c000 	C:\Windows\SYSTEM32\CRYPTBASE.dll
0x00007ffe9cb60000 - 0x00007ffe9cb9c000 	C:\Windows\SYSTEM32\IPHLPAPI.DLL
0x00007ffe9e110000 - 0x00007ffe9e118000 	C:\Windows\System32\NSI.dll
0x00007ffe94d30000 - 0x00007ffe94d47000 	C:\Windows\SYSTEM32\dhcpcsvc6.DLL
0x00007ffe967d0000 - 0x00007ffe967ed000 	C:\Windows\SYSTEM32\dhcpcsvc.DLL
0x00007ffe9cba0000 - 0x00007ffe9cc6b000 	C:\Windows\SYSTEM32\DNSAPI.dll
0x00007ffe8cee0000 - 0x00007ffe8ceee000 	C:\Program Files\Java\jdk-17.0.5\bin\sunmscapi.dll
0x00007ffe9dca0000 - 0x00007ffe9ddfe000 	C:\Windows\System32\CRYPT32.dll
0x00007ffe9d1f0000 - 0x00007ffe9d218000 	C:\Windows\SYSTEM32\ncrypt.dll
0x00007ffe9d1b0000 - 0x00007ffe9d1eb000 	C:\Windows\SYSTEM32\NTASN1.dll
0x00007ffe8ced0000 - 0x00007ffe8ced7000 	C:\Windows\system32\wshunix.dll

dbghelp: loaded successfully - version: 4.0.5 - missing functions: none
symbol engine: initialized successfully - sym options: 0x614 - pdb path: .;C:\Program Files\Java\jdk-17.0.5\bin;C:\Windows\SYSTEM32;C:\Windows\WinSxS\amd64_microsoft.windows.common-controls_6595b64144ccf1df_6.0.19041.1110_none_60b5254171f9507e;C:\Program Files\Java\jdk-17.0.5\bin\server;C:\Users\rober\.gradle\native\68d5fa5c4cc2d200863cafc0d521ce42e7d3e7ee720ec0a83991735586a16f82\windows-amd64;C:\Users\rober\.gradle\native\jansi\1.18\windows64

VM Arguments:
jvm_args: -Xmx64m -Xms64m -Dorg.gradle.appname=gradle 
java_command: org.gradle.launcher.GradleMain bootrun
java_class_path (initial): C:\Gradle\gradle-7.6\lib\gradle-launcher-7.6.jar
Launcher Type: SUN_STANDARD

[Global flags]
     intx CICompilerCount                          = 4                                         {product} {ergonomic}
     uint ConcGCThreads                            = 2                                         {product} {ergonomic}
     uint G1ConcRefinementThreads                  = 8                                         {product} {ergonomic}
   size_t G1HeapRegionSize                         = 1048576                                   {product} {ergonomic}
    uintx GCDrainStackTargetSize                   = 64                                        {product} {ergonomic}
   size_t InitialHeapSize                          = 67108864                                  {product} {command line}
   size_t MarkStackSize                            = 4194304                                   {product} {ergonomic}
   size_t MaxHeapSize                              = 67108864                                  {product} {command line}
   size_t MaxNewSize                               = 39845888                                  {product} {ergonomic}
   size_t MinHeapDeltaBytes                        = 1048576                                   {product} {ergonomic}
   size_t MinHeapSize                              = 67108864                                  {product} {command line}
    uintx NonNMethodCodeHeapSize                   = 5839372                                {pd product} {ergonomic}
    uintx NonProfiledCodeHeapSize                  = 122909434                              {pd product} {ergonomic}
    uintx ProfiledCodeHeapSize                     = 122909434                              {pd product} {ergonomic}
    uintx ReservedCodeCacheSize                    = 251658240                              {pd product} {ergonomic}
     bool SegmentedCodeCache                       = true                                      {product} {ergonomic}
   size_t SoftMaxHeapSize                          = 67108864                               {manageable} {ergonomic}
     bool UseCompressedClassPointers               = true                           {product lp64_product} {ergonomic}
     bool UseCompressedOops                        = true                           {product lp64_product} {ergonomic}
     bool UseG1GC                                  = true                                      {product} {ergonomic}
     bool UseLargePagesIndividualAllocation        = false                                  {pd product} {ergonomic}

Logging:
Log output configuration:
 #0: stdout all=warning uptime,level,tags
 #1: stderr all=off uptime,level,tags

Environment Variables:
CLASSPATH=C:\Gradle\gradle-7.6\lib\gradle-launcher-7.6.jar
PATH=C:\Program Files\Common Files\Oracle\Java\javapath;C:\Windows\system32;C:\Windows;C:\Windows\System32\Wbem;C:\Windows\System32\WindowsPowerShell\v1.0\;C:\Windows\System32\OpenSSH\;C:\Gradle\gradle-7.6\bin;C:\Program Files\Git\cmd;C:\Php;C:\Program Files\OpenSSL-Win64\bin;C:\ProgramData\ComposerSetup\bin;C:\Program Files (x86)\Microsoft SQL Server\160\DTS\Binn\;C:\Program Files\Azure Data Studio\bin;C:\ProgramData\chocolatey\bin;C:\Program Files\Microsoft SQL Server\150\Tools\Binn\;C:\Program Files\Microsoft SQL Server\Client SDK\ODBC\170\Tools\Binn\;C:\Program Files\dotnet\;C:\Users\rober\AppData\Roaming\nvm;C:\Program Files\nodejs;C:\Users\rober\AppData\Local\Programs\Python\Python310\Scripts\;C:\Users\rober\AppData\Local\Programs\Python\Python310\;C:\Users\rober\AppData\Local\Microsoft\WindowsApps;C:\Users\rober\AppData\Local\Programs\Microsoft VS Code\bin;C:\Users\rober\AppData\Roaming\Composer\vendor\bin;C:\Users\rober\AppData\Roaming\npm;C:\Program Files\Azure Data Studio\bin;C:\Users\rober\.dotnet\tools;C:\Users\rober\AppData\Roaming\nvm;C:\Program Files\nodejs
USERNAME=rober
OS=Windows_NT
PROCESSOR_IDENTIFIER=AMD64 Family 23 Model 24 Stepping 1, AuthenticAMD



---------------  S Y S T E M  ---------------

OS:
 Windows 10 , 64 bit Build 19041 (10.0.19041.2913)
OS uptime: 0 days 2:06 hours

CPU: total 8 (initial active 8) (8 cores per cpu, 2 threads per core) family 23 model 24 stepping 1 microcode 0x0, cx8, cmov, fxsr, ht, mmx, 3dnowpref, sse, sse2, sse3, ssse3, sse4a, sse4.1, sse4.2, popcnt, lzcnt, tsc, tscinvbit, avx, avx2, aes, clmul, bmi1, bmi2, adx, sha, fma, vzeroupper, clflush, clflushopt

Memory: 4k page, system-wide physical 6091M (152M free)
TotalPageFile size 14283M (AvailPageFile size 60M)
current process WorkingSet (physical memory assigned to process): 36M, peak: 92M
current process commit charge ("private bytes"): 162M, peak: 185M

vm_info: Java HotSpot(TM) 64-Bit Server VM (17.0.5+9-LTS-191) for windows-amd64 JRE (17.0.5+9-LTS-191), built on Sep 13 2022 17:31:43 by "mach5one" with MS VC++ 16.8 / 16.9 (VS2019)

END.
