#
# There is insufficient memory for the Java Runtime Environment to continue.
# Native memory allocation (mmap) failed to map 65536 bytes for Failed to commit metaspace.
# Possible reasons:
#   The system is out of physical RAM or swap space
#   The process is running with CompressedOops enabled, and the Java Heap may be blocking the growth of the native heap
# Possible solutions:
#   Reduce memory load on the system
#   Increase physical memory or swap space
#   Check if swap backing store is full
#   Decrease Java heap size (-Xmx/-Xms)
#   Decrease number of Java threads
#   Decrease Java thread stack sizes (-Xss)
#   Set larger code cache with -XX:ReservedCodeCacheSize=
#   JVM is running with Unscaled Compressed Oops mode in which the Java heap is
#     placed in the first 4GB address space. The Java Heap base address is the
#     maximum limit for the native heap growth. Please use -XX:HeapBaseMinAddress
#     to set the Java Heap base and to place the Java Heap above 4GB virtual address.
# This output file may be truncated or incomplete.
#
#  Out of Memory Error (virtualSpaceNode.cpp:110), pid=11412, tid=10688
#
# JRE version: OpenJDK Runtime Environment Temurin-17.0.7+7 (17.0.7+7) (build 17.0.7+7)
# Java VM: OpenJDK 64-Bit Server VM Temurin-17.0.7+7 (17.0.7+7, mixed mode, tiered, compressed oops, compressed class ptrs, parallel gc, windows-amd64)
# No core dump will be written. Minidumps are not enabled by default on client versions of Windows
#

---------------  S U M M A R Y ------------

Command Line: --add-modules=ALL-SYSTEM --add-opens=java.base/java.util=ALL-UNNAMED --add-opens=java.base/java.lang=ALL-UNNAMED --add-opens=java.base/sun.nio.fs=ALL-UNNAMED -Declipse.application=org.eclipse.jdt.ls.core.id1 -Dosgi.bundles.defaultStartLevel=4 -Declipse.product=org.eclipse.jdt.ls.core.product -Djava.import.generatesMetadataFilesAtProjectRoot=false -Dfile.encoding=utf8 -XX:+UseParallelGC -XX:GCTimeRatio=4 -XX:AdaptiveSizePolicyWeight=90 -Dsun.zip.disableMemoryMapping=true -Xmx1G -Xms100m -Xlog:disable -javaagent:c:\Users\rober\.vscode\extensions\redhat.java-1.18.0-win32-x64\lombok\lombok-1.18.27.jar -XX:+HeapDumpOnOutOfMemoryError -XX:HeapDumpPath=c:\Users\rober\AppData\Roaming\Code\User\workspaceStorage\3524de9405b1f8b16a87b793a8cca7fd\redhat.java -Daether.dependencyCollector.impl=bf c:\Users\rober\.vscode\extensions\redhat.java-1.18.0-win32-x64\server\plugins\org.eclipse.equinox.launcher_1.6.400.v20210924-0641.jar -configuration c:\Users\rober\AppData\Roaming\Code\User\globalStorage\redhat.java\1.18.0\config_win -data c:\Users\rober\AppData\Roaming\Code\User\workspaceStorage\3524de9405b1f8b16a87b793a8cca7fd\redhat.java\jdt_ws

Host: AMD Ryzen 5 3500U with Radeon Vega Mobile Gfx  , 8 cores, 5G,  Windows 10 , 64 bit Build 19041 (10.0.19041.2913)
Time: Tue May 30 21:44:12 2023 SA Pacific Standard Time elapsed time: 1.779950 seconds (0d 0h 0m 1s)

---------------  T H R E A D  ---------------

Current thread (0x00000240c9b02a40):  JavaThread "main" [_thread_in_vm, id=10688, stack(0x000000864e500000,0x000000864e600000)]

Stack: [0x000000864e500000,0x000000864e600000]
Native frames: (J=compiled Java code, j=interpreted, Vv=VM code, C=native code)
V  [jvm.dll+0x67754a]
V  [jvm.dll+0x834304]
V  [jvm.dll+0x835aae]
V  [jvm.dll+0x836113]
V  [jvm.dll+0x24696f]
V  [jvm.dll+0x83039b]
V  [jvm.dll+0x61c006]
V  [jvm.dll+0x1c169e]
V  [jvm.dll+0x61e961]
V  [jvm.dll+0x61c9a6]
V  [jvm.dll+0x2442bc]
V  [jvm.dll+0x6cdf4d]
V  [jvm.dll+0x6ce97f]
V  [jvm.dll+0x371b23]
V  [jvm.dll+0x370bc4]
V  [jvm.dll+0x370b68]
V  [jvm.dll+0x380a8a]
C  0x00000240d54aae1b

Java frames: (J=compiled Java code, j=interpreted, Vv=VM code)
j  org.eclipse.osgi.internal.log.LogServiceManager.start(Lorg/osgi/framework/BundleContext;)V+169
j  org.eclipse.osgi.internal.log.EquinoxLogServices.start(Lorg/osgi/framework/BundleContext;)V+5
j  org.eclipse.osgi.internal.framework.SystemBundleActivator.start(Lorg/osgi/framework/BundleContext;)V+49
j  org.eclipse.osgi.internal.framework.BundleContextImpl$2.run()Ljava/lang/Void;+23
j  org.eclipse.osgi.internal.framework.BundleContextImpl$2.run()Ljava/lang/Object;+1
J 1186 c1 java.security.AccessController.executePrivileged(Ljava/security/PrivilegedExceptionAction;Ljava/security/AccessControlContext;Ljava/lang/Class;)Ljava/lang/Object; java.base@17.0.7 (65 bytes) @ 0x00000240ce176134 [0x00000240ce175fe0+0x0000000000000154]
j  java.security.AccessController.doPrivileged(Ljava/security/PrivilegedExceptionAction;)Ljava/lang/Object;+9 java.base@17.0.7
j  org.eclipse.osgi.internal.framework.BundleContextImpl.startActivator(Lorg/osgi/framework/BundleActivator;)V+9
j  org.eclipse.osgi.internal.framework.BundleContextImpl.start()V+134
j  org.eclipse.osgi.internal.framework.EquinoxBundle.startWorker0()V+35
j  org.eclipse.osgi.internal.framework.EquinoxBundle$SystemBundle$EquinoxSystemModule.initWorker()V+60
j  org.eclipse.osgi.container.SystemModule.init()V+333
j  org.eclipse.osgi.internal.framework.EquinoxBundle$SystemBundle.init([Lorg/osgi/framework/FrameworkListener;)V+84
j  org.eclipse.osgi.internal.framework.EquinoxBundle$SystemBundle.init()V+2
j  org.eclipse.osgi.launch.Equinox.init()V+4
j  org.eclipse.core.runtime.adaptor.EclipseStarter.startup([Ljava/lang/String;Ljava/lang/Runnable;)Lorg/osgi/framework/BundleContext;+37
j  org.eclipse.core.runtime.adaptor.EclipseStarter.run([Ljava/lang/String;Ljava/lang/Runnable;)Ljava/lang/Object;+21
v  ~StubRoutines::call_stub
j  jdk.internal.reflect.NativeMethodAccessorImpl.invoke0(Ljava/lang/reflect/Method;Ljava/lang/Object;[Ljava/lang/Object;)Ljava/lang/Object;+0 java.base@17.0.7
j  jdk.internal.reflect.NativeMethodAccessorImpl.invoke(Ljava/lang/Object;[Ljava/lang/Object;)Ljava/lang/Object;+133 java.base@17.0.7
j  jdk.internal.reflect.DelegatingMethodAccessorImpl.invoke(Ljava/lang/Object;[Ljava/lang/Object;)Ljava/lang/Object;+6 java.base@17.0.7
j  java.lang.reflect.Method.invoke(Ljava/lang/Object;[Ljava/lang/Object;)Ljava/lang/Object;+59 java.base@17.0.7
j  org.eclipse.equinox.launcher.Main.invokeFramework([Ljava/lang/String;[Ljava/net/URL;)V+201
j  org.eclipse.equinox.launcher.Main.basicRun([Ljava/lang/String;)V+159
j  org.eclipse.equinox.launcher.Main.run([Ljava/lang/String;)I+4
j  org.eclipse.equinox.launcher.Main.main([Ljava/lang/String;)V+10
v  ~StubRoutines::call_stub

---------------  P R O C E S S  ---------------

Threads class SMR info:
_java_thread_list=0x00000240e5fdf9f0, length=13, elements={
0x00000240c9b02a40, 0x00000240df8d4730, 0x00000240df8d6740, 0x00000240e4bf12d0,
0x00000240e4bf2050, 0x00000240e4bf4a30, 0x00000240e4bfb590, 0x00000240e4c05ee0,
0x00000240e4c08400, 0x00000240e4c08d20, 0x00000240e4ce6200, 0x00000240e4f69900,
0x00000240e5fe2cd0
}

Java Threads: ( => current thread )
=>0x00000240c9b02a40 JavaThread "main" [_thread_in_vm, id=10688, stack(0x000000864e500000,0x000000864e600000)]
  0x00000240df8d4730 JavaThread "Reference Handler" daemon [_thread_blocked, id=13896, stack(0x000000864e800000,0x000000864e900000)]
  0x00000240df8d6740 JavaThread "Finalizer" daemon [_thread_blocked, id=13728, stack(0x000000864e900000,0x000000864ea00000)]
  0x00000240e4bf12d0 JavaThread "Signal Dispatcher" daemon [_thread_blocked, id=13744, stack(0x000000864ea00000,0x000000864eb00000)]
  0x00000240e4bf2050 JavaThread "Attach Listener" daemon [_thread_blocked, id=14312, stack(0x000000864eb00000,0x000000864ec00000)]
  0x00000240e4bf4a30 JavaThread "Service Thread" daemon [_thread_blocked, id=2704, stack(0x000000864ec00000,0x000000864ed00000)]
  0x00000240e4bfb590 JavaThread "Monitor Deflation Thread" daemon [_thread_blocked, id=5824, stack(0x000000864ed00000,0x000000864ee00000)]
  0x00000240e4c05ee0 JavaThread "C2 CompilerThread0" daemon [_thread_blocked, id=9300, stack(0x000000864ee00000,0x000000864ef00000)]
  0x00000240e4c08400 JavaThread "C1 CompilerThread0" daemon [_thread_blocked, id=10560, stack(0x000000864ef00000,0x000000864f000000)]
  0x00000240e4c08d20 JavaThread "Sweeper thread" daemon [_thread_blocked, id=10804, stack(0x000000864f000000,0x000000864f100000)]
  0x00000240e4ce6200 JavaThread "Common-Cleaner" daemon [_thread_blocked, id=4036, stack(0x000000864f100000,0x000000864f200000)]
  0x00000240e4f69900 JavaThread "Notification Thread" daemon [_thread_blocked, id=10868, stack(0x000000864f200000,0x000000864f300000)]
  0x00000240e5fe2cd0 JavaThread "Active Thread: Equinox Container: af4e42e6-f9cb-4f40-96e8-6841a9b85c12" [_thread_blocked, id=3364, stack(0x000000864fa00000,0x000000864fb00000)]

Other Threads:
  0x00000240e4bd0cf0 VMThread "VM Thread" [stack: 0x000000864e700000,0x000000864e800000] [id=11404]
  0x00000240e4f66c90 WatcherThread [stack: 0x000000864f300000,0x000000864f400000] [id=12320]
  0x00000240c9b191e0 GCTaskThread "GC Thread#0" [stack: 0x000000864e600000,0x000000864e700000] [id=1420]
  0x00000240e5f11940 GCTaskThread "GC Thread#1" [stack: 0x000000864f400000,0x000000864f500000] [id=7008]
  0x00000240e5f12000 GCTaskThread "GC Thread#2" [stack: 0x000000864f500000,0x000000864f600000] [id=2260]
  0x00000240e5f122b0 GCTaskThread "GC Thread#3" [stack: 0x000000864f600000,0x000000864f700000] [id=11604]
  0x00000240e5f12560 GCTaskThread "GC Thread#4" [stack: 0x000000864f700000,0x000000864f800000] [id=11012]
  0x00000240e5f12810 GCTaskThread "GC Thread#5" [stack: 0x000000864f800000,0x000000864f900000] [id=12472]
  0x00000240e616cfe0 GCTaskThread "GC Thread#6" [stack: 0x000000864f900000,0x000000864fa00000] [id=2480]

Threads with active compile tasks:

VM state: not at safepoint (normal execution)

VM Mutex/Monitor currently owned by a thread:  ([mutex/lock_event])
[0x00000240c9afd5b0] Metaspace_lock - owner thread: 0x00000240c9b02a40

Heap address: 0x00000000c0000000, size: 1024 MB, Compressed Oops mode: 32-bit

CDS archive(s) not mapped
Compressed class space mapped at: 0x0000000100000000-0x0000000140000000, reserved size: 1073741824
Narrow klass base: 0x0000000000000000, Narrow klass shift: 3, Narrow klass range: 0x140000000

GC Precious Log:
 CPUs: 8 total, 8 available
 Memory: 6091M
 Large Page Support: Disabled
 NUMA Support: Disabled
 Compressed Oops: Enabled (32-bit)
 Alignments: Space 512K, Generation 512K, Heap 2M
 Heap Min Capacity: 100M
 Heap Initial Capacity: 100M
 Heap Max Capacity: 1G
 Pre-touch: Disabled
 Parallel Workers: 8

Heap:
 PSYoungGen      total 29696K, used 18502K [0x00000000eab00000, 0x00000000ecc00000, 0x0000000100000000)
  eden space 25600K, 59% used [0x00000000eab00000,0x00000000eb9eed18,0x00000000ec400000)
  from space 4096K, 78% used [0x00000000ec400000,0x00000000ec722c00,0x00000000ec800000)
  to   space 4096K, 0% used [0x00000000ec800000,0x00000000ec800000,0x00000000ecc00000)
 ParOldGen       total 68608K, used 16K [0x00000000c0000000, 0x00000000c4300000, 0x00000000eab00000)
  object space 68608K, 0% used [0x00000000c0000000,0x00000000c0004000,0x00000000c4300000)
 Metaspace       used 13308K, committed 13440K, reserved 1114112K
  class space    used 1319K, committed 1408K, reserved 1048576K

Card table byte_map: [0x00000240dd150000,0x00000240dd360000] _byte_map_base: 0x00000240dcb50000

Marking Bits: (ParMarkBitMap*) 0x00007ffc407f52c0
 Begin Bits: [0x00000240dd4c0000, 0x00000240de4c0000)
 End Bits:   [0x00000240de4c0000, 0x00000240df4c0000)

Polling page: 0x00000240c9bd0000

Metaspace:

Usage:
  Non-class:     11.71 MB used.
      Class:      1.29 MB used.
       Both:     13.00 MB used.

Virtual space:
  Non-class space:       64.00 MB reserved,      11.75 MB ( 18%) committed,  1 nodes.
      Class space:        1.00 GB reserved,       1.38 MB ( <1%) committed,  1 nodes.
             Both:        1.06 GB reserved,      13.12 MB (  1%) committed. 

Chunk freelists:
   Non-Class:  3.67 MB
       Class:  14.52 MB
        Both:  18.19 MB

MaxMetaspaceSize: unlimited
CompressedClassSpaceSize: 1.00 GB
Initial GC threshold: 21.00 MB
Current GC threshold: 21.00 MB
CDS: off
MetaspaceReclaimPolicy: balanced
 - commit_granule_bytes: 65536.
 - commit_granule_words: 8192.
 - virtual_space_node_default_size: 8388608.
 - enlarge_chunks_in_place: 1.
 - new_chunks_are_fully_committed: 0.
 - uncommit_free_chunks: 1.
 - use_allocation_guard: 0.
 - handle_deallocations: 1.


Internal statistics:

num_allocs_failed_limit: 0.
num_arena_births: 54.
num_arena_deaths: 0.
num_vsnodes_births: 2.
num_vsnodes_deaths: 0.
num_space_committed: 210.
num_space_uncommitted: 0.
num_chunks_returned_to_freelist: 0.
num_chunks_taken_from_freelist: 197.
num_chunk_merges: 0.
num_chunk_splits: 136.
num_chunks_enlarged: 110.
num_inconsistent_stats: 0.

CodeHeap 'non-profiled nmethods': size=120000Kb used=471Kb max_used=471Kb free=119528Kb
 bounds [0x00000240d5a30000, 0x00000240d5ca0000, 0x00000240dcf60000]
CodeHeap 'profiled nmethods': size=120000Kb used=2450Kb max_used=2450Kb free=117549Kb
 bounds [0x00000240cdf60000, 0x00000240ce1d0000, 0x00000240d5490000]
CodeHeap 'non-nmethods': size=5760Kb used=1153Kb max_used=1172Kb free=4606Kb
 bounds [0x00000240d5490000, 0x00000240d5700000, 0x00000240d5a30000]
 total_blobs=1796 nmethods=1351 adapters=360
 compilation: enabled
              stopped_count=0, restarted_count=0
 full_count=0

Compilation events (20 events):
Event: 1.757 Thread 0x00000240e4c08400 nmethod 1338 0x00000240ce1b5a10 code [0x00000240ce1b5c40, 0x00000240ce1b6168]
Event: 1.761 Thread 0x00000240e4c08400 1340       3       java.lang.ClassLoader::checkCerts (121 bytes)
Event: 1.762 Thread 0x00000240e4c08400 nmethod 1340 0x00000240ce1b6410 code [0x00000240ce1b6700, 0x00000240ce1b7528]
Event: 1.762 Thread 0x00000240e4c08400 1341       3       java.lang.ClassLoader::postDefineClass (39 bytes)
Event: 1.762 Thread 0x00000240e4c08400 nmethod 1341 0x00000240ce1b7a90 code [0x00000240ce1b7c80, 0x00000240ce1b7f98]
Event: 1.763 Thread 0x00000240e4c08400 1342       3       java.lang.ClassLoader::definePackage (85 bytes)
Event: 1.764 Thread 0x00000240e4c08400 nmethod 1342 0x00000240ce1b8190 code [0x00000240ce1b8460, 0x00000240ce1b9338]
Event: 1.766 Thread 0x00000240e4c08400 1343       3       java.lang.ClassNotFoundException::<init> (7 bytes)
Event: 1.766 Thread 0x00000240e4c08400 nmethod 1343 0x00000240ce1b9810 code [0x00000240ce1b99c0, 0x00000240ce1b9bc8]
Event: 1.767 Thread 0x00000240e4c08400 1345       3       java.lang.invoke.LambdaForm$BasicType::basicType (19 bytes)
Event: 1.767 Thread 0x00000240e4c08400 nmethod 1345 0x00000240ce1b9d10 code [0x00000240ce1b9ee0, 0x00000240ce1ba138]
Event: 1.767 Thread 0x00000240e4c08400 1347       3       java.lang.invoke.MethodTypeForm::canonicalizeAll (63 bytes)
Event: 1.768 Thread 0x00000240e4c08400 nmethod 1347 0x00000240ce1ba290 code [0x00000240ce1ba480, 0x00000240ce1baa78]
Event: 1.768 Thread 0x00000240e4c08400 1346       3       java.lang.invoke.MemberName::isResolved (13 bytes)
Event: 1.768 Thread 0x00000240e4c08400 nmethod 1346 0x00000240ce1bac90 code [0x00000240ce1bae20, 0x00000240ce1baf98]
Event: 1.769 Thread 0x00000240e4c08400 1348       3       sun.security.provider.DigestBase::engineReset (33 bytes)
Event: 1.769 Thread 0x00000240e4c08400 nmethod 1348 0x00000240ce1bb010 code [0x00000240ce1bb1c0, 0x00000240ce1bb458]
Event: 1.769 Thread 0x00000240e4c08400 1349       3       java.lang.invoke.MethodType$ConcurrentWeakInternSet::add (66 bytes)
Event: 1.770 Thread 0x00000240e4c08400 nmethod 1349 0x00000240ce1bb510 code [0x00000240ce1bb780, 0x00000240ce1bc4a8]
Event: 1.772 Thread 0x00000240e4c08400 1350   !   3       java.util.jar.JarVerifier::processEntry (440 bytes)

GC Heap History (2 events):
Event: 1.351 GC heap before
{Heap before GC invocations=1 (full 0):
 PSYoungGen      total 29696K, used 25600K [0x00000000eab00000, 0x00000000ecc00000, 0x0000000100000000)
  eden space 25600K, 100% used [0x00000000eab00000,0x00000000ec400000,0x00000000ec400000)
  from space 4096K, 0% used [0x00000000ec800000,0x00000000ec800000,0x00000000ecc00000)
  to   space 4096K, 0% used [0x00000000ec400000,0x00000000ec400000,0x00000000ec800000)
 ParOldGen       total 68608K, used 0K [0x00000000c0000000, 0x00000000c4300000, 0x00000000eab00000)
  object space 68608K, 0% used [0x00000000c0000000,0x00000000c0000000,0x00000000c4300000)
 Metaspace       used 11195K, committed 11392K, reserved 1114112K
  class space    used 1121K, committed 1216K, reserved 1048576K
}
Event: 1.360 GC heap after
{Heap after GC invocations=1 (full 0):
 PSYoungGen      total 29696K, used 3211K [0x00000000eab00000, 0x00000000ecc00000, 0x0000000100000000)
  eden space 25600K, 0% used [0x00000000eab00000,0x00000000eab00000,0x00000000ec400000)
  from space 4096K, 78% used [0x00000000ec400000,0x00000000ec722c00,0x00000000ec800000)
  to   space 4096K, 0% used [0x00000000ec800000,0x00000000ec800000,0x00000000ecc00000)
 ParOldGen       total 68608K, used 16K [0x00000000c0000000, 0x00000000c4300000, 0x00000000eab00000)
  object space 68608K, 0% used [0x00000000c0000000,0x00000000c0004000,0x00000000c4300000)
 Metaspace       used 11195K, committed 11392K, reserved 1114112K
  class space    used 1121K, committed 1216K, reserved 1048576K
}

Dll operation events (8 events):
Event: 0.009 Loaded shared library c:\Users\rober\.vscode\extensions\redhat.java-1.18.0-win32-x64\jre\17.0.7-win32-x86_64\bin\java.dll
Event: 0.194 Loaded shared library c:\Users\rober\.vscode\extensions\redhat.java-1.18.0-win32-x64\jre\17.0.7-win32-x86_64\bin\zip.dll
Event: 0.198 Loaded shared library C:\Users\rober\.vscode\extensions\redhat.java-1.18.0-win32-x64\jre\17.0.7-win32-x86_64\bin\instrument.dll
Event: 0.212 Loaded shared library C:\Users\rober\.vscode\extensions\redhat.java-1.18.0-win32-x64\jre\17.0.7-win32-x86_64\bin\net.dll
Event: 0.214 Loaded shared library C:\Users\rober\.vscode\extensions\redhat.java-1.18.0-win32-x64\jre\17.0.7-win32-x86_64\bin\nio.dll
Event: 0.223 Loaded shared library C:\Users\rober\.vscode\extensions\redhat.java-1.18.0-win32-x64\jre\17.0.7-win32-x86_64\bin\zip.dll
Event: 0.243 Loaded shared library C:\Users\rober\.vscode\extensions\redhat.java-1.18.0-win32-x64\jre\17.0.7-win32-x86_64\bin\jimage.dll
Event: 0.335 Loaded shared library c:\Users\rober\.vscode\extensions\redhat.java-1.18.0-win32-x64\jre\17.0.7-win32-x86_64\bin\verify.dll

Deoptimization events (20 events):
Event: 1.490 Thread 0x00000240c9b02a40 Uncommon trap: trap_request=0xffffff45 fr.pc=0x00000240d5a5b838 relative=0x0000000000000b98
Event: 1.490 Thread 0x00000240c9b02a40 Uncommon trap: reason=unstable_if action=reinterpret pc=0x00000240d5a5b838 method=lombok.patcher.PatchScript.classMatches(Ljava/lang/String;Ljava/util/Collection;)Z @ 25 c2
Event: 1.490 Thread 0x00000240c9b02a40 DEOPT PACKING pc=0x00000240d5a5b838 sp=0x000000864e5f8790
Event: 1.490 Thread 0x00000240c9b02a40 DEOPT UNPACKING pc=0x00000240d54e66a3 sp=0x000000864e5f8750 mode 2
Event: 1.490 Thread 0x00000240c9b02a40 Uncommon trap: trap_request=0xffffff45 fr.pc=0x00000240d5a64a14 relative=0x0000000000000074
Event: 1.490 Thread 0x00000240c9b02a40 Uncommon trap: reason=unstable_if action=reinterpret pc=0x00000240d5a64a14 method=lombok.patcher.scripts.MethodLevelPatchScript.patch(Ljava/lang/String;[BLlombok/patcher/TransplantMapper;)[B @ 8 c2
Event: 1.490 Thread 0x00000240c9b02a40 DEOPT PACKING pc=0x00000240d5a64a14 sp=0x000000864e5f8800
Event: 1.490 Thread 0x00000240c9b02a40 DEOPT UNPACKING pc=0x00000240d54e66a3 sp=0x000000864e5f8790 mode 2
Event: 1.769 Thread 0x00000240c9b02a40 Uncommon trap: trap_request=0xffffffde fr.pc=0x00000240d5a760c8 relative=0x0000000000000908
Event: 1.769 Thread 0x00000240c9b02a40 Uncommon trap: reason=class_check action=maybe_recompile pc=0x00000240d5a760c8 method=java.util.HashMap.putVal(ILjava/lang/Object;Ljava/lang/Object;ZZ)Ljava/lang/Object; @ 253 c2
Event: 1.769 Thread 0x00000240c9b02a40 DEOPT PACKING pc=0x00000240d5a760c8 sp=0x000000864e5fe0e0
Event: 1.769 Thread 0x00000240c9b02a40 DEOPT UNPACKING pc=0x00000240d54e66a3 sp=0x000000864e5fe060 mode 2
Event: 1.771 Thread 0x00000240c9b02a40 Uncommon trap: trap_request=0xffffffde fr.pc=0x00000240d5a760c8 relative=0x0000000000000908
Event: 1.771 Thread 0x00000240c9b02a40 Uncommon trap: reason=class_check action=maybe_recompile pc=0x00000240d5a760c8 method=java.util.HashMap.putVal(ILjava/lang/Object;Ljava/lang/Object;ZZ)Ljava/lang/Object; @ 253 c2
Event: 1.771 Thread 0x00000240c9b02a40 DEOPT PACKING pc=0x00000240d5a760c8 sp=0x000000864e5fe0e0
Event: 1.771 Thread 0x00000240c9b02a40 DEOPT UNPACKING pc=0x00000240d54e66a3 sp=0x000000864e5fe060 mode 2
Event: 1.772 Thread 0x00000240c9b02a40 Uncommon trap: trap_request=0xffffffde fr.pc=0x00000240d5a760c8 relative=0x0000000000000908
Event: 1.772 Thread 0x00000240c9b02a40 Uncommon trap: reason=class_check action=maybe_recompile pc=0x00000240d5a760c8 method=java.util.HashMap.putVal(ILjava/lang/Object;Ljava/lang/Object;ZZ)Ljava/lang/Object; @ 253 c2
Event: 1.772 Thread 0x00000240c9b02a40 DEOPT PACKING pc=0x00000240d5a760c8 sp=0x000000864e5fdfe0
Event: 1.772 Thread 0x00000240c9b02a40 DEOPT UNPACKING pc=0x00000240d54e66a3 sp=0x000000864e5fdf60 mode 2

Classes unloaded (0 events):
No events

Classes redefined (0 events):
No events

Internal exceptions (20 events):
Event: 0.404 Thread 0x00000240c9b02a40 Exception <a 'java/lang/reflect/InvocationTargetException'{0x00000000eaf78ed0}> (0x00000000eaf78ed0) 
thrown [s\src\hotspot\share\runtime\reflection.cpp, line 1121]
Event: 0.742 Thread 0x00000240c9b02a40 Exception <a 'java/lang/ClassNotFoundException'{0x00000000eb78db20}: sun/net/www/protocol/c/Handler> (0x00000000eb78db20) 
thrown [s\src\hotspot\share\classfile\systemDictionary.cpp, line 256]
Event: 0.747 Thread 0x00000240c9b02a40 Exception <a 'java/io/FileNotFoundException'{0x00000000eb7a8b70}> (0x00000000eb7a8b70) 
thrown [s\src\hotspot\share\prims\jni.cpp, line 516]
Event: 0.748 Thread 0x00000240c9b02a40 Exception <a 'java/io/FileNotFoundException'{0x00000000eb7a9880}> (0x00000000eb7a9880) 
thrown [s\src\hotspot\share\prims\jni.cpp, line 516]
Event: 0.748 Thread 0x00000240c9b02a40 Exception <a 'java/io/FileNotFoundException'{0x00000000eb7aa570}> (0x00000000eb7aa570) 
thrown [s\src\hotspot\share\prims\jni.cpp, line 516]
Event: 0.749 Thread 0x00000240c9b02a40 Exception <a 'java/io/FileNotFoundException'{0x00000000eb7ab230}> (0x00000000eb7ab230) 
thrown [s\src\hotspot\share\prims\jni.cpp, line 516]
Event: 0.754 Thread 0x00000240c9b02a40 Implicit null exception at 0x00000240d5a54e72 to 0x00000240d5a55390
Event: 0.758 Thread 0x00000240c9b02a40 Exception <a 'java/io/FileNotFoundException'{0x00000000eb7e5c60}> (0x00000000eb7e5c60) 
thrown [s\src\hotspot\share\prims\jni.cpp, line 516]
Event: 1.082 Thread 0x00000240c9b02a40 Exception <a 'java/lang/ClassNotFoundException'{0x00000000ec010790}: sun/net/www/protocol/c/Handler> (0x00000000ec010790) 
thrown [s\src\hotspot\share\classfile\systemDictionary.cpp, line 256]
Event: 1.083 Thread 0x00000240c9b02a40 Exception <a 'java/lang/ClassNotFoundException'{0x00000000ec011aa8}: sun/net/www/protocol/d/Handler> (0x00000000ec011aa8) 
thrown [s\src\hotspot\share\classfile\systemDictionary.cpp, line 256]
Event: 1.084 Thread 0x00000240c9b02a40 Exception <a 'java/lang/ClassNotFoundException'{0x00000000ec012bd8}: sun/net/www/protocol/c/Handler> (0x00000000ec012bd8) 
thrown [s\src\hotspot\share\classfile\systemDictionary.cpp, line 256]
Event: 1.107 Thread 0x00000240c9b02a40 Exception <a 'java/io/FileNotFoundException'{0x00000000ec0390a0}> (0x00000000ec0390a0) 
thrown [s\src\hotspot\share\prims\jni.cpp, line 516]
Event: 1.278 Thread 0x00000240c9b02a40 Exception <a 'java/lang/NoSuchMethodError'{0x00000000ec3062e0}: 'int java.lang.invoke.DirectMethodHandle$Holder.invokeStaticInit(java.lang.Object, java.lang.Object, java.lang.Object, java.lang.Object)'> (0x00000000ec3062e0) 
thrown [s\src\hotspot\share\interpreter\linkResolver.cpp, line 759]
Event: 1.287 Thread 0x00000240c9b02a40 Exception <a 'java/lang/NoSuchMethodError'{0x00000000ec310950}: 'java.lang.Object java.lang.invoke.DirectMethodHandle$Holder.invokeInterface(java.lang.Object, java.lang.Object)'> (0x00000000ec310950) 
thrown [s\src\hotspot\share\interpreter\linkResolver.cpp, line 759]
Event: 1.288 Thread 0x00000240c9b02a40 Exception <a 'java/lang/IncompatibleClassChangeError'{0x00000000ec314148}: Found class java.lang.Object, but interface was expected> (0x00000000ec314148) 
thrown [s\src\hotspot\share\interpreter\linkResolver.cpp, line 826]
Event: 1.291 Thread 0x00000240c9b02a40 Exception <a 'java/lang/NoSuchMethodError'{0x00000000ec318640}: 'void java.lang.invoke.DirectMethodHandle$Holder.invokeStatic(java.lang.Object, java.lang.Object)'> (0x00000000ec318640) 
thrown [s\src\hotspot\share\interpreter\linkResolver.cpp, line 759]
Event: 1.292 Thread 0x00000240c9b02a40 Exception <a 'java/lang/NoSuchMethodError'{0x00000000ec31be40}: 'void java.lang.invoke.DirectMethodHandle$Holder.invokeStaticInit(java.lang.Object, java.lang.Object)'> (0x00000000ec31be40) 
thrown [s\src\hotspot\share\interpreter\linkResolver.cpp, line 759]
Event: 1.294 Thread 0x00000240c9b02a40 Exception <a 'java/lang/NoSuchMethodError'{0x00000000ec323298}: 'int java.lang.invoke.DirectMethodHandle$Holder.invokeStaticInit(java.lang.Object, java.lang.Object)'> (0x00000000ec323298) 
thrown [s\src\hotspot\share\interpreter\linkResolver.cpp, line 759]
Event: 1.379 Thread 0x00000240c9b02a40 Exception <a 'java/lang/NoSuchMethodError'{0x00000000eab68e88}: 'void java.lang.invoke.DirectMethodHandle$Holder.invokeSpecial(java.lang.Object, java.lang.Object, java.lang.Object)'> (0x00000000eab68e88) 
thrown [s\src\hotspot\share\interpreter\linkResolver.cpp, line 759]
Event: 1.752 Thread 0x00000240c9b02a40 Exception <a 'java/lang/NoSuchMethodError'{0x00000000eb8cb268}: 'java.lang.Object java.lang.invoke.DirectMethodHandle$Holder.newInvokeSpecial(java.lang.Object, int, java.lang.Object)'> (0x00000000eb8cb268) 
thrown [s\src\hotspot\share\interpreter\linkResolver.cpp, line 759]

VM Operations (16 events):
Event: 0.170 Executing VM operation: HandshakeAllThreads
Event: 0.170 Executing VM operation: HandshakeAllThreads done
Event: 0.274 Executing VM operation: HandshakeAllThreads
Event: 0.274 Executing VM operation: HandshakeAllThreads done
Event: 0.737 Executing VM operation: HandshakeAllThreads
Event: 0.737 Executing VM operation: HandshakeAllThreads done
Event: 1.351 Executing VM operation: ParallelGCFailedAllocation
Event: 1.360 Executing VM operation: ParallelGCFailedAllocation done
Event: 1.726 Executing VM operation: HandshakeAllThreads
Event: 1.726 Executing VM operation: HandshakeAllThreads done
Event: 1.726 Executing VM operation: HandshakeAllThreads
Event: 1.726 Executing VM operation: HandshakeAllThreads done
Event: 1.734 Executing VM operation: HandshakeAllThreads
Event: 1.734 Executing VM operation: HandshakeAllThreads done
Event: 1.747 Executing VM operation: HandshakeAllThreads
Event: 1.747 Executing VM operation: HandshakeAllThreads done

Events (20 events):
Event: 1.722 loading class java/util/concurrent/ForkJoinPool$DefaultForkJoinWorkerThreadFactory
Event: 1.722 loading class java/util/concurrent/ForkJoinPool$ForkJoinWorkerThreadFactory
Event: 1.722 loading class java/util/concurrent/ForkJoinPool$ForkJoinWorkerThreadFactory done
Event: 1.722 loading class java/util/concurrent/ForkJoinPool$DefaultForkJoinWorkerThreadFactory done
Event: 1.722 loading class java/util/concurrent/ForkJoinPool$1
Event: 1.722 loading class java/util/concurrent/ForkJoinPool$1 done
Event: 1.722 loading class java/util/concurrent/ForkJoinPool$DefaultCommonPoolForkJoinWorkerThreadFactory
Event: 1.722 loading class java/util/concurrent/ForkJoinPool$DefaultCommonPoolForkJoinWorkerThreadFactory done
Event: 1.722 loading class java/util/concurrent/ForkJoinPool$WorkQueue
Event: 1.723 loading class java/util/concurrent/ForkJoinPool$WorkQueue done
Event: 1.723 loading class java/util/concurrent/ForkJoinWorkerThread
Event: 1.723 loading class java/util/concurrent/ForkJoinWorkerThread done
Event: 1.733 loading class java/util/ArrayList$ListItr
Event: 1.733 loading class java/util/ArrayList$ListItr done
Event: 1.746 loading class java/util/LinkedList
Event: 1.746 loading class java/util/AbstractSequentialList
Event: 1.747 loading class java/util/AbstractSequentialList done
Event: 1.747 loading class java/util/LinkedList done
Event: 1.771 loading class java/util/ConcurrentModificationException
Event: 1.771 loading class java/util/ConcurrentModificationException done


Dynamic libraries:
0x00007ff793c00000 - 0x00007ff793c0e000 	c:\Users\rober\.vscode\extensions\redhat.java-1.18.0-win32-x64\jre\17.0.7-win32-x86_64\bin\java.exe
0x00007ffc85770000 - 0x00007ffc85968000 	C:\Windows\SYSTEM32\ntdll.dll
0x00007ffc85650000 - 0x00007ffc8570f000 	C:\Windows\System32\KERNEL32.DLL
0x00007ffc82fc0000 - 0x00007ffc832b6000 	C:\Windows\System32\KERNELBASE.dll
0x00007ffc83420000 - 0x00007ffc83520000 	C:\Windows\System32\ucrtbase.dll
0x00007ffc65800000 - 0x00007ffc65817000 	c:\Users\rober\.vscode\extensions\redhat.java-1.18.0-win32-x64\jre\17.0.7-win32-x86_64\bin\jli.dll
0x00007ffc65820000 - 0x00007ffc65839000 	c:\Users\rober\.vscode\extensions\redhat.java-1.18.0-win32-x64\jre\17.0.7-win32-x86_64\bin\VCRUNTIME140.dll
0x00007ffc83cb0000 - 0x00007ffc83e4d000 	C:\Windows\System32\USER32.dll
0x00007ffc714c0000 - 0x00007ffc7175a000 	C:\Windows\WinSxS\amd64_microsoft.windows.common-controls_6595b64144ccf1df_6.0.19041.1110_none_60b5254171f9507e\COMCTL32.dll
0x00007ffc83520000 - 0x00007ffc83542000 	C:\Windows\System32\win32u.dll
0x00007ffc84950000 - 0x00007ffc849ee000 	C:\Windows\System32\msvcrt.dll
0x00007ffc85620000 - 0x00007ffc8564c000 	C:\Windows\System32\GDI32.dll
0x00007ffc82e50000 - 0x00007ffc82f65000 	C:\Windows\System32\gdi32full.dll
0x00007ffc83550000 - 0x00007ffc835ed000 	C:\Windows\System32\msvcp_win.dll
0x00007ffc855f0000 - 0x00007ffc85620000 	C:\Windows\System32\IMM32.DLL
0x00007ffc7ce30000 - 0x00007ffc7ce3c000 	c:\Users\rober\.vscode\extensions\redhat.java-1.18.0-win32-x64\jre\17.0.7-win32-x86_64\bin\vcruntime140_1.dll
0x00007ffc60c40000 - 0x00007ffc60cd1000 	c:\Users\rober\.vscode\extensions\redhat.java-1.18.0-win32-x64\jre\17.0.7-win32-x86_64\bin\msvcp140.dll
0x00007ffc3fc70000 - 0x00007ffc408b8000 	c:\Users\rober\.vscode\extensions\redhat.java-1.18.0-win32-x64\jre\17.0.7-win32-x86_64\bin\server\jvm.dll
0x00007ffc83e50000 - 0x00007ffc83eff000 	C:\Windows\System32\ADVAPI32.dll
0x00007ffc85330000 - 0x00007ffc853cc000 	C:\Windows\System32\sechost.dll
0x00007ffc84120000 - 0x00007ffc84246000 	C:\Windows\System32\RPCRT4.dll
0x00007ffc6d000000 - 0x00007ffc6d009000 	C:\Windows\SYSTEM32\WSOCK32.dll
0x00007ffc840b0000 - 0x00007ffc8411b000 	C:\Windows\System32\WS2_32.dll
0x00007ffc7b5b0000 - 0x00007ffc7b5ba000 	C:\Windows\SYSTEM32\VERSION.dll
0x00007ffc7b250000 - 0x00007ffc7b277000 	C:\Windows\SYSTEM32\WINMM.dll
0x00007ffc816a0000 - 0x00007ffc816b2000 	C:\Windows\SYSTEM32\kernel.appcore.dll
0x00007ffc6c190000 - 0x00007ffc6c19a000 	c:\Users\rober\.vscode\extensions\redhat.java-1.18.0-win32-x64\jre\17.0.7-win32-x86_64\bin\jimage.dll
0x00007ffc80ae0000 - 0x00007ffc80cc4000 	C:\Windows\SYSTEM32\DBGHELP.DLL
0x00007ffc6a460000 - 0x00007ffc6a494000 	C:\Windows\SYSTEM32\dbgcore.DLL
0x00007ffc83660000 - 0x00007ffc836e2000 	C:\Windows\System32\bcryptPrimitives.dll
0x00007ffc65230000 - 0x00007ffc6523e000 	c:\Users\rober\.vscode\extensions\redhat.java-1.18.0-win32-x64\jre\17.0.7-win32-x86_64\bin\instrument.dll
0x00007ffc60c10000 - 0x00007ffc60c35000 	c:\Users\rober\.vscode\extensions\redhat.java-1.18.0-win32-x64\jre\17.0.7-win32-x86_64\bin\java.dll
0x00007ffc60bf0000 - 0x00007ffc60c08000 	c:\Users\rober\.vscode\extensions\redhat.java-1.18.0-win32-x64\jre\17.0.7-win32-x86_64\bin\zip.dll
0x00007ffc84ac0000 - 0x00007ffc85204000 	C:\Windows\System32\SHELL32.dll
0x00007ffc80ef0000 - 0x00007ffc81683000 	C:\Windows\SYSTEM32\windows.storage.dll
0x00007ffc837d0000 - 0x00007ffc83b24000 	C:\Windows\System32\combase.dll
0x00007ffc827d0000 - 0x00007ffc827fe000 	C:\Windows\SYSTEM32\Wldp.dll
0x00007ffc848a0000 - 0x00007ffc8494d000 	C:\Windows\System32\SHCORE.dll
0x00007ffc85580000 - 0x00007ffc855d5000 	C:\Windows\System32\shlwapi.dll
0x00007ffc82d90000 - 0x00007ffc82daf000 	C:\Windows\SYSTEM32\profapi.dll
0x00007ffc60b40000 - 0x00007ffc60b59000 	C:\Users\rober\.vscode\extensions\redhat.java-1.18.0-win32-x64\jre\17.0.7-win32-x86_64\bin\net.dll
0x00007ffc79230000 - 0x00007ffc7933a000 	C:\Windows\SYSTEM32\WINHTTP.dll
0x00007ffc82530000 - 0x00007ffc8259a000 	C:\Windows\system32\mswsock.dll
0x00007ffc60b20000 - 0x00007ffc60b35000 	C:\Users\rober\.vscode\extensions\redhat.java-1.18.0-win32-x64\jre\17.0.7-win32-x86_64\bin\nio.dll
0x00007ffc60d50000 - 0x00007ffc60d60000 	c:\Users\rober\.vscode\extensions\redhat.java-1.18.0-win32-x64\jre\17.0.7-win32-x86_64\bin\verify.dll

dbghelp: loaded successfully - version: 4.0.5 - missing functions: none
symbol engine: initialized successfully - sym options: 0x614 - pdb path: .;c:\Users\rober\.vscode\extensions\redhat.java-1.18.0-win32-x64\jre\17.0.7-win32-x86_64\bin;C:\Windows\SYSTEM32;C:\Windows\WinSxS\amd64_microsoft.windows.common-controls_6595b64144ccf1df_6.0.19041.1110_none_60b5254171f9507e;c:\Users\rober\.vscode\extensions\redhat.java-1.18.0-win32-x64\jre\17.0.7-win32-x86_64\bin\server

VM Arguments:
jvm_args: --add-modules=ALL-SYSTEM --add-opens=java.base/java.util=ALL-UNNAMED --add-opens=java.base/java.lang=ALL-UNNAMED --add-opens=java.base/sun.nio.fs=ALL-UNNAMED -Declipse.application=org.eclipse.jdt.ls.core.id1 -Dosgi.bundles.defaultStartLevel=4 -Declipse.product=org.eclipse.jdt.ls.core.product -Djava.import.generatesMetadataFilesAtProjectRoot=false -Dfile.encoding=utf8 -XX:+UseParallelGC -XX:GCTimeRatio=4 -XX:AdaptiveSizePolicyWeight=90 -Dsun.zip.disableMemoryMapping=true -Xmx1G -Xms100m -Xlog:disable -javaagent:c:\Users\rober\.vscode\extensions\redhat.java-1.18.0-win32-x64\lombok\lombok-1.18.27.jar -XX:+HeapDumpOnOutOfMemoryError -XX:HeapDumpPath=c:\Users\rober\AppData\Roaming\Code\User\workspaceStorage\3524de9405b1f8b16a87b793a8cca7fd\redhat.java -Daether.dependencyCollector.impl=bf 
java_command: c:\Users\rober\.vscode\extensions\redhat.java-1.18.0-win32-x64\server\plugins\org.eclipse.equinox.launcher_1.6.400.v20210924-0641.jar -configuration c:\Users\rober\AppData\Roaming\Code\User\globalStorage\redhat.java\1.18.0\config_win -data c:\Users\rober\AppData\Roaming\Code\User\workspaceStorage\3524de9405b1f8b16a87b793a8cca7fd\redhat.java\jdt_ws
java_class_path (initial): c:\Users\rober\.vscode\extensions\redhat.java-1.18.0-win32-x64\server\plugins\org.eclipse.equinox.launcher_1.6.400.v20210924-0641.jar
Launcher Type: SUN_STANDARD

[Global flags]
    uintx AdaptiveSizePolicyWeight                 = 90                                        {product} {command line}
     intx CICompilerCount                          = 4                                         {product} {ergonomic}
    uintx GCTimeRatio                              = 4                                         {product} {command line}
     bool HeapDumpOnOutOfMemoryError               = true                                   {manageable} {command line}
    ccstr HeapDumpPath                             = c:\Users\rober\AppData\Roaming\Code\User\workspaceStorage\3524de9405b1f8b16a87b793a8cca7fd\redhat.java         {manageable} {command line}
   size_t InitialHeapSize                          = 104857600                                 {product} {command line}
   size_t MaxHeapSize                              = 1073741824                                {product} {command line}
   size_t MaxNewSize                               = 357564416                                 {product} {ergonomic}
   size_t MinHeapDeltaBytes                        = 524288                                    {product} {ergonomic}
   size_t MinHeapSize                              = 104857600                                 {product} {command line}
   size_t NewSize                                  = 34603008                                  {product} {ergonomic}
    uintx NonNMethodCodeHeapSize                   = 5839372                                {pd product} {ergonomic}
    uintx NonProfiledCodeHeapSize                  = 122909434                              {pd product} {ergonomic}
   size_t OldSize                                  = 70254592                                  {product} {ergonomic}
    uintx ProfiledCodeHeapSize                     = 122909434                              {pd product} {ergonomic}
    uintx ReservedCodeCacheSize                    = 251658240                              {pd product} {ergonomic}
     bool SegmentedCodeCache                       = true                                      {product} {ergonomic}
   size_t SoftMaxHeapSize                          = 1073741824                             {manageable} {ergonomic}
     bool UseCompressedClassPointers               = true                           {product lp64_product} {ergonomic}
     bool UseCompressedOops                        = true                           {product lp64_product} {ergonomic}
     bool UseLargePagesIndividualAllocation        = false                                  {pd product} {ergonomic}
     bool UseParallelGC                            = true                                      {product} {command line}

Logging:
Log output configuration:
 #0: stdout all=off uptime,level,tags
 #1: stderr all=off uptime,level,tags

Environment Variables:
PATH=C:\Program Files\Common Files\Oracle\Java\javapath;C:\Windows\system32;C:\Windows;C:\Windows\System32\Wbem;C:\Windows\System32\WindowsPowerShell\v1.0\;C:\Windows\System32\OpenSSH\;C:\Gradle\gradle-7.6\bin;C:\Program Files\Git\cmd;C:\Php;C:\Program Files\OpenSSL-Win64\bin;C:\ProgramData\ComposerSetup\bin;C:\Program Files (x86)\Microsoft SQL Server\160\DTS\Binn\;C:\Program Files\Azure Data Studio\bin;C:\ProgramData\chocolatey\bin;C:\Program Files\Microsoft SQL Server\150\Tools\Binn\;C:\Program Files\Microsoft SQL Server\Client SDK\ODBC\170\Tools\Binn\;C:\Program Files\dotnet\;C:\Users\rober\AppData\Roaming\nvm;C:\Program Files\nodejs;C:\Users\rober\AppData\Local\Programs\Python\Python310\Scripts\;C:\Users\rober\AppData\Local\Programs\Python\Python310\;C:\Users\rober\AppData\Local\Microsoft\WindowsApps;C:\Users\rober\AppData\Local\Programs\Microsoft VS Code\bin;C:\Users\rober\AppData\Roaming\Composer\vendor\bin;C:\Users\rober\AppData\Roaming\npm;C:\Program Files\Azure Data Studio\bin;C:\Users\rober\.dotnet\tools;C:\Users\rober\AppData\Roaming\nvm;C:\Program Files\nodejs
USERNAME=rober
OS=Windows_NT
PROCESSOR_IDENTIFIER=AMD64 Family 23 Model 24 Stepping 1, AuthenticAMD
TMP=C:\Users\rober\AppData\Local\Temp
TEMP=C:\Users\rober\AppData\Local\Temp



---------------  S Y S T E M  ---------------

OS:
 Windows 10 , 64 bit Build 19041 (10.0.19041.2913)
OS uptime: 0 days 9:45 hours

CPU: total 8 (initial active 8) (8 cores per cpu, 2 threads per core) family 23 model 24 stepping 1 microcode 0x0, cx8, cmov, fxsr, ht, mmx, 3dnowpref, sse, sse2, sse3, ssse3, sse4a, sse4.1, sse4.2, popcnt, lzcnt, tsc, tscinvbit, avx, avx2, aes, clmul, bmi1, bmi2, adx, sha, fma, vzeroupper, clflush, clflushopt

Memory: 4k page, system-wide physical 6091M (188M free)
TotalPageFile size 14283M (AvailPageFile size 0M)
current process WorkingSet (physical memory assigned to process): 81M, peak: 81M
current process commit charge ("private bytes"): 203M, peak: 203M

vm_info: OpenJDK 64-Bit Server VM (17.0.7+7) for windows-amd64 JRE (17.0.7+7), built on Apr 18 2023 22:10:42 by "temurin" with MS VC++ 16.7 (VS2019)

END.
